

================================================================
== Vitis HLS Report for 'window_fn_ap_fixed_16_1_5_3_0_ap_fixed_16_1_5_3_0_ap_fixed_16_1_5_0_0_1024_2_2_s'
================================================================
* Date:           Sat Mar 26 21:15:23 2022

* Version:        2021.2 (Build 3367213 on Tue Oct 19 02:48:09 MDT 2021)
* Project:        fe_vhls_prj
* Solution:       IPXACTExport (Vivado IP Flow Target)
* Product family: zynq
* Target device:  xc7z020-clg484-1


================================================================
== Performance Estimates
================================================================
+ Timing: 
    * Summary: 
    +--------+---------+----------+------------+
    |  Clock |  Target | Estimated| Uncertainty|
    +--------+---------+----------+------------+
    |ap_clk  |  4.00 ns|  2.150 ns|     1.08 ns|
    +--------+---------+----------+------------+

+ Latency: 
    * Summary: 
    +---------+---------+----------+----------+-----+-----+------------------------------------------+
    |  Latency (cycles) |  Latency (absolute) |  Interval |                 Pipeline                 |
    |   min   |   max   |    min   |    max   | min | max |                   Type                   |
    +---------+---------+----------+----------+-----+-----+------------------------------------------+
    |      518|      519|  2.072 us|  2.076 us|  512|  512|  loop rewind stp(delay=1 clock cycles(s))|
    +---------+---------+----------+----------+-----+-----+------------------------------------------+

    + Detail: 
        * Instance: 
        N/A

        * Loop: 
        +----------------+---------+---------+----------+-----------+-----------+------+----------+
        |                |  Latency (cycles) | Iteration|  Initiation Interval  | Trip |          |
        |    Loop Name   |   min   |   max   |  Latency |  achieved |   target  | Count| Pipelined|
        +----------------+---------+---------+----------+-----------+-----------+------+----------+
        |- apply_win_fn  |      518|      518|         8|          1|          1|   512|       yes|
        +----------------+---------+---------+----------+-----------+-----------+------+----------+



================================================================
== Utilization Estimates
================================================================
* Summary: 
+-----------------+---------+-----+--------+-------+-----+
|       Name      | BRAM_18K| DSP |   FF   |  LUT  | URAM|
+-----------------+---------+-----+--------+-------+-----+
|DSP              |        -|    2|       -|      -|    -|
|Expression       |        -|    -|       0|     18|    -|
|FIFO             |        -|    -|       -|      -|    -|
|Instance         |        -|    -|       -|      -|    -|
|Memory           |        2|    -|      30|      0|    -|
|Multiplexer      |        -|    -|       -|     73|    -|
|Register         |        -|    -|     263|     64|    -|
+-----------------+---------+-----+--------+-------+-----+
|Total            |        2|    2|     293|    155|    0|
+-----------------+---------+-----+--------+-------+-----+
|Available        |      280|  220|  106400|  53200|    0|
+-----------------+---------+-----+--------+-------+-----+
|Utilization (%)  |       ~0|   ~0|      ~0|     ~0|    0|
+-----------------+---------+-----+--------+-------+-----+

+ Detail: 
    * Instance: 
    N/A

    * DSP: 
    +-----------------------------+-------------------------+-----------+
    |           Instance          |          Module         | Expression|
    +-----------------------------+-------------------------+-----------+
    |mul_mul_16s_15ns_31_4_1_U14  |mul_mul_16s_15ns_31_4_1  |    i0 * i1|
    |mul_mul_16s_15ns_31_4_1_U15  |mul_mul_16s_15ns_31_4_1  |    i0 * i1|
    +-----------------------------+-------------------------+-----------+

    * Memory: 
    +---------------+----------------------------------------------------------------------------------+---------+----+----+-----+------+-----+------+-------------+
    |     Memory    |                                      Module                                      | BRAM_18K| FF | LUT| URAM| Words| Bits| Banks| W*Bits*Banks|
    +---------------+----------------------------------------------------------------------------------+---------+----+----+-----+------+-----+------+-------------+
    |coeff_tab_0_U  |window_fn_ap_fixed_16_1_5_3_0_ap_fixed_16_1_5_3_0_ap_fixed_16_1_5_0_0_1024_2_bkb  |        1|  15|   0|    0|   512|   15|     1|         7680|
    |coeff_tab_1_U  |window_fn_ap_fixed_16_1_5_3_0_ap_fixed_16_1_5_3_0_ap_fixed_16_1_5_0_0_1024_2_cud  |        1|  15|   0|    0|   512|   15|     1|         7680|
    +---------------+----------------------------------------------------------------------------------+---------+----+----+-----+------+-----+------+-------------+
    |Total          |                                                                                  |        2|  30|   0|    0|  1024|   30|     2|        15360|
    +---------------+----------------------------------------------------------------------------------+---------+----+----+-----+------+-----+------+-------------+

    * FIFO: 
    N/A

    * Expression: 
    +------------------+----------+----+---+----+------------+------------+
    |   Variable Name  | Operation| DSP| FF| LUT| Bitwidth P0| Bitwidth P1|
    +------------------+----------+----+---+----+------------+------------+
    |i_fu_164_p2       |         +|   0|  0|  12|          11|           2|
    |ap_condition_197  |       and|   0|  0|   2|           1|           1|
    |ap_block_state1   |        or|   0|  0|   2|           1|           1|
    |ap_enable_pp0     |       xor|   0|  0|   2|           1|           2|
    +------------------+----------+----+---+----+------------+------------+
    |Total             |          |   0|  0|  18|          14|           6|
    +------------------+----------+----+---+----+------------+------------+

    * Multiplexer: 
    +------------------------------+----+-----------+-----+-----------+
    |             Name             | LUT| Input Size| Bits| Total Bits|
    +------------------------------+----+-----------+-----+-----------+
    |ap_NS_fsm                     |  14|          3|    1|          3|
    |ap_done                       |   9|          2|    1|          2|
    |ap_enable_reg_pp0_iter1       |   9|          2|    1|          2|
    |ap_enable_reg_pp0_iter7       |   9|          2|    1|          2|
    |ap_phi_mux_i33_phi_fu_132_p6  |  14|          3|   10|         30|
    |i33_reg_128                   |   9|          2|   10|         20|
    |rewind_ap_ready_reg           |   9|          2|    1|          2|
    +------------------------------+----+-----------+-----+-----------+
    |Total                         |  73|         16|   25|         61|
    +------------------------------+----+-----------+-----+-----------+

    * Register: 
    +-------------------------+----+----+-----+-----------+
    |           Name          | FF | LUT| Bits| Const Bits|
    +-------------------------+----+----+-----+-----------+
    |ap_CS_fsm                |   2|   0|    2|          0|
    |ap_done_reg              |   1|   0|    1|          0|
    |ap_enable_reg_pp0_iter1  |   1|   0|    1|          0|
    |ap_enable_reg_pp0_iter2  |   1|   0|    1|          0|
    |ap_enable_reg_pp0_iter3  |   1|   0|    1|          0|
    |ap_enable_reg_pp0_iter4  |   1|   0|    1|          0|
    |ap_enable_reg_pp0_iter5  |   1|   0|    1|          0|
    |ap_enable_reg_pp0_iter6  |   1|   0|    1|          0|
    |ap_enable_reg_pp0_iter7  |   1|   0|    1|          0|
    |i33_reg_128              |  10|   0|   10|          0|
    |indata_0_load_reg_268    |  16|   0|   16|          0|
    |indata_1_load_reg_278    |  16|   0|   16|          0|
    |r_V_2_reg_273            |  15|   0|   15|          0|
    |r_V_reg_263              |  15|   0|   15|          0|
    |rewind_ap_ready_reg      |   1|   0|    1|          0|
    |tmp_reg_259              |   1|   0|    1|          0|
    |trunc_ln55_reg_254       |  10|   0|   10|          0|
    |trunc_ln717_1_reg_308    |  16|   0|   16|          0|
    |trunc_ln_reg_303         |  16|   0|   16|          0|
    |zext_ln1169_reg_228      |   9|   0|   64|         55|
    |tmp_reg_259              |  64|  32|    1|          0|
    |zext_ln1169_reg_228      |  64|  32|   64|         55|
    +-------------------------+----+----+-----+-----------+
    |Total                    | 263|  64|  255|        110|
    +-------------------------+----+----+-----+-----------+



================================================================
== Interface
================================================================
* Summary: 
+--------------------+-----+-----+------------+-----------------------------------------------------------------------------------------------------+--------------+
|      RTL Ports     | Dir | Bits|  Protocol  |                                            Source Object                                            |    C Type    |
+--------------------+-----+-----+------------+-----------------------------------------------------------------------------------------------------+--------------+
|ap_clk              |   in|    1|  ap_ctrl_hs|  window_fn<ap_fixed<16, 1, 5, 3, 0>, ap_fixed<16, 1, 5, 3, 0>, ap_fixed<16, 1, 5, 0, 0>, 1024, 2, 2>|  return value|
|ap_rst              |   in|    1|  ap_ctrl_hs|  window_fn<ap_fixed<16, 1, 5, 3, 0>, ap_fixed<16, 1, 5, 3, 0>, ap_fixed<16, 1, 5, 0, 0>, 1024, 2, 2>|  return value|
|ap_start            |   in|    1|  ap_ctrl_hs|  window_fn<ap_fixed<16, 1, 5, 3, 0>, ap_fixed<16, 1, 5, 3, 0>, ap_fixed<16, 1, 5, 0, 0>, 1024, 2, 2>|  return value|
|ap_done             |  out|    1|  ap_ctrl_hs|  window_fn<ap_fixed<16, 1, 5, 3, 0>, ap_fixed<16, 1, 5, 3, 0>, ap_fixed<16, 1, 5, 0, 0>, 1024, 2, 2>|  return value|
|ap_continue         |   in|    1|  ap_ctrl_hs|  window_fn<ap_fixed<16, 1, 5, 3, 0>, ap_fixed<16, 1, 5, 3, 0>, ap_fixed<16, 1, 5, 0, 0>, 1024, 2, 2>|  return value|
|ap_idle             |  out|    1|  ap_ctrl_hs|  window_fn<ap_fixed<16, 1, 5, 3, 0>, ap_fixed<16, 1, 5, 3, 0>, ap_fixed<16, 1, 5, 0, 0>, 1024, 2, 2>|  return value|
|ap_ready            |  out|    1|  ap_ctrl_hs|  window_fn<ap_fixed<16, 1, 5, 3, 0>, ap_fixed<16, 1, 5, 3, 0>, ap_fixed<16, 1, 5, 0, 0>, 1024, 2, 2>|  return value|
|indata_0_address0   |  out|    9|   ap_memory|                                                                                             indata_0|         array|
|indata_0_ce0        |  out|    1|   ap_memory|                                                                                             indata_0|         array|
|indata_0_q0         |   in|   16|   ap_memory|                                                                                             indata_0|         array|
|indata_1_address0   |  out|    9|   ap_memory|                                                                                             indata_1|         array|
|indata_1_ce0        |  out|    1|   ap_memory|                                                                                             indata_1|         array|
|indata_1_q0         |   in|   16|   ap_memory|                                                                                             indata_1|         array|
|outdata_0_address0  |  out|    9|   ap_memory|                                                                                            outdata_0|         array|
|outdata_0_ce0       |  out|    1|   ap_memory|                                                                                            outdata_0|         array|
|outdata_0_we0       |  out|    1|   ap_memory|                                                                                            outdata_0|         array|
|outdata_0_d0        |  out|   16|   ap_memory|                                                                                            outdata_0|         array|
|outdata_1_address0  |  out|    9|   ap_memory|                                                                                            outdata_1|         array|
|outdata_1_ce0       |  out|    1|   ap_memory|                                                                                            outdata_1|         array|
|outdata_1_we0       |  out|    1|   ap_memory|                                                                                            outdata_1|         array|
|outdata_1_d0        |  out|   16|   ap_memory|                                                                                            outdata_1|         array|
+--------------------+-----+-----+------------+-----------------------------------------------------------------------------------------------------+--------------+

