

================================================================
== Vitis HLS Report for 'tsp'
================================================================
* Date:           Tue Mar 29 22:11:14 2022

* Version:        2021.2 (Build 3367213 on Tue Oct 19 02:48:09 MDT 2021)
* Project:        tsp_dp
* Solution:       solution1 (Vivado IP Flow Target)
* Product family: zynq
* Target device:  xc7z020-clg400-1


================================================================
== Performance Estimates
================================================================
+ Timing: 
    * Summary: 
    +--------+----------+----------+------------+
    |  Clock |  Target  | Estimated| Uncertainty|
    +--------+----------+----------+------------+
    |ap_clk  |  10.00 ns|  9.082 ns|     0.50 ns|
    +--------+----------+----------+------------+

+ Latency: 
    * Summary: 
    +---------+---------+----------+----------+-------+-------+---------+
    |  Latency (cycles) |  Latency (absolute) |    Interval   | Pipeline|
    |   min   |   max   |    min   |    max   |  min  |  max  |   Type  |
    +---------+---------+----------+----------+-------+-------+---------+
    |    77847|    77847|  0.778 ms|  0.778 ms|  77848|  77848|       no|
    +---------+---------+----------+----------+-------+-------+---------+

    + Detail: 
        * Instance: 
        +------------------------------------------------+------------------------------------+---------+---------+-----------+-----------+-------+-------+---------+
        |                                                |                                    |  Latency (cycles) |   Latency (absolute)  |    Interval   | Pipeline|
        |                    Instance                    |               Module               |   min   |   max   |    min    |    max    |  min  |  max  |   Type  |
        +------------------------------------------------+------------------------------------+---------+---------+-----------+-----------+-------+-------+---------+
        |grp_tsp_Pipeline_loop_distances_fu_2094         |tsp_Pipeline_loop_distances         |      171|      171|   1.710 us|   1.710 us|    171|    171|       no|
        |grp_tsp_Pipeline_loop_inialization_fu_2101      |tsp_Pipeline_loop_inialization      |     4098|     4098|  40.980 us|  40.980 us|   4098|   4098|       no|
        |grp_tsp_Pipeline_loop_fill_dsp_block1_fu_2131   |tsp_Pipeline_loop_fill_dsp_block1   |    73716|    73716|   0.737 ms|   0.737 ms|  73716|  73716|       no|
        |grp_tsp_Pipeline_loop_select_candidate_fu_2361  |tsp_Pipeline_loop_select_candidate  |       15|       15|   0.150 us|   0.150 us|     15|     15|       no|
        +------------------------------------------------+------------------------------------+---------+---------+-----------+-----------+-------+-------+---------+

        * Loop: 
        N/A



================================================================
== Utilization Estimates
================================================================
* Summary: 
+-----------------+---------+-----+--------+-------+-----+
|       Name      | BRAM_18K| DSP |   FF   |  LUT  | URAM|
+-----------------+---------+-----+--------+-------+-----+
|DSP              |        -|    -|       -|      -|    -|
|Expression       |        -|    -|       0|      2|    -|
|FIFO             |        -|    -|       -|      -|    -|
|Instance         |        -|    -|   11523|  33904|    -|
|Memory           |      224|    -|       0|      0|    0|
|Multiplexer      |        -|    -|       -|   2999|    -|
|Register         |        -|    -|    3111|      -|    -|
+-----------------+---------+-----+--------+-------+-----+
|Total            |      224|    0|   14634|  36905|    0|
+-----------------+---------+-----+--------+-------+-----+
|Available        |      280|  220|  106400|  53200|    0|
+-----------------+---------+-----+--------+-------+-----+
|Utilization (%)  |       80|    0|      13|     69|    0|
+-----------------+---------+-----+--------+-------+-----+

+ Detail: 
    * Instance: 
    +------------------------------------------------+------------------------------------+---------+----+-------+-------+-----+
    |                    Instance                    |               Module               | BRAM_18K| DSP|   FF  |  LUT  | URAM|
    +------------------------------------------------+------------------------------------+---------+----+-------+-------+-----+
    |grp_tsp_Pipeline_loop_distances_fu_2094         |tsp_Pipeline_loop_distances         |        0|   0|     10|     66|    0|
    |grp_tsp_Pipeline_loop_fill_dsp_block1_fu_2131   |tsp_Pipeline_loop_fill_dsp_block1   |        0|   0|  11392|  33562|    0|
    |grp_tsp_Pipeline_loop_inialization_fu_2101      |tsp_Pipeline_loop_inialization      |        0|   0|     15|     53|    0|
    |grp_tsp_Pipeline_loop_select_candidate_fu_2361  |tsp_Pipeline_loop_select_candidate  |        0|   0|    106|    223|    0|
    +------------------------------------------------+------------------------------------+---------+----+-------+-------+-----+
    |Total                                           |                                    |        0|   0|  11523|  33904|    0|
    +------------------------------------------------+------------------------------------+---------+----+-------+-------+-----+

    * DSP: 
    N/A

    * Memory: 
    +-------------+------------------------------+---------+---+----+-----+------+-----+------+-------------+
    |    Memory   |            Module            | BRAM_18K| FF| LUT| URAM| Words| Bits| Banks| W*Bits*Banks|
    +-------------+------------------------------+---------+---+----+-----+------+-----+------+-------------+
    |distances_U  |distances_RAM_1WNR_AUTO_1R1W  |       16|  0|   0|    0|   169|   16|     1|         2704|
    |v0_U         |v0_RAM_1WNR_AUTO_1R1W         |        8|  0|   0|    0|  4096|   32|     1|       131072|
    |v0_1_U       |v0_RAM_1WNR_AUTO_1R1W         |        8|  0|   0|    0|  4096|   32|     1|       131072|
    |v0_2_U       |v0_RAM_1WNR_AUTO_1R1W         |        8|  0|   0|    0|  4096|   32|     1|       131072|
    |v0_3_U       |v0_RAM_1WNR_AUTO_1R1W         |        8|  0|   0|    0|  4096|   32|     1|       131072|
    |v0_4_U       |v0_RAM_1WNR_AUTO_1R1W         |        8|  0|   0|    0|  4096|   32|     1|       131072|
    |v0_5_U       |v0_RAM_1WNR_AUTO_1R1W         |        8|  0|   0|    0|  4096|   32|     1|       131072|
    |v0_6_U       |v0_RAM_1WNR_AUTO_1R1W         |        8|  0|   0|    0|  4096|   32|     1|       131072|
    |v0_7_U       |v0_RAM_1WNR_AUTO_1R1W         |        8|  0|   0|    0|  4096|   32|     1|       131072|
    |v0_8_U       |v0_RAM_1WNR_AUTO_1R1W         |        8|  0|   0|    0|  4096|   32|     1|       131072|
    |v0_9_U       |v0_RAM_1WNR_AUTO_1R1W         |        8|  0|   0|    0|  4096|   32|     1|       131072|
    |v0_10_U      |v0_RAM_1WNR_AUTO_1R1W         |        8|  0|   0|    0|  4096|   32|     1|       131072|
    |v0_11_U      |v0_RAM_1WNR_AUTO_1R1W         |        8|  0|   0|    0|  4096|   32|     1|       131072|
    |v0_12_U      |v0_RAM_1WNR_AUTO_1R1W         |        8|  0|   0|    0|  4096|   32|     1|       131072|
    |v1_U         |v0_RAM_1WNR_AUTO_1R1W         |        8|  0|   0|    0|  4096|   32|     1|       131072|
    |v1_1_U       |v0_RAM_1WNR_AUTO_1R1W         |        8|  0|   0|    0|  4096|   32|     1|       131072|
    |v1_2_U       |v0_RAM_1WNR_AUTO_1R1W         |        8|  0|   0|    0|  4096|   32|     1|       131072|
    |v1_3_U       |v0_RAM_1WNR_AUTO_1R1W         |        8|  0|   0|    0|  4096|   32|     1|       131072|
    |v1_4_U       |v0_RAM_1WNR_AUTO_1R1W         |        8|  0|   0|    0|  4096|   32|     1|       131072|
    |v1_5_U       |v0_RAM_1WNR_AUTO_1R1W         |        8|  0|   0|    0|  4096|   32|     1|       131072|
    |v1_6_U       |v0_RAM_1WNR_AUTO_1R1W         |        8|  0|   0|    0|  4096|   32|     1|       131072|
    |v1_7_U       |v0_RAM_1WNR_AUTO_1R1W         |        8|  0|   0|    0|  4096|   32|     1|       131072|
    |v1_8_U       |v0_RAM_1WNR_AUTO_1R1W         |        8|  0|   0|    0|  4096|   32|     1|       131072|
    |v1_9_U       |v0_RAM_1WNR_AUTO_1R1W         |        8|  0|   0|    0|  4096|   32|     1|       131072|
    |v1_10_U      |v0_RAM_1WNR_AUTO_1R1W         |        8|  0|   0|    0|  4096|   32|     1|       131072|
    |v1_11_U      |v0_RAM_1WNR_AUTO_1R1W         |        8|  0|   0|    0|  4096|   32|     1|       131072|
    |v1_12_U      |v0_RAM_1WNR_AUTO_1R1W         |        8|  0|   0|    0|  4096|   32|     1|       131072|
    +-------------+------------------------------+---------+---+----+-----+------+-----+------+-------------+
    |Total        |                              |      224|  0|   0|    0|106665|  848|    27|      3410576|
    +-------------+------------------------------+---------+---+----+-----+------+-----+------+-------------+

    * FIFO: 
    N/A

    * Expression: 
    +---------------------------------+----------+----+---+----+------------+------------+
    |          Variable Name          | Operation| DSP| FF| LUT| Bitwidth P0| Bitwidth P1|
    +---------------------------------+----------+----+---+----+------------+------------+
    |ap_block_state3_on_subcall_done  |        or|   0|  0|   2|           1|           1|
    +---------------------------------+----------+----+---+----+------------+------------+
    |Total                            |          |   0|  0|   2|           1|           1|
    +---------------------------------+----------+----+---+----+------------+------------+

    * Multiplexer: 
    +-------------------------------------+-----+-----------+-----+-----------+
    |                 Name                | LUT | Input Size| Bits| Total Bits|
    +-------------------------------------+-----+-----------+-----+-----------+
    |ap_NS_fsm                            |  100|         20|    1|         20|
    |distances_address0                   |   65|         13|    8|        104|
    |distances_address1                   |   59|         11|    8|         88|
    |distances_address10                  |   59|         11|    8|         88|
    |distances_address11                  |   59|         11|    8|         88|
    |distances_address12                  |   59|         11|    8|         88|
    |distances_address13                  |   59|         11|    8|         88|
    |distances_address14                  |   59|         11|    8|         88|
    |distances_address15                  |   59|         11|    8|         88|
    |distances_address16                  |   53|         10|    8|         80|
    |distances_address2                   |   59|         11|    8|         88|
    |distances_address3                   |   59|         11|    8|         88|
    |distances_address4                   |   59|         11|    8|         88|
    |distances_address5                   |   59|         11|    8|         88|
    |distances_address6                   |   59|         11|    8|         88|
    |distances_address7                   |   59|         11|    8|         88|
    |distances_address8                   |   59|         11|    8|         88|
    |distances_address9                   |   59|         11|    8|         88|
    |distances_ce0                        |   20|          4|    1|          4|
    |distances_we0                        |    9|          2|    1|          2|
    |streamDistances_TREADY_int_regslice  |    9|          2|    1|          2|
    |v0_10_address0                       |   14|          3|   12|         36|
    |v0_10_ce0                            |   14|          3|    1|          3|
    |v0_10_ce1                            |    9|          2|    1|          2|
    |v0_10_d0                             |   14|          3|   32|         96|
    |v0_10_we0                            |   14|          3|    1|          3|
    |v0_11_address0                       |   14|          3|   12|         36|
    |v0_11_ce0                            |   14|          3|    1|          3|
    |v0_11_ce1                            |    9|          2|    1|          2|
    |v0_11_d0                             |   14|          3|   32|         96|
    |v0_11_we0                            |   14|          3|    1|          3|
    |v0_12_address0                       |   14|          3|   12|         36|
    |v0_12_ce0                            |   14|          3|    1|          3|
    |v0_12_ce1                            |    9|          2|    1|          2|
    |v0_12_d0                             |   14|          3|   32|         96|
    |v0_12_we0                            |   14|          3|    1|          3|
    |v0_1_address0                        |   14|          3|   12|         36|
    |v0_1_ce0                             |   14|          3|    1|          3|
    |v0_1_ce1                             |    9|          2|    1|          2|
    |v0_1_d0                              |   14|          3|   32|         96|
    |v0_1_we0                             |   14|          3|    1|          3|
    |v0_2_address0                        |   14|          3|   12|         36|
    |v0_2_ce0                             |   14|          3|    1|          3|
    |v0_2_ce1                             |    9|          2|    1|          2|
    |v0_2_d0                              |   14|          3|   32|         96|
    |v0_2_we0                             |   14|          3|    1|          3|
    |v0_3_address0                        |   14|          3|   12|         36|
    |v0_3_ce0                             |   14|          3|    1|          3|
    |v0_3_ce1                             |    9|          2|    1|          2|
    |v0_3_d0                              |   14|          3|   32|         96|
    |v0_3_we0                             |   14|          3|    1|          3|
    |v0_4_address0                        |   14|          3|   12|         36|
    |v0_4_ce0                             |   14|          3|    1|          3|
    |v0_4_ce1                             |    9|          2|    1|          2|
    |v0_4_d0                              |   14|          3|   32|         96|
    |v0_4_we0                             |   14|          3|    1|          3|
    |v0_5_address0                        |   14|          3|   12|         36|
    |v0_5_ce0                             |   14|          3|    1|          3|
    |v0_5_ce1                             |    9|          2|    1|          2|
    |v0_5_d0                              |   14|          3|   32|         96|
    |v0_5_we0                             |   14|          3|    1|          3|
    |v0_6_address0                        |   14|          3|   12|         36|
    |v0_6_ce0                             |   14|          3|    1|          3|
    |v0_6_ce1                             |    9|          2|    1|          2|
    |v0_6_d0                              |   14|          3|   32|         96|
    |v0_6_we0                             |   14|          3|    1|          3|
    |v0_7_address0                        |   14|          3|   12|         36|
    |v0_7_ce0                             |   14|          3|    1|          3|
    |v0_7_ce1                             |    9|          2|    1|          2|
    |v0_7_d0                              |   14|          3|   32|         96|
    |v0_7_we0                             |   14|          3|    1|          3|
    |v0_8_address0                        |   14|          3|   12|         36|
    |v0_8_ce0                             |   14|          3|    1|          3|
    |v0_8_ce1                             |    9|          2|    1|          2|
    |v0_8_d0                              |   14|          3|   32|         96|
    |v0_8_we0                             |   14|          3|    1|          3|
    |v0_9_address0                        |   14|          3|   12|         36|
    |v0_9_ce0                             |   14|          3|    1|          3|
    |v0_9_ce1                             |    9|          2|    1|          2|
    |v0_9_d0                              |   14|          3|   32|         96|
    |v0_9_we0                             |   14|          3|    1|          3|
    |v0_address0                          |   14|          3|   12|         36|
    |v0_ce0                               |   14|          3|    1|          3|
    |v0_ce1                               |    9|          2|    1|          2|
    |v0_d0                                |   14|          3|   32|         96|
    |v0_we0                               |   14|          3|    1|          3|
    |v1_10_address0                       |   20|          4|   12|         48|
    |v1_10_ce0                            |   20|          4|    1|          4|
    |v1_10_ce1                            |    9|          2|    1|          2|
    |v1_10_d0                             |   14|          3|   32|         96|
    |v1_10_we0                            |   14|          3|    1|          3|
    |v1_11_address0                       |   20|          4|   12|         48|
    |v1_11_ce0                            |   20|          4|    1|          4|
    |v1_11_ce1                            |    9|          2|    1|          2|
    |v1_11_d0                             |   14|          3|   32|         96|
    |v1_11_we0                            |   14|          3|    1|          3|
    |v1_12_address0                       |   20|          4|   12|         48|
    |v1_12_ce0                            |   20|          4|    1|          4|
    |v1_12_ce1                            |    9|          2|    1|          2|
    |v1_12_d0                             |   14|          3|   32|         96|
    |v1_12_we0                            |   14|          3|    1|          3|
    |v1_1_address0                        |   20|          4|   12|         48|
    |v1_1_ce0                             |   20|          4|    1|          4|
    |v1_1_ce1                             |    9|          2|    1|          2|
    |v1_1_d0                              |   14|          3|   32|         96|
    |v1_1_we0                             |   14|          3|    1|          3|
    |v1_2_address0                        |   20|          4|   12|         48|
    |v1_2_ce0                             |   20|          4|    1|          4|
    |v1_2_ce1                             |    9|          2|    1|          2|
    |v1_2_d0                              |   14|          3|   32|         96|
    |v1_2_we0                             |   14|          3|    1|          3|
    |v1_3_address0                        |   20|          4|   12|         48|
    |v1_3_ce0                             |   20|          4|    1|          4|
    |v1_3_ce1                             |    9|          2|    1|          2|
    |v1_3_d0                              |   14|          3|   32|         96|
    |v1_3_we0                             |   14|          3|    1|          3|
    |v1_4_address0                        |   20|          4|   12|         48|
    |v1_4_ce0                             |   20|          4|    1|          4|
    |v1_4_ce1                             |    9|          2|    1|          2|
    |v1_4_d0                              |   14|          3|   32|         96|
    |v1_4_we0                             |   14|          3|    1|          3|
    |v1_5_address0                        |   20|          4|   12|         48|
    |v1_5_ce0                             |   20|          4|    1|          4|
    |v1_5_ce1                             |    9|          2|    1|          2|
    |v1_5_d0                              |   14|          3|   32|         96|
    |v1_5_we0                             |   14|          3|    1|          3|
    |v1_6_address0                        |   20|          4|   12|         48|
    |v1_6_ce0                             |   20|          4|    1|          4|
    |v1_6_ce1                             |    9|          2|    1|          2|
    |v1_6_d0                              |   14|          3|   32|         96|
    |v1_6_we0                             |   14|          3|    1|          3|
    |v1_7_address0                        |   20|          4|   12|         48|
    |v1_7_ce0                             |   20|          4|    1|          4|
    |v1_7_ce1                             |    9|          2|    1|          2|
    |v1_7_d0                              |   14|          3|   32|         96|
    |v1_7_we0                             |   14|          3|    1|          3|
    |v1_8_address0                        |   20|          4|   12|         48|
    |v1_8_ce0                             |   20|          4|    1|          4|
    |v1_8_ce1                             |    9|          2|    1|          2|
    |v1_8_d0                              |   14|          3|   32|         96|
    |v1_8_we0                             |   14|          3|    1|          3|
    |v1_9_address0                        |   20|          4|   12|         48|
    |v1_9_ce0                             |   20|          4|    1|          4|
    |v1_9_ce1                             |    9|          2|    1|          2|
    |v1_9_d0                              |   14|          3|   32|         96|
    |v1_9_we0                             |   14|          3|    1|          3|
    |v1_address0                          |   20|          4|   12|         48|
    |v1_ce0                               |   20|          4|    1|          4|
    |v1_ce1                               |    9|          2|    1|          2|
    |v1_d0                                |   20|          4|   32|        128|
    |v1_we0                               |   20|          4|    1|          4|
    +-------------------------------------+-----+-----------+-----+-----------+
    |Total                                | 2999|        608| 1362|       5374|
    +-------------------------------------+-----+-----------+-----+-----------+

    * Register: 
    +-------------------------------------------------------------+----+----+-----+-----------+
    |                             Name                            | FF | LUT| Bits| Const Bits|
    +-------------------------------------------------------------+----+----+-----+-----------+
    |ap_CS_fsm                                                    |  19|   0|   19|          0|
    |distances_load_100_reg_3499                                  |  16|   0|   16|          0|
    |distances_load_101_reg_3589                                  |  16|   0|   16|          0|
    |distances_load_102_reg_3594                                  |  16|   0|   16|          0|
    |distances_load_103_reg_3599                                  |  16|   0|   16|          0|
    |distances_load_104_reg_3604                                  |  16|   0|   16|          0|
    |distances_load_105_reg_3610                                  |  16|   0|   16|          0|
    |distances_load_106_reg_3615                                  |  16|   0|   16|          0|
    |distances_load_107_reg_3620                                  |  16|   0|   16|          0|
    |distances_load_108_reg_3625                                  |  16|   0|   16|          0|
    |distances_load_109_reg_3630                                  |  16|   0|   16|          0|
    |distances_load_10_reg_2617                                   |  16|   0|   16|          0|
    |distances_load_110_reg_3635                                  |  16|   0|   16|          0|
    |distances_load_111_reg_3640                                  |  16|   0|   16|          0|
    |distances_load_112_reg_3645                                  |  16|   0|   16|          0|
    |distances_load_113_reg_3650                                  |  16|   0|   16|          0|
    |distances_load_114_reg_3655                                  |  16|   0|   16|          0|
    |distances_load_115_reg_3660                                  |  16|   0|   16|          0|
    |distances_load_116_reg_3665                                  |  16|   0|   16|          0|
    |distances_load_117_reg_3670                                  |  16|   0|   16|          0|
    |distances_load_118_reg_3761                                  |  16|   0|   16|          0|
    |distances_load_119_reg_3766                                  |  16|   0|   16|          0|
    |distances_load_11_reg_2622                                   |  16|   0|   16|          0|
    |distances_load_120_reg_3771                                  |  16|   0|   16|          0|
    |distances_load_121_reg_3776                                  |  16|   0|   16|          0|
    |distances_load_122_reg_3781                                  |  16|   0|   16|          0|
    |distances_load_123_reg_3786                                  |  16|   0|   16|          0|
    |distances_load_124_reg_3791                                  |  16|   0|   16|          0|
    |distances_load_125_reg_3796                                  |  16|   0|   16|          0|
    |distances_load_126_reg_3801                                  |  16|   0|   16|          0|
    |distances_load_127_reg_3806                                  |  16|   0|   16|          0|
    |distances_load_128_reg_3811                                  |  16|   0|   16|          0|
    |distances_load_129_reg_3816                                  |  16|   0|   16|          0|
    |distances_load_12_reg_2627                                   |  16|   0|   16|          0|
    |distances_load_130_reg_3821                                  |  16|   0|   16|          0|
    |distances_load_131_reg_3827                                  |  16|   0|   16|          0|
    |distances_load_132_reg_3832                                  |  16|   0|   16|          0|
    |distances_load_133_reg_3837                                  |  16|   0|   16|          0|
    |distances_load_134_reg_3842                                  |  16|   0|   16|          0|
    |distances_load_135_reg_3932                                  |  16|   0|   16|          0|
    |distances_load_136_reg_3937                                  |  16|   0|   16|          0|
    |distances_load_137_reg_3942                                  |  16|   0|   16|          0|
    |distances_load_138_reg_3947                                  |  16|   0|   16|          0|
    |distances_load_139_reg_3952                                  |  16|   0|   16|          0|
    |distances_load_13_reg_2632                                   |  16|   0|   16|          0|
    |distances_load_140_reg_3957                                  |  16|   0|   16|          0|
    |distances_load_141_reg_3962                                  |  16|   0|   16|          0|
    |distances_load_142_reg_3967                                  |  16|   0|   16|          0|
    |distances_load_143_reg_3972                                  |  16|   0|   16|          0|
    |distances_load_144_reg_3978                                  |  16|   0|   16|          0|
    |distances_load_145_reg_3983                                  |  16|   0|   16|          0|
    |distances_load_146_reg_3988                                  |  16|   0|   16|          0|
    |distances_load_147_reg_3993                                  |  16|   0|   16|          0|
    |distances_load_148_reg_3998                                  |  16|   0|   16|          0|
    |distances_load_149_reg_4003                                  |  16|   0|   16|          0|
    |distances_load_14_reg_2638                                   |  16|   0|   16|          0|
    |distances_load_150_reg_4008                                  |  16|   0|   16|          0|
    |distances_load_151_reg_4013                                  |  16|   0|   16|          0|
    |distances_load_152_reg_4018                                  |  16|   0|   16|          0|
    |distances_load_153_reg_4023                                  |  16|   0|   16|          0|
    |distances_load_154_reg_4028                                  |  16|   0|   16|          0|
    |distances_load_155_reg_4033                                  |  16|   0|   16|          0|
    |distances_load_156_reg_4038                                  |  16|   0|   16|          0|
    |distances_load_157_reg_4044                                  |  16|   0|   16|          0|
    |distances_load_158_reg_4049                                  |  16|   0|   16|          0|
    |distances_load_159_reg_4054                                  |  16|   0|   16|          0|
    |distances_load_15_reg_2643                                   |  16|   0|   16|          0|
    |distances_load_160_reg_4059                                  |  16|   0|   16|          0|
    |distances_load_161_reg_4064                                  |  16|   0|   16|          0|
    |distances_load_162_reg_4069                                  |  16|   0|   16|          0|
    |distances_load_163_reg_4074                                  |  16|   0|   16|          0|
    |distances_load_164_reg_4079                                  |  16|   0|   16|          0|
    |distances_load_165_reg_4084                                  |  16|   0|   16|          0|
    |distances_load_166_reg_4089                                  |  16|   0|   16|          0|
    |distances_load_167_reg_4094                                  |  16|   0|   16|          0|
    |distances_load_168_reg_4099                                  |  16|   0|   16|          0|
    |distances_load_16_reg_2733                                   |  16|   0|   16|          0|
    |distances_load_17_reg_2738                                   |  16|   0|   16|          0|
    |distances_load_18_reg_2743                                   |  16|   0|   16|          0|
    |distances_load_19_reg_2748                                   |  16|   0|   16|          0|
    |distances_load_1_reg_2572                                    |  16|   0|   16|          0|
    |distances_load_20_reg_2753                                   |  16|   0|   16|          0|
    |distances_load_21_reg_2758                                   |  16|   0|   16|          0|
    |distances_load_22_reg_2763                                   |  16|   0|   16|          0|
    |distances_load_23_reg_2768                                   |  16|   0|   16|          0|
    |distances_load_24_reg_2773                                   |  16|   0|   16|          0|
    |distances_load_25_reg_2778                                   |  16|   0|   16|          0|
    |distances_load_26_reg_2783                                   |  16|   0|   16|          0|
    |distances_load_27_reg_2789                                   |  16|   0|   16|          0|
    |distances_load_28_reg_2794                                   |  16|   0|   16|          0|
    |distances_load_29_reg_2799                                   |  16|   0|   16|          0|
    |distances_load_2_reg_2577                                    |  16|   0|   16|          0|
    |distances_load_30_reg_2804                                   |  16|   0|   16|          0|
    |distances_load_31_reg_2809                                   |  16|   0|   16|          0|
    |distances_load_32_reg_2814                                   |  16|   0|   16|          0|
    |distances_load_33_reg_2904                                   |  16|   0|   16|          0|
    |distances_load_34_reg_2909                                   |  16|   0|   16|          0|
    |distances_load_35_reg_2914                                   |  16|   0|   16|          0|
    |distances_load_36_reg_2919                                   |  16|   0|   16|          0|
    |distances_load_37_reg_2924                                   |  16|   0|   16|          0|
    |distances_load_38_reg_2929                                   |  16|   0|   16|          0|
    |distances_load_39_reg_2934                                   |  16|   0|   16|          0|
    |distances_load_3_reg_2582                                    |  16|   0|   16|          0|
    |distances_load_40_reg_2940                                   |  16|   0|   16|          0|
    |distances_load_41_reg_2945                                   |  16|   0|   16|          0|
    |distances_load_42_reg_2950                                   |  16|   0|   16|          0|
    |distances_load_43_reg_2955                                   |  16|   0|   16|          0|
    |distances_load_44_reg_2960                                   |  16|   0|   16|          0|
    |distances_load_45_reg_2965                                   |  16|   0|   16|          0|
    |distances_load_46_reg_2970                                   |  16|   0|   16|          0|
    |distances_load_47_reg_2975                                   |  16|   0|   16|          0|
    |distances_load_48_reg_2980                                   |  16|   0|   16|          0|
    |distances_load_49_reg_2985                                   |  16|   0|   16|          0|
    |distances_load_4_reg_2587                                    |  16|   0|   16|          0|
    |distances_load_50_reg_3075                                   |  16|   0|   16|          0|
    |distances_load_51_reg_3080                                   |  16|   0|   16|          0|
    |distances_load_52_reg_3085                                   |  16|   0|   16|          0|
    |distances_load_53_reg_3091                                   |  16|   0|   16|          0|
    |distances_load_54_reg_3096                                   |  16|   0|   16|          0|
    |distances_load_55_reg_3101                                   |  16|   0|   16|          0|
    |distances_load_56_reg_3106                                   |  16|   0|   16|          0|
    |distances_load_57_reg_3111                                   |  16|   0|   16|          0|
    |distances_load_58_reg_3116                                   |  16|   0|   16|          0|
    |distances_load_59_reg_3121                                   |  16|   0|   16|          0|
    |distances_load_5_reg_2592                                    |  16|   0|   16|          0|
    |distances_load_60_reg_3126                                   |  16|   0|   16|          0|
    |distances_load_61_reg_3131                                   |  16|   0|   16|          0|
    |distances_load_62_reg_3136                                   |  16|   0|   16|          0|
    |distances_load_63_reg_3141                                   |  16|   0|   16|          0|
    |distances_load_64_reg_3146                                   |  16|   0|   16|          0|
    |distances_load_65_reg_3151                                   |  16|   0|   16|          0|
    |distances_load_66_reg_3157                                   |  16|   0|   16|          0|
    |distances_load_67_reg_3247                                   |  16|   0|   16|          0|
    |distances_load_68_reg_3252                                   |  16|   0|   16|          0|
    |distances_load_69_reg_3257                                   |  16|   0|   16|          0|
    |distances_load_6_reg_2597                                    |  16|   0|   16|          0|
    |distances_load_70_reg_3262                                   |  16|   0|   16|          0|
    |distances_load_71_reg_3267                                   |  16|   0|   16|          0|
    |distances_load_72_reg_3272                                   |  16|   0|   16|          0|
    |distances_load_73_reg_3277                                   |  16|   0|   16|          0|
    |distances_load_74_reg_3282                                   |  16|   0|   16|          0|
    |distances_load_75_reg_3287                                   |  16|   0|   16|          0|
    |distances_load_76_reg_3292                                   |  16|   0|   16|          0|
    |distances_load_77_reg_3297                                   |  16|   0|   16|          0|
    |distances_load_78_reg_3302                                   |  16|   0|   16|          0|
    |distances_load_79_reg_3308                                   |  16|   0|   16|          0|
    |distances_load_7_reg_2602                                    |  16|   0|   16|          0|
    |distances_load_80_reg_3313                                   |  16|   0|   16|          0|
    |distances_load_81_reg_3318                                   |  16|   0|   16|          0|
    |distances_load_82_reg_3323                                   |  16|   0|   16|          0|
    |distances_load_83_reg_3328                                   |  16|   0|   16|          0|
    |distances_load_84_reg_3418                                   |  16|   0|   16|          0|
    |distances_load_85_reg_3423                                   |  16|   0|   16|          0|
    |distances_load_86_reg_3428                                   |  16|   0|   16|          0|
    |distances_load_87_reg_3433                                   |  16|   0|   16|          0|
    |distances_load_88_reg_3438                                   |  16|   0|   16|          0|
    |distances_load_89_reg_3443                                   |  16|   0|   16|          0|
    |distances_load_8_reg_2607                                    |  16|   0|   16|          0|
    |distances_load_90_reg_3448                                   |  16|   0|   16|          0|
    |distances_load_91_reg_3453                                   |  16|   0|   16|          0|
    |distances_load_92_reg_3459                                   |  16|   0|   16|          0|
    |distances_load_93_reg_3464                                   |  16|   0|   16|          0|
    |distances_load_94_reg_3469                                   |  16|   0|   16|          0|
    |distances_load_95_reg_3474                                   |  16|   0|   16|          0|
    |distances_load_96_reg_3479                                   |  16|   0|   16|          0|
    |distances_load_97_reg_3484                                   |  16|   0|   16|          0|
    |distances_load_98_reg_3489                                   |  16|   0|   16|          0|
    |distances_load_99_reg_3494                                   |  16|   0|   16|          0|
    |distances_load_9_reg_2612                                    |  16|   0|   16|          0|
    |distances_load_reg_2566                                      |  16|   0|   16|          0|
    |grp_tsp_Pipeline_loop_distances_fu_2094_ap_start_reg         |   1|   0|    1|          0|
    |grp_tsp_Pipeline_loop_fill_dsp_block1_fu_2131_ap_start_reg   |   1|   0|    1|          0|
    |grp_tsp_Pipeline_loop_inialization_fu_2101_ap_start_reg      |   1|   0|    1|          0|
    |grp_tsp_Pipeline_loop_select_candidate_fu_2361_ap_start_reg  |   1|   0|    1|          0|
    |v1_10_load_reg_4209                                          |  32|   0|   32|          0|
    |v1_11_load_reg_4214                                          |  32|   0|   32|          0|
    |v1_12_load_reg_4219                                          |  32|   0|   32|          0|
    |v1_1_load_reg_4164                                           |  32|   0|   32|          0|
    |v1_2_load_reg_4169                                           |  32|   0|   32|          0|
    |v1_3_load_reg_4174                                           |  32|   0|   32|          0|
    |v1_4_load_reg_4179                                           |  32|   0|   32|          0|
    |v1_5_load_reg_4184                                           |  32|   0|   32|          0|
    |v1_6_load_reg_4189                                           |  32|   0|   32|          0|
    |v1_7_load_reg_4194                                           |  32|   0|   32|          0|
    |v1_8_load_reg_4199                                           |  32|   0|   32|          0|
    |v1_9_load_reg_4204                                           |  32|   0|   32|          0|
    +-------------------------------------------------------------+----+----+-----+-----------+
    |Total                                                        |3111|   0| 3111|          0|
    +-------------------------------------------------------------+----+----+-----+-----------+



================================================================
== Interface
================================================================
* Summary: 
+-------------------------+-----+-----+------------+------------------+--------------+
|        RTL Ports        | Dir | Bits|  Protocol  |   Source Object  |    C Type    |
+-------------------------+-----+-----+------------+------------------+--------------+
|ap_local_block           |  out|    1|  ap_ctrl_hs|               tsp|  return value|
|ap_local_deadlock        |  out|    1|  ap_ctrl_hs|               tsp|  return value|
|ap_clk                   |   in|    1|  ap_ctrl_hs|               tsp|  return value|
|ap_rst_n                 |   in|    1|  ap_ctrl_hs|               tsp|  return value|
|ap_start                 |   in|    1|  ap_ctrl_hs|               tsp|  return value|
|ap_done                  |  out|    1|  ap_ctrl_hs|               tsp|  return value|
|ap_idle                  |  out|    1|  ap_ctrl_hs|               tsp|  return value|
|ap_ready                 |  out|    1|  ap_ctrl_hs|               tsp|  return value|
|streamDistances_TDATA    |   in|   16|        axis|   streamDistances|       pointer|
|streamDistances_TVALID   |   in|    1|        axis|   streamDistances|       pointer|
|streamDistances_TREADY   |  out|    1|        axis|   streamDistances|       pointer|
|shortestDistance         |  out|   32|      ap_vld|  shortestDistance|       pointer|
|shortestDistance_ap_vld  |  out|    1|      ap_vld|  shortestDistance|       pointer|
+-------------------------+-----+-----+------------+------------------+--------------+

