
*** Running vivado
    with args -log Zynq_RealFFT_axis_subset_converter_0.vds -m64 -product Vivado -mode batch -messageDb vivado.pb -notrace -source Zynq_RealFFT_axis_subset_converter_0.tcl



****** Vivado v2021.2 (64-bit)
  **** SW Build 3367213 on Tue Oct 19 02:48:09 MDT 2021
  **** IP Build 3369179 on Thu Oct 21 08:25:16 MDT 2021
    ** Copyright 1986-2021 Xilinx, Inc. All Rights Reserved.

source Zynq_RealFFT_axis_subset_converter_0.tcl -notrace
create_project: Time (s): cpu = 00:00:05 ; elapsed = 00:00:05 . Memory (MB): peak = 1445.785 ; gain = 81.816
INFO: [IP_Flow 19-234] Refreshing IP repositories
INFO: [IP_Flow 19-1700] Loaded user IP repository 'c:/Users/wdb87/Documents/LabA/Using_IP_with_Zynq/lab2/vivado_ip_repo'.
INFO: [IP_Flow 19-1700] Loaded user IP repository 'c:/Users/wdb87/Documents/LabA/Using_IP_with_Zynq/lab2/hls_designs/fe_vhls_prj'.
INFO: [IP_Flow 19-1700] Loaded user IP repository 'c:/Users/wdb87/Documents/LabA/Using_IP_with_Zynq/lab2/hls_designs/be_vhls_prj/IPXACTExport/impl/ip'.
INFO: [IP_Flow 19-2313] Loaded Vivado IP repository 'C:/Xilinx/Vivado/2021.2/data/ip'.
WARNING: [IP_Flow 19-4995] The host OS only allows 260 characters in a normal path. The IP cache path is more than 80 characters. If you experience issues with IP caching, please consider changing the IP cache to a location with a shorter path. Alternately consider using the OS subst command to map part of the path to a drive letter. 
Current IP cache path is c:/Users/wdb87/Documents/LabA/Using_IP_with_Zynq/lab2/project_1/project_1.cache/ip 
Command: synth_design -top Zynq_RealFFT_axis_subset_converter_0 -part xc7z020clg400-1 -mode out_of_context
Starting synth_design
Attempting to get a license for feature 'Synthesis' and/or device 'xc7z020'
INFO: [Common 17-349] Got license for feature 'Synthesis' and/or device 'xc7z020'
INFO: [Device 21-403] Loading part xc7z020clg400-1
INFO: [Synth 8-7079] Multithreading enabled for synth_design using a maximum of 2 processes.
INFO: [Synth 8-7078] Launching helper process for spawning children vivado processes
INFO: [Synth 8-7075] Helper process launched with PID 15048
---------------------------------------------------------------------------------
Starting RTL Elaboration : Time (s): cpu = 00:00:04 ; elapsed = 00:00:10 . Memory (MB): peak = 1445.785 ; gain = 0.000
---------------------------------------------------------------------------------
INFO: [Synth 8-6157] synthesizing module 'Zynq_RealFFT_axis_subset_converter_0' [c:/Users/wdb87/Documents/LabA/Using_IP_with_Zynq/lab2/project_1/project_1.gen/sources_1/bd/Zynq_RealFFT/ip/Zynq_RealFFT_axis_subset_converter_0/synth/Zynq_RealFFT_axis_subset_converter_0.v:58]
INFO: [Synth 8-6157] synthesizing module 'top_Zynq_RealFFT_axis_subset_converter_0' [c:/Users/wdb87/Documents/LabA/Using_IP_with_Zynq/lab2/project_1/project_1.gen/sources_1/bd/Zynq_RealFFT/ip/Zynq_RealFFT_axis_subset_converter_0/hdl/top_Zynq_RealFFT_axis_subset_converter_0.v:60]
INFO: [Synth 8-6157] synthesizing module 'axis_subset_converter_v1_1_25_core' [c:/Users/wdb87/Documents/LabA/Using_IP_with_Zynq/lab2/project_1/project_1.gen/sources_1/bd/Zynq_RealFFT/ipshared/ba57/hdl/axis_subset_converter_v1_1_vl_rfs.v:62]
INFO: [Synth 8-6155] done synthesizing module 'axis_subset_converter_v1_1_25_core' (1#1) [c:/Users/wdb87/Documents/LabA/Using_IP_with_Zynq/lab2/project_1/project_1.gen/sources_1/bd/Zynq_RealFFT/ipshared/ba57/hdl/axis_subset_converter_v1_1_vl_rfs.v:62]
INFO: [Synth 8-6157] synthesizing module 'tdata_Zynq_RealFFT_axis_subset_converter_0' [c:/Users/wdb87/Documents/LabA/Using_IP_with_Zynq/lab2/project_1/project_1.gen/sources_1/bd/Zynq_RealFFT/ip/Zynq_RealFFT_axis_subset_converter_0/hdl/tdata_Zynq_RealFFT_axis_subset_converter_0.v:48]
INFO: [Synth 8-6155] done synthesizing module 'tdata_Zynq_RealFFT_axis_subset_converter_0' (2#1) [c:/Users/wdb87/Documents/LabA/Using_IP_with_Zynq/lab2/project_1/project_1.gen/sources_1/bd/Zynq_RealFFT/ip/Zynq_RealFFT_axis_subset_converter_0/hdl/tdata_Zynq_RealFFT_axis_subset_converter_0.v:48]
INFO: [Synth 8-6157] synthesizing module 'tuser_Zynq_RealFFT_axis_subset_converter_0' [c:/Users/wdb87/Documents/LabA/Using_IP_with_Zynq/lab2/project_1/project_1.gen/sources_1/bd/Zynq_RealFFT/ip/Zynq_RealFFT_axis_subset_converter_0/hdl/tuser_Zynq_RealFFT_axis_subset_converter_0.v:48]
INFO: [Synth 8-6155] done synthesizing module 'tuser_Zynq_RealFFT_axis_subset_converter_0' (3#1) [c:/Users/wdb87/Documents/LabA/Using_IP_with_Zynq/lab2/project_1/project_1.gen/sources_1/bd/Zynq_RealFFT/ip/Zynq_RealFFT_axis_subset_converter_0/hdl/tuser_Zynq_RealFFT_axis_subset_converter_0.v:48]
INFO: [Synth 8-6157] synthesizing module 'tid_Zynq_RealFFT_axis_subset_converter_0' [c:/Users/wdb87/Documents/LabA/Using_IP_with_Zynq/lab2/project_1/project_1.gen/sources_1/bd/Zynq_RealFFT/ip/Zynq_RealFFT_axis_subset_converter_0/hdl/tid_Zynq_RealFFT_axis_subset_converter_0.v:48]
INFO: [Synth 8-6155] done synthesizing module 'tid_Zynq_RealFFT_axis_subset_converter_0' (4#1) [c:/Users/wdb87/Documents/LabA/Using_IP_with_Zynq/lab2/project_1/project_1.gen/sources_1/bd/Zynq_RealFFT/ip/Zynq_RealFFT_axis_subset_converter_0/hdl/tid_Zynq_RealFFT_axis_subset_converter_0.v:48]
INFO: [Synth 8-6157] synthesizing module 'tdest_Zynq_RealFFT_axis_subset_converter_0' [c:/Users/wdb87/Documents/LabA/Using_IP_with_Zynq/lab2/project_1/project_1.gen/sources_1/bd/Zynq_RealFFT/ip/Zynq_RealFFT_axis_subset_converter_0/hdl/tdest_Zynq_RealFFT_axis_subset_converter_0.v:48]
INFO: [Synth 8-6155] done synthesizing module 'tdest_Zynq_RealFFT_axis_subset_converter_0' (5#1) [c:/Users/wdb87/Documents/LabA/Using_IP_with_Zynq/lab2/project_1/project_1.gen/sources_1/bd/Zynq_RealFFT/ip/Zynq_RealFFT_axis_subset_converter_0/hdl/tdest_Zynq_RealFFT_axis_subset_converter_0.v:48]
INFO: [Synth 8-6157] synthesizing module 'tstrb_Zynq_RealFFT_axis_subset_converter_0' [c:/Users/wdb87/Documents/LabA/Using_IP_with_Zynq/lab2/project_1/project_1.gen/sources_1/bd/Zynq_RealFFT/ip/Zynq_RealFFT_axis_subset_converter_0/hdl/tstrb_Zynq_RealFFT_axis_subset_converter_0.v:48]
INFO: [Synth 8-6155] done synthesizing module 'tstrb_Zynq_RealFFT_axis_subset_converter_0' (6#1) [c:/Users/wdb87/Documents/LabA/Using_IP_with_Zynq/lab2/project_1/project_1.gen/sources_1/bd/Zynq_RealFFT/ip/Zynq_RealFFT_axis_subset_converter_0/hdl/tstrb_Zynq_RealFFT_axis_subset_converter_0.v:48]
INFO: [Synth 8-6157] synthesizing module 'tkeep_Zynq_RealFFT_axis_subset_converter_0' [c:/Users/wdb87/Documents/LabA/Using_IP_with_Zynq/lab2/project_1/project_1.gen/sources_1/bd/Zynq_RealFFT/ip/Zynq_RealFFT_axis_subset_converter_0/hdl/tkeep_Zynq_RealFFT_axis_subset_converter_0.v:48]
INFO: [Synth 8-6155] done synthesizing module 'tkeep_Zynq_RealFFT_axis_subset_converter_0' (7#1) [c:/Users/wdb87/Documents/LabA/Using_IP_with_Zynq/lab2/project_1/project_1.gen/sources_1/bd/Zynq_RealFFT/ip/Zynq_RealFFT_axis_subset_converter_0/hdl/tkeep_Zynq_RealFFT_axis_subset_converter_0.v:48]
INFO: [Synth 8-6157] synthesizing module 'tlast_Zynq_RealFFT_axis_subset_converter_0' [c:/Users/wdb87/Documents/LabA/Using_IP_with_Zynq/lab2/project_1/project_1.gen/sources_1/bd/Zynq_RealFFT/ip/Zynq_RealFFT_axis_subset_converter_0/hdl/tlast_Zynq_RealFFT_axis_subset_converter_0.v:48]
INFO: [Synth 8-6155] done synthesizing module 'tlast_Zynq_RealFFT_axis_subset_converter_0' (8#1) [c:/Users/wdb87/Documents/LabA/Using_IP_with_Zynq/lab2/project_1/project_1.gen/sources_1/bd/Zynq_RealFFT/ip/Zynq_RealFFT_axis_subset_converter_0/hdl/tlast_Zynq_RealFFT_axis_subset_converter_0.v:48]
INFO: [Synth 8-6155] done synthesizing module 'top_Zynq_RealFFT_axis_subset_converter_0' (9#1) [c:/Users/wdb87/Documents/LabA/Using_IP_with_Zynq/lab2/project_1/project_1.gen/sources_1/bd/Zynq_RealFFT/ip/Zynq_RealFFT_axis_subset_converter_0/hdl/top_Zynq_RealFFT_axis_subset_converter_0.v:60]
INFO: [Synth 8-6155] done synthesizing module 'Zynq_RealFFT_axis_subset_converter_0' (10#1) [c:/Users/wdb87/Documents/LabA/Using_IP_with_Zynq/lab2/project_1/project_1.gen/sources_1/bd/Zynq_RealFFT/ip/Zynq_RealFFT_axis_subset_converter_0/synth/Zynq_RealFFT_axis_subset_converter_0.v:58]
WARNING: [Synth 8-7129] Port tid[0] in module tlast_Zynq_RealFFT_axis_subset_converter_0 is either unconnected or has no load
WARNING: [Synth 8-7129] Port tdata[47] in module tlast_Zynq_RealFFT_axis_subset_converter_0 is either unconnected or has no load
WARNING: [Synth 8-7129] Port tdata[46] in module tlast_Zynq_RealFFT_axis_subset_converter_0 is either unconnected or has no load
WARNING: [Synth 8-7129] Port tdata[45] in module tlast_Zynq_RealFFT_axis_subset_converter_0 is either unconnected or has no load
WARNING: [Synth 8-7129] Port tdata[44] in module tlast_Zynq_RealFFT_axis_subset_converter_0 is either unconnected or has no load
WARNING: [Synth 8-7129] Port tdata[43] in module tlast_Zynq_RealFFT_axis_subset_converter_0 is either unconnected or has no load
WARNING: [Synth 8-7129] Port tdata[42] in module tlast_Zynq_RealFFT_axis_subset_converter_0 is either unconnected or has no load
WARNING: [Synth 8-7129] Port tdata[41] in module tlast_Zynq_RealFFT_axis_subset_converter_0 is either unconnected or has no load
WARNING: [Synth 8-7129] Port tdata[40] in module tlast_Zynq_RealFFT_axis_subset_converter_0 is either unconnected or has no load
WARNING: [Synth 8-7129] Port tdata[39] in module tlast_Zynq_RealFFT_axis_subset_converter_0 is either unconnected or has no load
WARNING: [Synth 8-7129] Port tdata[38] in module tlast_Zynq_RealFFT_axis_subset_converter_0 is either unconnected or has no load
WARNING: [Synth 8-7129] Port tdata[37] in module tlast_Zynq_RealFFT_axis_subset_converter_0 is either unconnected or has no load
WARNING: [Synth 8-7129] Port tdata[36] in module tlast_Zynq_RealFFT_axis_subset_converter_0 is either unconnected or has no load
WARNING: [Synth 8-7129] Port tdata[35] in module tlast_Zynq_RealFFT_axis_subset_converter_0 is either unconnected or has no load
WARNING: [Synth 8-7129] Port tdata[34] in module tlast_Zynq_RealFFT_axis_subset_converter_0 is either unconnected or has no load
WARNING: [Synth 8-7129] Port tdata[33] in module tlast_Zynq_RealFFT_axis_subset_converter_0 is either unconnected or has no load
WARNING: [Synth 8-7129] Port tdata[32] in module tlast_Zynq_RealFFT_axis_subset_converter_0 is either unconnected or has no load
WARNING: [Synth 8-7129] Port tdata[31] in module tlast_Zynq_RealFFT_axis_subset_converter_0 is either unconnected or has no load
WARNING: [Synth 8-7129] Port tdata[30] in module tlast_Zynq_RealFFT_axis_subset_converter_0 is either unconnected or has no load
WARNING: [Synth 8-7129] Port tdata[29] in module tlast_Zynq_RealFFT_axis_subset_converter_0 is either unconnected or has no load
WARNING: [Synth 8-7129] Port tdata[28] in module tlast_Zynq_RealFFT_axis_subset_converter_0 is either unconnected or has no load
WARNING: [Synth 8-7129] Port tdata[27] in module tlast_Zynq_RealFFT_axis_subset_converter_0 is either unconnected or has no load
WARNING: [Synth 8-7129] Port tdata[26] in module tlast_Zynq_RealFFT_axis_subset_converter_0 is either unconnected or has no load
WARNING: [Synth 8-7129] Port tdata[25] in module tlast_Zynq_RealFFT_axis_subset_converter_0 is either unconnected or has no load
WARNING: [Synth 8-7129] Port tdata[24] in module tlast_Zynq_RealFFT_axis_subset_converter_0 is either unconnected or has no load
WARNING: [Synth 8-7129] Port tdata[23] in module tlast_Zynq_RealFFT_axis_subset_converter_0 is either unconnected or has no load
WARNING: [Synth 8-7129] Port tdata[22] in module tlast_Zynq_RealFFT_axis_subset_converter_0 is either unconnected or has no load
WARNING: [Synth 8-7129] Port tdata[21] in module tlast_Zynq_RealFFT_axis_subset_converter_0 is either unconnected or has no load
WARNING: [Synth 8-7129] Port tdata[20] in module tlast_Zynq_RealFFT_axis_subset_converter_0 is either unconnected or has no load
WARNING: [Synth 8-7129] Port tdata[19] in module tlast_Zynq_RealFFT_axis_subset_converter_0 is either unconnected or has no load
WARNING: [Synth 8-7129] Port tdata[18] in module tlast_Zynq_RealFFT_axis_subset_converter_0 is either unconnected or has no load
WARNING: [Synth 8-7129] Port tdata[17] in module tlast_Zynq_RealFFT_axis_subset_converter_0 is either unconnected or has no load
WARNING: [Synth 8-7129] Port tdata[16] in module tlast_Zynq_RealFFT_axis_subset_converter_0 is either unconnected or has no load
WARNING: [Synth 8-7129] Port tdata[15] in module tlast_Zynq_RealFFT_axis_subset_converter_0 is either unconnected or has no load
WARNING: [Synth 8-7129] Port tdata[14] in module tlast_Zynq_RealFFT_axis_subset_converter_0 is either unconnected or has no load
WARNING: [Synth 8-7129] Port tdata[13] in module tlast_Zynq_RealFFT_axis_subset_converter_0 is either unconnected or has no load
WARNING: [Synth 8-7129] Port tdata[12] in module tlast_Zynq_RealFFT_axis_subset_converter_0 is either unconnected or has no load
WARNING: [Synth 8-7129] Port tdata[11] in module tlast_Zynq_RealFFT_axis_subset_converter_0 is either unconnected or has no load
WARNING: [Synth 8-7129] Port tdata[10] in module tlast_Zynq_RealFFT_axis_subset_converter_0 is either unconnected or has no load
WARNING: [Synth 8-7129] Port tdata[9] in module tlast_Zynq_RealFFT_axis_subset_converter_0 is either unconnected or has no load
WARNING: [Synth 8-7129] Port tdata[8] in module tlast_Zynq_RealFFT_axis_subset_converter_0 is either unconnected or has no load
WARNING: [Synth 8-7129] Port tdata[7] in module tlast_Zynq_RealFFT_axis_subset_converter_0 is either unconnected or has no load
WARNING: [Synth 8-7129] Port tdata[6] in module tlast_Zynq_RealFFT_axis_subset_converter_0 is either unconnected or has no load
WARNING: [Synth 8-7129] Port tdata[5] in module tlast_Zynq_RealFFT_axis_subset_converter_0 is either unconnected or has no load
WARNING: [Synth 8-7129] Port tdata[4] in module tlast_Zynq_RealFFT_axis_subset_converter_0 is either unconnected or has no load
WARNING: [Synth 8-7129] Port tdata[3] in module tlast_Zynq_RealFFT_axis_subset_converter_0 is either unconnected or has no load
WARNING: [Synth 8-7129] Port tdata[2] in module tlast_Zynq_RealFFT_axis_subset_converter_0 is either unconnected or has no load
WARNING: [Synth 8-7129] Port tdata[1] in module tlast_Zynq_RealFFT_axis_subset_converter_0 is either unconnected or has no load
WARNING: [Synth 8-7129] Port tdata[0] in module tlast_Zynq_RealFFT_axis_subset_converter_0 is either unconnected or has no load
WARNING: [Synth 8-7129] Port tuser[0] in module tlast_Zynq_RealFFT_axis_subset_converter_0 is either unconnected or has no load
WARNING: [Synth 8-7129] Port tdest[0] in module tlast_Zynq_RealFFT_axis_subset_converter_0 is either unconnected or has no load
WARNING: [Synth 8-7129] Port tkeep[5] in module tlast_Zynq_RealFFT_axis_subset_converter_0 is either unconnected or has no load
WARNING: [Synth 8-7129] Port tkeep[4] in module tlast_Zynq_RealFFT_axis_subset_converter_0 is either unconnected or has no load
WARNING: [Synth 8-7129] Port tkeep[3] in module tlast_Zynq_RealFFT_axis_subset_converter_0 is either unconnected or has no load
WARNING: [Synth 8-7129] Port tkeep[2] in module tlast_Zynq_RealFFT_axis_subset_converter_0 is either unconnected or has no load
WARNING: [Synth 8-7129] Port tkeep[1] in module tlast_Zynq_RealFFT_axis_subset_converter_0 is either unconnected or has no load
WARNING: [Synth 8-7129] Port tkeep[0] in module tlast_Zynq_RealFFT_axis_subset_converter_0 is either unconnected or has no load
WARNING: [Synth 8-7129] Port tstrb[5] in module tlast_Zynq_RealFFT_axis_subset_converter_0 is either unconnected or has no load
WARNING: [Synth 8-7129] Port tstrb[4] in module tlast_Zynq_RealFFT_axis_subset_converter_0 is either unconnected or has no load
WARNING: [Synth 8-7129] Port tstrb[3] in module tlast_Zynq_RealFFT_axis_subset_converter_0 is either unconnected or has no load
WARNING: [Synth 8-7129] Port tstrb[2] in module tlast_Zynq_RealFFT_axis_subset_converter_0 is either unconnected or has no load
WARNING: [Synth 8-7129] Port tstrb[1] in module tlast_Zynq_RealFFT_axis_subset_converter_0 is either unconnected or has no load
WARNING: [Synth 8-7129] Port tstrb[0] in module tlast_Zynq_RealFFT_axis_subset_converter_0 is either unconnected or has no load
WARNING: [Synth 8-7129] Port tlast[0] in module tlast_Zynq_RealFFT_axis_subset_converter_0 is either unconnected or has no load
WARNING: [Synth 8-7129] Port tdata[47] in module tkeep_Zynq_RealFFT_axis_subset_converter_0 is either unconnected or has no load
WARNING: [Synth 8-7129] Port tdata[46] in module tkeep_Zynq_RealFFT_axis_subset_converter_0 is either unconnected or has no load
WARNING: [Synth 8-7129] Port tdata[45] in module tkeep_Zynq_RealFFT_axis_subset_converter_0 is either unconnected or has no load
WARNING: [Synth 8-7129] Port tdata[44] in module tkeep_Zynq_RealFFT_axis_subset_converter_0 is either unconnected or has no load
WARNING: [Synth 8-7129] Port tdata[43] in module tkeep_Zynq_RealFFT_axis_subset_converter_0 is either unconnected or has no load
WARNING: [Synth 8-7129] Port tdata[42] in module tkeep_Zynq_RealFFT_axis_subset_converter_0 is either unconnected or has no load
WARNING: [Synth 8-7129] Port tdata[41] in module tkeep_Zynq_RealFFT_axis_subset_converter_0 is either unconnected or has no load
WARNING: [Synth 8-7129] Port tdata[40] in module tkeep_Zynq_RealFFT_axis_subset_converter_0 is either unconnected or has no load
WARNING: [Synth 8-7129] Port tdata[39] in module tkeep_Zynq_RealFFT_axis_subset_converter_0 is either unconnected or has no load
WARNING: [Synth 8-7129] Port tdata[38] in module tkeep_Zynq_RealFFT_axis_subset_converter_0 is either unconnected or has no load
WARNING: [Synth 8-7129] Port tdata[37] in module tkeep_Zynq_RealFFT_axis_subset_converter_0 is either unconnected or has no load
WARNING: [Synth 8-7129] Port tdata[36] in module tkeep_Zynq_RealFFT_axis_subset_converter_0 is either unconnected or has no load
WARNING: [Synth 8-7129] Port tdata[35] in module tkeep_Zynq_RealFFT_axis_subset_converter_0 is either unconnected or has no load
WARNING: [Synth 8-7129] Port tdata[34] in module tkeep_Zynq_RealFFT_axis_subset_converter_0 is either unconnected or has no load
WARNING: [Synth 8-7129] Port tdata[33] in module tkeep_Zynq_RealFFT_axis_subset_converter_0 is either unconnected or has no load
WARNING: [Synth 8-7129] Port tdata[32] in module tkeep_Zynq_RealFFT_axis_subset_converter_0 is either unconnected or has no load
WARNING: [Synth 8-7129] Port tdata[31] in module tkeep_Zynq_RealFFT_axis_subset_converter_0 is either unconnected or has no load
WARNING: [Synth 8-7129] Port tdata[30] in module tkeep_Zynq_RealFFT_axis_subset_converter_0 is either unconnected or has no load
WARNING: [Synth 8-7129] Port tdata[29] in module tkeep_Zynq_RealFFT_axis_subset_converter_0 is either unconnected or has no load
WARNING: [Synth 8-7129] Port tdata[28] in module tkeep_Zynq_RealFFT_axis_subset_converter_0 is either unconnected or has no load
WARNING: [Synth 8-7129] Port tdata[27] in module tkeep_Zynq_RealFFT_axis_subset_converter_0 is either unconnected or has no load
WARNING: [Synth 8-7129] Port tdata[26] in module tkeep_Zynq_RealFFT_axis_subset_converter_0 is either unconnected or has no load
WARNING: [Synth 8-7129] Port tdata[25] in module tkeep_Zynq_RealFFT_axis_subset_converter_0 is either unconnected or has no load
WARNING: [Synth 8-7129] Port tdata[24] in module tkeep_Zynq_RealFFT_axis_subset_converter_0 is either unconnected or has no load
WARNING: [Synth 8-7129] Port tdata[23] in module tkeep_Zynq_RealFFT_axis_subset_converter_0 is either unconnected or has no load
WARNING: [Synth 8-7129] Port tdata[22] in module tkeep_Zynq_RealFFT_axis_subset_converter_0 is either unconnected or has no load
WARNING: [Synth 8-7129] Port tdata[21] in module tkeep_Zynq_RealFFT_axis_subset_converter_0 is either unconnected or has no load
WARNING: [Synth 8-7129] Port tdata[20] in module tkeep_Zynq_RealFFT_axis_subset_converter_0 is either unconnected or has no load
WARNING: [Synth 8-7129] Port tdata[19] in module tkeep_Zynq_RealFFT_axis_subset_converter_0 is either unconnected or has no load
WARNING: [Synth 8-7129] Port tdata[18] in module tkeep_Zynq_RealFFT_axis_subset_converter_0 is either unconnected or has no load
WARNING: [Synth 8-7129] Port tdata[17] in module tkeep_Zynq_RealFFT_axis_subset_converter_0 is either unconnected or has no load
WARNING: [Synth 8-7129] Port tdata[16] in module tkeep_Zynq_RealFFT_axis_subset_converter_0 is either unconnected or has no load
WARNING: [Synth 8-7129] Port tdata[15] in module tkeep_Zynq_RealFFT_axis_subset_converter_0 is either unconnected or has no load
WARNING: [Synth 8-7129] Port tdata[14] in module tkeep_Zynq_RealFFT_axis_subset_converter_0 is either unconnected or has no load
WARNING: [Synth 8-7129] Port tdata[13] in module tkeep_Zynq_RealFFT_axis_subset_converter_0 is either unconnected or has no load
WARNING: [Synth 8-7129] Port tdata[12] in module tkeep_Zynq_RealFFT_axis_subset_converter_0 is either unconnected or has no load
INFO: [Common 17-14] Message 'Synth 8-7129' appears 100 times and further instances of the messages will be disabled. Use the Tcl command set_msg_config to change the current settings.
---------------------------------------------------------------------------------
Finished RTL Elaboration : Time (s): cpu = 00:00:05 ; elapsed = 00:00:18 . Memory (MB): peak = 1445.785 ; gain = 0.000
---------------------------------------------------------------------------------
---------------------------------------------------------------------------------
Start Handling Custom Attributes
---------------------------------------------------------------------------------
---------------------------------------------------------------------------------
Finished Handling Custom Attributes : Time (s): cpu = 00:00:06 ; elapsed = 00:00:19 . Memory (MB): peak = 1445.785 ; gain = 0.000
---------------------------------------------------------------------------------
---------------------------------------------------------------------------------
Finished RTL Optimization Phase 1 : Time (s): cpu = 00:00:06 ; elapsed = 00:00:19 . Memory (MB): peak = 1445.785 ; gain = 0.000
---------------------------------------------------------------------------------
Netlist sorting complete. Time (s): cpu = 00:00:00 ; elapsed = 00:00:00.004 . Memory (MB): peak = 1445.785 ; gain = 0.000
INFO: [Project 1-570] Preparing netlist for logic optimization

Processing XDC Constraints
Initializing timing engine
Parsing XDC File [c:/Users/wdb87/Documents/LabA/Using_IP_with_Zynq/lab2/project_1/project_1.gen/sources_1/bd/Zynq_RealFFT/ip/Zynq_RealFFT_axis_subset_converter_0/Zynq_RealFFT_axis_subset_converter_0_ooc.xdc] for cell 'inst'
Finished Parsing XDC File [c:/Users/wdb87/Documents/LabA/Using_IP_with_Zynq/lab2/project_1/project_1.gen/sources_1/bd/Zynq_RealFFT/ip/Zynq_RealFFT_axis_subset_converter_0/Zynq_RealFFT_axis_subset_converter_0_ooc.xdc] for cell 'inst'
Parsing XDC File [C:/Users/wdb87/Documents/LabA/Using_IP_with_Zynq/lab2/project_1/project_1.runs/Zynq_RealFFT_axis_subset_converter_0_synth_1/dont_touch.xdc]
Finished Parsing XDC File [C:/Users/wdb87/Documents/LabA/Using_IP_with_Zynq/lab2/project_1/project_1.runs/Zynq_RealFFT_axis_subset_converter_0_synth_1/dont_touch.xdc]
Completed Processing XDC Constraints

Netlist sorting complete. Time (s): cpu = 00:00:00 ; elapsed = 00:00:00 . Memory (MB): peak = 1445.785 ; gain = 0.000
INFO: [Project 1-111] Unisim Transformation Summary:
No Unisim elements were transformed.

Constraint Validation Runtime : Time (s): cpu = 00:00:00 ; elapsed = 00:00:00.045 . Memory (MB): peak = 1445.785 ; gain = 0.000
---------------------------------------------------------------------------------
Finished Constraint Validation : Time (s): cpu = 00:00:11 ; elapsed = 00:00:25 . Memory (MB): peak = 1445.785 ; gain = 0.000
---------------------------------------------------------------------------------
---------------------------------------------------------------------------------
Start Loading Part and Timing Information
---------------------------------------------------------------------------------
Loading part: xc7z020clg400-1
---------------------------------------------------------------------------------
Finished Loading Part and Timing Information : Time (s): cpu = 00:00:11 ; elapsed = 00:00:25 . Memory (MB): peak = 1445.785 ; gain = 0.000
---------------------------------------------------------------------------------
---------------------------------------------------------------------------------
Start Applying 'set_property' XDC Constraints
---------------------------------------------------------------------------------
Applied set_property KEEP_HIERARCHY = SOFT for inst. (constraint file  C:/Users/wdb87/Documents/LabA/Using_IP_with_Zynq/lab2/project_1/project_1.runs/Zynq_RealFFT_axis_subset_converter_0_synth_1/dont_touch.xdc, line 9).
---------------------------------------------------------------------------------
Finished applying 'set_property' XDC Constraints : Time (s): cpu = 00:00:11 ; elapsed = 00:00:25 . Memory (MB): peak = 1445.785 ; gain = 0.000
---------------------------------------------------------------------------------
---------------------------------------------------------------------------------
Finished RTL Optimization Phase 2 : Time (s): cpu = 00:00:11 ; elapsed = 00:00:25 . Memory (MB): peak = 1445.785 ; gain = 0.000
---------------------------------------------------------------------------------
---------------------------------------------------------------------------------
Start RTL Component Statistics 
---------------------------------------------------------------------------------
Detailed RTL Component Info : 
---------------------------------------------------------------------------------
Finished RTL Component Statistics 
---------------------------------------------------------------------------------
---------------------------------------------------------------------------------
Start Part Resource Summary
---------------------------------------------------------------------------------
Part Resources:
DSPs: 220 (col length:60)
BRAMs: 280 (col length: RAMB18 60 RAMB36 30)
---------------------------------------------------------------------------------
Finished Part Resource Summary
---------------------------------------------------------------------------------
---------------------------------------------------------------------------------
Start Cross Boundary and Area Optimization
---------------------------------------------------------------------------------
WARNING: [Synth 8-7080] Parallel synthesis criteria is not met
---------------------------------------------------------------------------------
Finished Cross Boundary and Area Optimization : Time (s): cpu = 00:00:13 ; elapsed = 00:00:27 . Memory (MB): peak = 1445.785 ; gain = 0.000
---------------------------------------------------------------------------------
---------------------------------------------------------------------------------
Start Applying XDC Timing Constraints
---------------------------------------------------------------------------------
---------------------------------------------------------------------------------
Finished Applying XDC Timing Constraints : Time (s): cpu = 00:00:18 ; elapsed = 00:00:32 . Memory (MB): peak = 1445.785 ; gain = 0.000
---------------------------------------------------------------------------------
---------------------------------------------------------------------------------
Start Timing Optimization
---------------------------------------------------------------------------------
---------------------------------------------------------------------------------
Finished Timing Optimization : Time (s): cpu = 00:00:18 ; elapsed = 00:00:32 . Memory (MB): peak = 1445.785 ; gain = 0.000
---------------------------------------------------------------------------------
---------------------------------------------------------------------------------
Start Technology Mapping
---------------------------------------------------------------------------------
---------------------------------------------------------------------------------
Finished Technology Mapping : Time (s): cpu = 00:00:18 ; elapsed = 00:00:32 . Memory (MB): peak = 1445.785 ; gain = 0.000
---------------------------------------------------------------------------------
---------------------------------------------------------------------------------
Start IO Insertion
---------------------------------------------------------------------------------
---------------------------------------------------------------------------------
Start Flattening Before IO Insertion
---------------------------------------------------------------------------------
---------------------------------------------------------------------------------
Finished Flattening Before IO Insertion
---------------------------------------------------------------------------------
---------------------------------------------------------------------------------
Start Final Netlist Cleanup
---------------------------------------------------------------------------------
---------------------------------------------------------------------------------
Finished Final Netlist Cleanup
---------------------------------------------------------------------------------
---------------------------------------------------------------------------------
Finished IO Insertion : Time (s): cpu = 00:00:21 ; elapsed = 00:00:35 . Memory (MB): peak = 1445.785 ; gain = 0.000
---------------------------------------------------------------------------------
---------------------------------------------------------------------------------
Start Renaming Generated Instances
---------------------------------------------------------------------------------
---------------------------------------------------------------------------------
Finished Renaming Generated Instances : Time (s): cpu = 00:00:21 ; elapsed = 00:00:35 . Memory (MB): peak = 1445.785 ; gain = 0.000
---------------------------------------------------------------------------------
---------------------------------------------------------------------------------
Start Rebuilding User Hierarchy
---------------------------------------------------------------------------------
---------------------------------------------------------------------------------
Finished Rebuilding User Hierarchy : Time (s): cpu = 00:00:21 ; elapsed = 00:00:35 . Memory (MB): peak = 1445.785 ; gain = 0.000
---------------------------------------------------------------------------------
---------------------------------------------------------------------------------
Start Renaming Generated Ports
---------------------------------------------------------------------------------
---------------------------------------------------------------------------------
Finished Renaming Generated Ports : Time (s): cpu = 00:00:21 ; elapsed = 00:00:35 . Memory (MB): peak = 1445.785 ; gain = 0.000
---------------------------------------------------------------------------------
---------------------------------------------------------------------------------
Start Handling Custom Attributes
---------------------------------------------------------------------------------
---------------------------------------------------------------------------------
Finished Handling Custom Attributes : Time (s): cpu = 00:00:21 ; elapsed = 00:00:35 . Memory (MB): peak = 1445.785 ; gain = 0.000
---------------------------------------------------------------------------------
---------------------------------------------------------------------------------
Start Renaming Generated Nets
---------------------------------------------------------------------------------
---------------------------------------------------------------------------------
Finished Renaming Generated Nets : Time (s): cpu = 00:00:21 ; elapsed = 00:00:35 . Memory (MB): peak = 1445.785 ; gain = 0.000
---------------------------------------------------------------------------------
---------------------------------------------------------------------------------
Start Writing Synthesis Report
---------------------------------------------------------------------------------

Report BlackBoxes: 
+-+--------------+----------+
| |BlackBox name |Instances |
+-+--------------+----------+
+-+--------------+----------+

Report Cell Usage: 
+-+-----+------+
| |Cell |Count |
+-+-----+------+
+-+-----+------+
---------------------------------------------------------------------------------
Finished Writing Synthesis Report : Time (s): cpu = 00:00:21 ; elapsed = 00:00:35 . Memory (MB): peak = 1445.785 ; gain = 0.000
---------------------------------------------------------------------------------
Synthesis finished with 0 errors, 0 critical warnings and 20 warnings.
Synthesis Optimization Runtime : Time (s): cpu = 00:00:14 ; elapsed = 00:00:33 . Memory (MB): peak = 1445.785 ; gain = 0.000
Synthesis Optimization Complete : Time (s): cpu = 00:00:21 ; elapsed = 00:00:36 . Memory (MB): peak = 1445.785 ; gain = 0.000
INFO: [Project 1-571] Translating synthesized netlist
Netlist sorting complete. Time (s): cpu = 00:00:00 ; elapsed = 00:00:00.001 . Memory (MB): peak = 1445.785 ; gain = 0.000
INFO: [Project 1-570] Preparing netlist for logic optimization
INFO: [Opt 31-138] Pushed 0 inverter(s) to 0 load pin(s).
Netlist sorting complete. Time (s): cpu = 00:00:00 ; elapsed = 00:00:00 . Memory (MB): peak = 1445.785 ; gain = 0.000
INFO: [Project 1-111] Unisim Transformation Summary:
No Unisim elements were transformed.

Synth Design complete, checksum: 7b886c6d
INFO: [Common 17-83] Releasing license: Synthesis
38 Infos, 102 Warnings, 0 Critical Warnings and 0 Errors encountered.
synth_design completed successfully
synth_design: Time (s): cpu = 00:00:25 ; elapsed = 00:00:41 . Memory (MB): peak = 1445.785 ; gain = 0.000
INFO: [Common 17-1381] The checkpoint 'C:/Users/wdb87/Documents/LabA/Using_IP_with_Zynq/lab2/project_1/project_1.runs/Zynq_RealFFT_axis_subset_converter_0_synth_1/Zynq_RealFFT_axis_subset_converter_0.dcp' has been generated.
INFO: [Coretcl 2-1648] Added synthesis output to IP cache for IP Zynq_RealFFT_axis_subset_converter_0, cache-ID = 34b07100efb4bce2
INFO: [Common 17-1381] The checkpoint 'C:/Users/wdb87/Documents/LabA/Using_IP_with_Zynq/lab2/project_1/project_1.runs/Zynq_RealFFT_axis_subset_converter_0_synth_1/Zynq_RealFFT_axis_subset_converter_0.dcp' has been generated.
INFO: [runtcl-4] Executing : report_utilization -file Zynq_RealFFT_axis_subset_converter_0_utilization_synth.rpt -pb Zynq_RealFFT_axis_subset_converter_0_utilization_synth.pb
INFO: [Common 17-206] Exiting Vivado at Sat Mar 26 22:12:51 2022...
