

================================================================
== Synthesis Summary Report of 'hls_xfft2real'
================================================================
+ General Information: 
    * Date:           Sat Mar 26 21:16:48 2022
    * Version:        2021.2 (Build 3367213 on Tue Oct 19 02:48:09 MDT 2021)
    * Project:        be_vhls_prj
    * Solution:       IPXACTExport (Vivado IP Flow Target)
    * Product family: zynq
    * Target device:  xc7z020-clg484-1
    

+ Performance & Resource Estimates: 
    
    PS: '+' for module; 'o' for loop; '*' for dataflow
    +---------------------------------------------------------------------------------+------+------+---------+-----------+----------+---------+------+----------+---------+--------+-----------+------------+-----+
    |                                     Modules                                     | Issue|      | Latency |  Latency  | Iteration|         | Trip |          |         |        |           |            |     |
    |                                     & Loops                                     | Type | Slack| (cycles)|    (ns)   |  Latency | Interval| Count| Pipelined|  BRAM   |   DSP  |     FF    |     LUT    | URAM|
    +---------------------------------------------------------------------------------+------+------+---------+-----------+----------+---------+------+----------+---------+--------+-----------+------------+-----+
    |+ hls_xfft2real*                                                                 |     -|  0.01|     1309|  5.236e+03|         -|      512|     -|  dataflow|  10 (3%)|  4 (1%)|  2254 (2%)|  8036 (15%)|    -|
    | + Block_ZN8ap_fixedILi16ELi1EL9ap_q_mode5EL9ap_o_mode0ELi0EEC2Ei_exit_i75_proc  |     -|  1.24|      127|    508.000|         -|      127|     -|        no|        -|       -|  129 (~0%)|  6131 (11%)|    -|
    | + Loop_realfft_be_buffer_proc1                                                  |     -|  1.10|      512|  2.048e+03|         -|      512|     -|        no|        -|       -|   12 (~0%)|    70 (~0%)|    -|
    |  o realfft_be_buffer                                                            |     -|  2.92|      511|  2.044e+03|         1|        1|   512|       yes|        -|       -|          -|           -|    -|
    | + Loop_realfft_be_descramble_proc2                                              |     -|  0.01|      277|  1.108e+03|         -|      277|     -|        no|        -|  4 (1%)|  1472 (1%)|   1270 (2%)|    -|
    |  + Loop_realfft_be_descramble_proc2_Pipeline_realfft_be_descramble              |     -|  0.01|      273|  1.092e+03|         -|      273|     -|        no|        -|  4 (1%)|  1432 (1%)|   1154 (2%)|    -|
    |   o realfft_be_descramble                                                       |     -|  2.92|      271|  1.084e+03|        17|        1|   256|       yes|        -|       -|          -|           -|    -|
    | + Loop_realfft_be_rev_real_hi_proc3                                             |     -|  1.10|      260|  1.040e+03|         -|      260|     -|        no|        -|       -|   57 (~0%)|    79 (~0%)|    -|
    |  o realfft_be_rev_real_hi                                                       |     -|  2.92|      258|  1.032e+03|         4|        1|   256|       yes|        -|       -|          -|           -|    -|
    | + Loop_realfft_be_stream_output_proc4                                           |     -|  1.10|      515|  2.060e+03|         -|      515|     -|        no|        -|       -|  218 (~0%)|   208 (~0%)|    -|
    |  o realfft_be_stream_output                                                     |     -|  2.92|      514|  2.056e+03|         4|        1|   512|       yes|        -|       -|          -|           -|    -|
    +---------------------------------------------------------------------------------+------+------+---------+-----------+----------+---------+------+----------+---------+--------+-----------+------------+-----+


================================================================
== HW Interfaces
================================================================
* AXIS
+-----------+---------------+-------+--------+--------+
| Interface | Register Mode | TDATA | TREADY | TVALID |
+-----------+---------------+-------+--------+--------+
| din       | both          | 48    | 1      | 1      |
| dout      | both          | 48    | 1      | 1      |
+-----------+---------------+-------+--------+--------+

* TOP LEVEL CONTROL
+-----------+------------+-----------------------------------+
| Interface | Type       | Ports                             |
+-----------+------------+-----------------------------------+
| ap_clk    | clock      | ap_clk                            |
| ap_rst_n  | reset      | ap_rst_n                          |
| ap_ctrl   | ap_ctrl_hs | ap_done ap_idle ap_ready ap_start |
+-----------+------------+-----------------------------------+


================================================================
== SW I/O Information
================================================================
* Top Function Arguments
+----------+-----------+---------------------------------------------------------------+
| Argument | Direction | Datatype                                                      |
+----------+-----------+---------------------------------------------------------------+
| din      | in        | stream<xfft_axis_t<ap_fixed<16, 1, AP_TRN, AP_WRAP, 0> >, 0>& |
| dout     | out       | stream<xfft_axis_t<ap_fixed<16, 1, AP_TRN, AP_WRAP, 0> >, 0>& |
+----------+-----------+---------------------------------------------------------------+

* SW-to-HW Mapping
+----------+--------------+-----------+
| Argument | HW Interface | HW Type   |
+----------+--------------+-----------+
| din      | din          | interface |
| dout     | dout         | interface |
+----------+--------------+-----------+


================================================================
== M_AXI Burst Information
================================================================
 Note: All burst requests might be further partitioned into multiple requests during RTL generation based on max_read_burst_length or max_write_burst_length settings.

  No burst in design

================================================================
== Bind Op Report
================================================================
+---------------------------------------------------------------------+-----+--------+----------------+-----+--------+---------+
| Name                                                                | DSP | Pragma | Variable       | Op  | Impl   | Latency |
+---------------------------------------------------------------------+-----+--------+----------------+-----+--------+---------+
| + hls_xfft2real                                                     | 4   |        |                |     |        |         |
|  + Loop_realfft_be_buffer_proc1                                     | 0   |        |                |     |        |         |
|    i_fu_166_p2                                                      | -   |        | i              | add | fabric | 0       |
|  + Loop_realfft_be_descramble_proc2                                 | 4   |        |                |     |        |         |
|   + Loop_realfft_be_descramble_proc2_Pipeline_realfft_be_descramble | 4   |        |                |     |        |         |
|     add_ln88_fu_221_p2                                              | -   |        | add_ln88       | add | fabric | 0       |
|     add_ln712_fu_508_p2                                             | -   |        | add_ln712      | add | fabric | 0       |
|     sub_ln712_fu_512_p2                                             | -   |        | sub_ln712      | sub | fabric | 0       |
|     sub_ln712_4_fu_231_p2                                           | -   |        | sub_ln712_4    | sub | fabric | 0       |
|     sub_ln712_1_fu_259_p2                                           | -   |        | sub_ln712_1    | sub | fabric | 0       |
|     ret_V_9_fu_316_p2                                               | -   |        | ret_V_9        | sub | fabric | 0       |
|     ret_V_6_fu_322_p2                                               | -   |        | ret_V_6        | add | fabric | 0       |
|     sub_ln1201_fu_415_p2                                            | -   |        | sub_ln1201     | sub | fabric | 0       |
|     sub_ln1201_1_fu_465_p2                                          | -   |        | sub_ln1201_1   | sub | fabric | 0       |
|     ret_V_8_fu_270_p2                                               | -   |        | ret_V_8        | sub | fabric | 0       |
|     ret_V_7_fu_276_p2                                               | -   |        | ret_V_7        | add | fabric | 0       |
|     sub_ln1201_2_fu_346_p2                                          | -   |        | sub_ln1201_2   | sub | fabric | 0       |
|     sub_ln1201_3_fu_430_p2                                          | -   |        | sub_ln1201_3   | sub | fabric | 0       |
|     r_V_5_fu_361_p2                                                 | -   |        | r_V_5          | sub | fabric | 0       |
|     sub_ln1201_4_fu_374_p2                                          | -   |        | sub_ln1201_4   | sub | fabric | 0       |
|     sub_ln1201_5_fu_444_p2                                          | -   |        | sub_ln1201_5   | sub | fabric | 0       |
|     sub_ln1201_6_fu_476_p2                                          | -   |        | sub_ln1201_6   | sub | fabric | 0       |
|     mac_muladd_16s_15ns_31s_31_4_1_U11                              | 1   |        | r_V_4          | mul | dsp    | 3       |
|     mul_mul_16s_15ns_31_4_1_U9                                      | 1   |        | r_V_2          | mul | dsp    | 3       |
|     mul_mul_16s_16s_31_4_1_U10                                      | 1   |        | mul_ln1245     | mul | dsp    | 3       |
|     mac_muladd_16s_15ns_31s_31_4_1_U11                              | 1   |        | ret_V_5        | add | dsp    | 3       |
|     mac_mulsub_16s_16s_31s_31_4_1_U12                               | 1   |        | mul_ln1246     | mul | dsp    | 3       |
|     mac_mulsub_16s_16s_31s_31_4_1_U12                               | 1   |        | ret_V          | sub | dsp    | 3       |
|     sub_ln712_2_fu_516_p2                                           | -   |        | sub_ln712_2    | sub | fabric | 0       |
|     p_r_M_real_V_1_fu_520_p2                                        | -   |        | p_r_M_real_V_1 | add | fabric | 0       |
|     sub_ln712_3_fu_524_p2                                           | -   |        | sub_ln712_3    | sub | fabric | 0       |
|     p_r_M_imag_V_1_fu_528_p2                                        | -   |        | p_r_M_imag_V_1 | add | fabric | 0       |
|     sub_ln1201_7_fu_576_p2                                          | -   |        | sub_ln1201_7   | sub | fabric | 0       |
|     sub_ln1201_8_fu_707_p2                                          | -   |        | sub_ln1201_8   | sub | fabric | 0       |
|     sub_ln1201_9_fu_610_p2                                          | -   |        | sub_ln1201_9   | sub | fabric | 0       |
|     sub_ln1201_10_fu_722_p2                                         | -   |        | sub_ln1201_10  | sub | fabric | 0       |
|     sub_ln1201_11_fu_644_p2                                         | -   |        | sub_ln1201_11  | sub | fabric | 0       |
|     sub_ln1201_12_fu_737_p2                                         | -   |        | sub_ln1201_12  | sub | fabric | 0       |
|     sub_ln1201_13_fu_678_p2                                         | -   |        | sub_ln1201_13  | sub | fabric | 0       |
|     sub_ln1201_14_fu_752_p2                                         | -   |        | sub_ln1201_14  | sub | fabric | 0       |
|  + Loop_realfft_be_rev_real_hi_proc3                                | 0   |        |                |     |        |         |
|    add_ln116_fu_91_p2                                               | -   |        | add_ln116      | add | fabric | 0       |
|  + Loop_realfft_be_stream_output_proc4                              | 0   |        |                |     |        |         |
|    i_fu_98_p2                                                       | -   |        | i              | add | fabric | 0       |
+---------------------------------------------------------------------+-----+--------+----------------+-----+--------+---------+


================================================================
== Bind Storage Report
================================================================
+-----------------------------------+------+------+--------+-------------------------------+---------+------+---------+
| Name                              | BRAM | URAM | Pragma | Variable                      | Storage | Impl | Latency |
+-----------------------------------+------+------+--------+-------------------------------+---------+------+---------+
| + hls_xfft2real                   | 10   | 0    |        |                               |         |      |         |
|   real_spectrum_lo_i_U            | -    | -    |        | real_spectrum_lo_i            | fifo    | srl  | 0       |
|   real_spectrum_hi_i_U            | -    | -    |        | real_spectrum_hi_i            | fifo    | srl  | 0       |
|   descramble_buf_M_real_V_U       | 1    | -    |        | descramble_buf_M_real_V       | ram_1p  | auto | 2       |
|   descramble_buf_M_real_V_1_U     | 1    | -    |        | descramble_buf_M_real_V_1     | ram_1p  | auto | 2       |
|   descramble_buf_M_imag_V_U       | 1    | -    |        | descramble_buf_M_imag_V       | ram_1p  | auto | 2       |
|   descramble_buf_M_imag_V_1_U     | 1    | -    |        | descramble_buf_M_imag_V_1     | ram_1p  | auto | 2       |
|   real_spectrum_hi_buf_M_real_V_U | 1    | -    |        | real_spectrum_hi_buf_M_real_V | ram_1p  | auto | 2       |
|   real_spectrum_hi_buf_M_imag_V_U | 1    | -    |        | real_spectrum_hi_buf_M_imag_V | ram_1p  | auto | 2       |
|   twid_rom_M_real_V_U             | 1    | -    |        | twid_rom_M_real_V             | ram_t2p | auto | 2       |
|   twid_rom_M_imag_V_U             | 1    | -    |        | twid_rom_M_imag_V             | ram_t2p | auto | 2       |
+-----------------------------------+------+------+--------+-------------------------------+---------+------+---------+


================================================================
== User Pragma Report
================================================================
* Ignored Pragmas
+-----------+----------+-----------------------------------+-------------------------------------------------+
| Type      | Options  | Location                          | Messages                                        |
+-----------+----------+-----------------------------------+-------------------------------------------------+
| data_pack | variable | xfft2real.cpp:56 in hls_xfft2real | the pragma is not supported and will be ignored |
+-----------+----------+-----------------------------------+-------------------------------------------------+

* Valid Pragma Syntax
+-----------------+----------------------------------------+-------------------------------------------------+
| Type            | Options                                | Location                                        |
+-----------------+----------------------------------------+-------------------------------------------------+
| array_partition | variable=coeff_tab cyclic factor=UF    | ./window_fn.h:52 in window_fn, coeff_tab        |
| unroll          | factor=UF                              | ./window_fn.h:56 in window_fn                   |
| pipeline        | rewind                                 | ./window_fn.h:57 in window_fn                   |
| stream          | variable=real_spectrum_lo depth=8      | ./xfft2real.h:68 in xfft2real, real_spectrum_lo |
| stream          | variable=real_spectrum_hi depth=8      | ./xfft2real.h:69 in xfft2real, real_spectrum_hi |
| array_partition | block factor=2 variable=descramble_buf | ./xfft2real.h:70 in xfft2real, descramble_buf   |
| inline          |                                        | ./xfft2real.h:71 in xfft2real                   |
| pipeline        | rewind                                 | ./xfft2real.h:80 in xfft2real                   |
| pipeline        |                                        | ./xfft2real.h:89 in xfft2real                   |
| pipeline        |                                        | ./xfft2real.h:117 in xfft2real                  |
| pipeline        | rewind                                 | ./xfft2real.h:122 in xfft2real                  |
| interface       | axis port=dout                         | xfft2real.cpp:54 in hls_xfft2real, dout         |
| interface       | axis port=din                          | xfft2real.cpp:55 in hls_xfft2real, din          |
| dataflow        |                                        | xfft2real.cpp:57 in hls_xfft2real               |
+-----------------+----------------------------------------+-------------------------------------------------+


