INFO: [SIM 2] *************** CSIM start ***************
INFO: [SIM 4] CSIM will launch GCC as the compiler.
   Compiling(apcc) ../../../../hls_macc_test.c in debug mode
INFO: Applying HLS Y2K22 patch v1.2 for IP revision
INFO: [HLS 200-10] Running 'C:/Xilinx/Vitis_HLS/2021.2/bin/unwrapped/win64.o/apcc.exe'
INFO: [HLS 200-10] For user 'wdb87' on host 'desktop-jelosf8' (Windows NT_amd64 version 6.2) on Sat Mar 26 16:39:01 +0800 2022
INFO: [HLS 200-10] In directory 'C:/Users/wdb87/Documents/LabA/Using_IP_with_Zynq/lab1/hls_macc/vhls_prj/solution1/csim/build'
../../../../hls_macc_test.c:55:1: warning: control reaches end of non-void function [-Wreturn-type]
}
^
1 warning generated.
../../../../hls_macc_test.c:55:1: warning: control reaches end of non-void function [-Wreturn-type]
}
^
1 warning generated.
INFO: [APCC 202-3] Tmp directory is apcc_db
INFO: [APCC 202-1] APCC is done.
INFO: [HLS 200-112] Total CPU user time: 0 seconds. Total CPU system time: 0 seconds. Total elapsed time: 2.658 seconds; peak allocated memory: 2.250 MB.
   Compiling(apcc) ../../../../hls_macc.c in debug mode
INFO: Applying HLS Y2K22 patch v1.2 for IP revision
INFO: [HLS 200-10] Running 'C:/Xilinx/Vitis_HLS/2021.2/bin/unwrapped/win64.o/apcc.exe'
INFO: [HLS 200-10] For user 'wdb87' on host 'desktop-jelosf8' (Windows NT_amd64 version 6.2) on Sat Mar 26 16:39:04 +0800 2022
INFO: [HLS 200-10] In directory 'C:/Users/wdb87/Documents/LabA/Using_IP_with_Zynq/lab1/hls_macc/vhls_prj/solution1/csim/build'
INFO: [APCC 202-3] Tmp directory is apcc_db
INFO: [APCC 202-1] APCC is done.
INFO: [HLS 200-112] Total CPU user time: 0 seconds. Total CPU system time: 0 seconds. Total elapsed time: 2.553 seconds; peak allocated memory: 2.148 MB.
   Generating csim.exe

*** 32 Tests Passed ***

INFO: [SIM 1] CSim done with 0 errors.
INFO: [SIM 3] *************** CSIM finish ***************
