

================================================================
== Vitis HLS Report for 'hls_xfft2real'
================================================================
* Date:           Sat Mar 26 21:16:45 2022

* Version:        2021.2 (Build 3367213 on Tue Oct 19 02:48:09 MDT 2021)
* Project:        be_vhls_prj
* Solution:       IPXACTExport (Vivado IP Flow Target)
* Product family: zynq
* Target device:  xc7z020-clg484-1


================================================================
== Performance Estimates
================================================================
+ Timing: 
    * Summary: 
    +--------+---------+----------+------------+
    |  Clock |  Target | Estimated| Uncertainty|
    +--------+---------+----------+------------+
    |ap_clk  |  4.00 ns|  2.912 ns|     1.08 ns|
    +--------+---------+----------+------------+

+ Latency: 
    * Summary: 
    +---------+---------+----------+----------+-----+-----+----------+
    |  Latency (cycles) |  Latency (absolute) |  Interval | Pipeline |
    |   min   |   max   |    min   |    max   | min | max |   Type   |
    +---------+---------+----------+----------+-----+-----+----------+
    |     1307|     1309|  5.228 us|  5.236 us|  512|  512|  dataflow|
    +---------+---------+----------+----------+-----+-----+----------+

    + Detail: 
        * Instance: 
        N/A

        * Loop: 
        N/A

============================================================
+ Verbose Summary: Synthesis Manager
============================================================
InlineROM: 1
ExposeGlobal: 0
============================================================
+ Verbose Summary: CDFG Model
============================================================
IsTopModel: 1
ResetActiveHigh: 1
IsCombinational: 2
IsDatapathOnly: 0
HasWiredReturn: 1
HasMFsm: 0
HasVarLatency: 1
IsPipeline: 0
IsRtlPipelined: 0
IsInstanceOverlapped: 0
IsDontTouch: 0
HasImplIP: 0
IsGatedGlobalClock: 0


============================================================
+ Verbose Summary: Schedule
============================================================
* Number of FSM states : 10
* Pipeline : 0
* Dataflow Pipeline: 1
  DF-Pipeline-0: Size = 10, States = { 1 2 3 4 5 6 7 8 9 10 }

* FSM state transitions: 
1 --> 2 
2 --> 3 
3 --> 4 
4 --> 5 
5 --> 6 
6 --> 7 
7 --> 8 
8 --> 9 
9 --> 10 
10 --> 

* FSM state operations: 

State 1 <SV = 0> <Delay = 0.00>
ST_1 : Operation 11 [1/1] (0.00ns)   --->   "%real_spectrum_lo_i = alloca i64 1"   --->   Operation 11 'alloca' 'real_spectrum_lo_i' <Predicate = true> <Delay = 0.00> <CoreInst = "FIFO_SRL">   --->   Core 81 'FIFO_SRL' <Latency = 0> <II = 1> <Delay = 3.54> <Storage> <Opcode : 'read' 'write' 'nbread' 'nbwrite'> <Ports = 0> <Width = 32> <Depth = 8> <FIFO>
ST_1 : Operation 12 [1/1] (0.00ns)   --->   "%real_spectrum_hi_i = alloca i64 1"   --->   Operation 12 'alloca' 'real_spectrum_hi_i' <Predicate = true> <Delay = 0.00> <CoreInst = "FIFO_SRL">   --->   Core 81 'FIFO_SRL' <Latency = 0> <II = 1> <Delay = 3.54> <Storage> <Opcode : 'read' 'write' 'nbread' 'nbwrite'> <Ports = 0> <Width = 32> <Depth = 8> <FIFO>
ST_1 : Operation 13 [1/1] (0.00ns)   --->   "%descramble_buf_M_real_V = alloca i64 1" [./xfft2real.h:64]   --->   Operation 13 'alloca' 'descramble_buf_M_real_V' <Predicate = true> <Delay = 0.00>
ST_1 : Operation 14 [1/1] (0.00ns)   --->   "%descramble_buf_M_real_V_1 = alloca i64 1"   --->   Operation 14 'alloca' 'descramble_buf_M_real_V_1' <Predicate = true> <Delay = 0.00>
ST_1 : Operation 15 [1/1] (0.00ns)   --->   "%descramble_buf_M_imag_V = alloca i64 1" [./xfft2real.h:64]   --->   Operation 15 'alloca' 'descramble_buf_M_imag_V' <Predicate = true> <Delay = 0.00>
ST_1 : Operation 16 [1/1] (0.00ns)   --->   "%descramble_buf_M_imag_V_1 = alloca i64 1"   --->   Operation 16 'alloca' 'descramble_buf_M_imag_V_1' <Predicate = true> <Delay = 0.00>
ST_1 : Operation 17 [1/1] (0.00ns)   --->   "%real_spectrum_hi_buf_M_real_V = alloca i64 1" [./xfft2real.h:67]   --->   Operation 17 'alloca' 'real_spectrum_hi_buf_M_real_V' <Predicate = true> <Delay = 0.00>
ST_1 : Operation 18 [1/1] (0.00ns)   --->   "%real_spectrum_hi_buf_M_imag_V = alloca i64 1" [./xfft2real.h:67]   --->   Operation 18 'alloca' 'real_spectrum_hi_buf_M_imag_V' <Predicate = true> <Delay = 0.00>
ST_1 : Operation 19 [1/1] (0.00ns)   --->   "%twid_rom_M_real_V = alloca i64 1"   --->   Operation 19 'alloca' 'twid_rom_M_real_V' <Predicate = true> <Delay = 0.00>
ST_1 : Operation 20 [1/1] (0.00ns)   --->   "%twid_rom_M_imag_V = alloca i64 1"   --->   Operation 20 'alloca' 'twid_rom_M_imag_V' <Predicate = true> <Delay = 0.00>

State 2 <SV = 1> <Delay = 0.00>
ST_2 : Operation 21 [2/2] (0.00ns)   --->   "%call_ln0 = call void @Block__ZN8ap_fixedILi16ELi1EL9ap_q_mode5EL9ap_o_mode0ELi0EEC2Ei.exit.i75_proc, i15 %twid_rom_M_real_V, i16 %twid_rom_M_imag_V"   --->   Operation 21 'call' 'call_ln0' <Predicate = true> <Delay = 0.00> <CoreType = "Generic">   --->   Core 0 '' <Latency = 0> <II = 1> <Delay = 1.00> <Generic> <Opcode : >
ST_2 : Operation 22 [2/2] (0.00ns)   --->   "%call_ln0 = call void @Loop_realfft_be_buffer_proc1, i48 %din, i16 %descramble_buf_M_real_V, i16 %descramble_buf_M_real_V_1, i16 %descramble_buf_M_imag_V, i16 %descramble_buf_M_imag_V_1"   --->   Operation 22 'call' 'call_ln0' <Predicate = true> <Delay = 0.00> <CoreType = "Generic">   --->   Core 0 '' <Latency = 0> <II = 1> <Delay = 1.00> <Generic> <Opcode : >

State 3 <SV = 2> <Delay = 0.00>
ST_3 : Operation 23 [1/2] (0.00ns)   --->   "%call_ln0 = call void @Block__ZN8ap_fixedILi16ELi1EL9ap_q_mode5EL9ap_o_mode0ELi0EEC2Ei.exit.i75_proc, i15 %twid_rom_M_real_V, i16 %twid_rom_M_imag_V"   --->   Operation 23 'call' 'call_ln0' <Predicate = true> <Delay = 0.00> <CoreType = "Generic">   --->   Core 0 '' <Latency = 0> <II = 1> <Delay = 1.00> <Generic> <Opcode : >
ST_3 : Operation 24 [1/2] (0.00ns)   --->   "%call_ln0 = call void @Loop_realfft_be_buffer_proc1, i48 %din, i16 %descramble_buf_M_real_V, i16 %descramble_buf_M_real_V_1, i16 %descramble_buf_M_imag_V, i16 %descramble_buf_M_imag_V_1"   --->   Operation 24 'call' 'call_ln0' <Predicate = true> <Delay = 0.00> <CoreType = "Generic">   --->   Core 0 '' <Latency = 0> <II = 1> <Delay = 1.00> <Generic> <Opcode : >

State 4 <SV = 3> <Delay = 0.00>
ST_4 : Operation 25 [2/2] (0.00ns)   --->   "%call_ln0 = call void @Loop_realfft_be_descramble_proc2, i16 %descramble_buf_M_real_V_1, i16 %descramble_buf_M_imag_V_1, i32 %real_spectrum_lo_i, i16 %real_spectrum_hi_buf_M_real_V, i16 %real_spectrum_hi_buf_M_imag_V, i16 %descramble_buf_M_real_V, i16 %descramble_buf_M_imag_V, i15 %twid_rom_M_real_V, i16 %twid_rom_M_imag_V"   --->   Operation 25 'call' 'call_ln0' <Predicate = true> <Delay = 0.00> <CoreType = "Generic">   --->   Core 0 '' <Latency = 0> <II = 1> <Delay = 1.00> <Generic> <Opcode : >

State 5 <SV = 4> <Delay = 0.00>
ST_5 : Operation 26 [1/2] (0.00ns)   --->   "%call_ln0 = call void @Loop_realfft_be_descramble_proc2, i16 %descramble_buf_M_real_V_1, i16 %descramble_buf_M_imag_V_1, i32 %real_spectrum_lo_i, i16 %real_spectrum_hi_buf_M_real_V, i16 %real_spectrum_hi_buf_M_imag_V, i16 %descramble_buf_M_real_V, i16 %descramble_buf_M_imag_V, i15 %twid_rom_M_real_V, i16 %twid_rom_M_imag_V"   --->   Operation 26 'call' 'call_ln0' <Predicate = true> <Delay = 0.00> <CoreType = "Generic">   --->   Core 0 '' <Latency = 0> <II = 1> <Delay = 1.00> <Generic> <Opcode : >

State 6 <SV = 5> <Delay = 0.00>
ST_6 : Operation 27 [2/2] (0.00ns)   --->   "%call_ln0 = call void @Loop_realfft_be_rev_real_hi_proc3, i16 %real_spectrum_hi_buf_M_real_V, i16 %real_spectrum_hi_buf_M_imag_V, i32 %real_spectrum_hi_i"   --->   Operation 27 'call' 'call_ln0' <Predicate = true> <Delay = 0.00> <CoreType = "Generic">   --->   Core 0 '' <Latency = 0> <II = 1> <Delay = 1.00> <Generic> <Opcode : >

State 7 <SV = 6> <Delay = 0.00>
ST_7 : Operation 28 [1/2] (0.00ns)   --->   "%call_ln0 = call void @Loop_realfft_be_rev_real_hi_proc3, i16 %real_spectrum_hi_buf_M_real_V, i16 %real_spectrum_hi_buf_M_imag_V, i32 %real_spectrum_hi_i"   --->   Operation 28 'call' 'call_ln0' <Predicate = true> <Delay = 0.00> <CoreType = "Generic">   --->   Core 0 '' <Latency = 0> <II = 1> <Delay = 1.00> <Generic> <Opcode : >

State 8 <SV = 7> <Delay = 0.00>
ST_8 : Operation 29 [2/2] (0.00ns)   --->   "%call_ln0 = call void @Loop_realfft_be_stream_output_proc4, i48 %dout, i32 %real_spectrum_lo_i, i32 %real_spectrum_hi_i"   --->   Operation 29 'call' 'call_ln0' <Predicate = true> <Delay = 0.00> <CoreType = "Generic">   --->   Core 0 '' <Latency = 0> <II = 1> <Delay = 1.00> <Generic> <Opcode : >

State 9 <SV = 8> <Delay = 0.00>
ST_9 : Operation 30 [1/2] (0.00ns)   --->   "%call_ln0 = call void @Loop_realfft_be_stream_output_proc4, i48 %dout, i32 %real_spectrum_lo_i, i32 %real_spectrum_hi_i"   --->   Operation 30 'call' 'call_ln0' <Predicate = true> <Delay = 0.00> <CoreType = "Generic">   --->   Core 0 '' <Latency = 0> <II = 1> <Delay = 1.00> <Generic> <Opcode : >

State 10 <SV = 9> <Delay = 0.00>
ST_10 : Operation 31 [1/1] (0.00ns)   --->   "%specdataflowpipeline_ln0 = specdataflowpipeline void @_ssdm_op_SpecDataflowPipeline, i32 4294967295, i32 0, void @empty_1"   --->   Operation 31 'specdataflowpipeline' 'specdataflowpipeline_ln0' <Predicate = true> <Delay = 0.00>
ST_10 : Operation 32 [1/1] (0.00ns)   --->   "%spectopmodule_ln0 = spectopmodule void @_ssdm_op_SpecTopModule, void @empty_3"   --->   Operation 32 'spectopmodule' 'spectopmodule_ln0' <Predicate = true> <Delay = 0.00>
ST_10 : Operation 33 [1/1] (0.00ns)   --->   "%specinterface_ln0 = specinterface void @_ssdm_op_SpecInterface, i48 %din, void @empty, i32 1, i32 1, void @empty_0, i32 0, i32 0, void @empty_1, void @empty_1, void @empty_1, i32 0, i32 0, i32 0, i32 0, void @empty_1, void @empty_1"   --->   Operation 33 'specinterface' 'specinterface_ln0' <Predicate = true> <Delay = 0.00>
ST_10 : Operation 34 [1/1] (0.00ns)   --->   "%specbitsmap_ln0 = specbitsmap void @_ssdm_op_SpecBitsMap, i48 %din"   --->   Operation 34 'specbitsmap' 'specbitsmap_ln0' <Predicate = true> <Delay = 0.00>
ST_10 : Operation 35 [1/1] (0.00ns)   --->   "%specinterface_ln0 = specinterface void @_ssdm_op_SpecInterface, i48 %dout, void @empty, i32 1, i32 1, void @empty_0, i32 0, i32 0, void @empty_1, void @empty_1, void @empty_1, i32 0, i32 0, i32 0, i32 0, void @empty_1, void @empty_1"   --->   Operation 35 'specinterface' 'specinterface_ln0' <Predicate = true> <Delay = 0.00>
ST_10 : Operation 36 [1/1] (0.00ns)   --->   "%specbitsmap_ln0 = specbitsmap void @_ssdm_op_SpecBitsMap, i48 %dout"   --->   Operation 36 'specbitsmap' 'specbitsmap_ln0' <Predicate = true> <Delay = 0.00>
ST_10 : Operation 37 [1/1] (0.00ns)   --->   "%empty = specchannel i32 @_ssdm_op_SpecChannel, void @real_spectrum_lo_OC_i_str, i32 1, void @p_str, void @p_str, i32 8, i32 8, i32 %real_spectrum_lo_i, i32 %real_spectrum_lo_i"   --->   Operation 37 'specchannel' 'empty' <Predicate = true> <Delay = 0.00>
ST_10 : Operation 38 [1/1] (0.00ns)   --->   "%specinterface_ln0 = specinterface void @_ssdm_op_SpecInterface, i32 %real_spectrum_lo_i, void @empty_2, i32 0, i32 0, void @empty_1, i32 0, i32 0, void @empty_1, void @empty_1, void @empty_1, i32 0, i32 0, i32 0, i32 0, void @empty_1, void @empty_1"   --->   Operation 38 'specinterface' 'specinterface_ln0' <Predicate = true> <Delay = 0.00>
ST_10 : Operation 39 [1/1] (0.00ns)   --->   "%empty_22 = specchannel i32 @_ssdm_op_SpecChannel, void @real_spectrum_hi_OC_i_str, i32 1, void @p_str, void @p_str, i32 8, i32 8, i32 %real_spectrum_hi_i, i32 %real_spectrum_hi_i"   --->   Operation 39 'specchannel' 'empty_22' <Predicate = true> <Delay = 0.00>
ST_10 : Operation 40 [1/1] (0.00ns)   --->   "%specinterface_ln0 = specinterface void @_ssdm_op_SpecInterface, i32 %real_spectrum_hi_i, void @empty_2, i32 0, i32 0, void @empty_1, i32 0, i32 0, void @empty_1, void @empty_1, void @empty_1, i32 0, i32 0, i32 0, i32 0, void @empty_1, void @empty_1"   --->   Operation 40 'specinterface' 'specinterface_ln0' <Predicate = true> <Delay = 0.00>
ST_10 : Operation 41 [1/1] (0.00ns)   --->   "%ret_ln61 = ret" [xfft2real.cpp:61]   --->   Operation 41 'ret' 'ret_ln61' <Predicate = true> <Delay = 0.00>


============================================================
+ Verbose Summary: Timing violations
============================================================
Target clock period: 4ns, clock uncertainty: 1.08ns.

 <State 1>: 0ns
The critical path consists of the following:

 <State 2>: 0ns
The critical path consists of the following:

 <State 3>: 0ns
The critical path consists of the following:

 <State 4>: 0ns
The critical path consists of the following:

 <State 5>: 0ns
The critical path consists of the following:

 <State 6>: 0ns
The critical path consists of the following:

 <State 7>: 0ns
The critical path consists of the following:

 <State 8>: 0ns
The critical path consists of the following:

 <State 9>: 0ns
The critical path consists of the following:

 <State 10>: 0ns
The critical path consists of the following:


============================================================
+ Verbose Summary: Binding
============================================================
N/A
* FSMD analyzer results:
  - Output states:
 - Input state : 
  - Chain level:
	State 1
	State 2
	State 3
	State 4
	State 5
	State 6
	State 7
	State 8
	State 9
	State 10


============================================================
+ Verbose Summary: Datapath Resource usage 
============================================================
N/A
