

================================================================
== Vitis HLS Report for 'Loop_realfft_be_buffer_proc1'
================================================================
* Date:           Sat Mar 26 21:16:44 2022

* Version:        2021.2 (Build 3367213 on Tue Oct 19 02:48:09 MDT 2021)
* Project:        be_vhls_prj
* Solution:       IPXACTExport (Vivado IP Flow Target)
* Product family: zynq
* Target device:  xc7z020-clg484-1


================================================================
== Performance Estimates
================================================================
+ Timing: 
    * Summary: 
    +--------+---------+----------+------------+
    |  Clock |  Target | Estimated| Uncertainty|
    +--------+---------+----------+------------+
    |ap_clk  |  4.00 ns|  1.823 ns|     1.08 ns|
    +--------+---------+----------+------------+

+ Latency: 
    * Summary: 
    +---------+---------+----------+----------+-----+-----+------------------------------------------+
    |  Latency (cycles) |  Latency (absolute) |  Interval |                 Pipeline                 |
    |   min   |   max   |    min   |    max   | min | max |                   Type                   |
    +---------+---------+----------+----------+-----+-----+------------------------------------------+
    |      511|      512|  2.044 us|  2.048 us|  512|  512|  loop rewind stp(delay=0 clock cycles(s))|
    +---------+---------+----------+----------+-----+-----+------------------------------------------+

    + Detail: 
        * Instance: 
        N/A

        * Loop: 
        +---------------------+---------+---------+----------+-----------+-----------+------+----------+
        |                     |  Latency (cycles) | Iteration|  Initiation Interval  | Trip |          |
        |      Loop Name      |   min   |   max   |  Latency |  achieved |   target  | Count| Pipelined|
        +---------------------+---------+---------+----------+-----------+-----------+------+----------+
        |- realfft_be_buffer  |      511|      511|         1|          1|          1|   512|       yes|
        +---------------------+---------+---------+----------+-----------+-----------+------+----------+

============================================================
+ Verbose Summary: Synthesis Manager
============================================================
InlineROM: 1
ExposeGlobal: 0
============================================================
+ Verbose Summary: CDFG Model
============================================================
IsTopModel: 0
ResetActiveHigh: 1
IsCombinational: 2
IsDatapathOnly: 0
HasWiredReturn: 1
HasMFsm: 2
HasVarLatency: 1
IsPipeline: 0
IsRtlPipelined: 0
IsInstanceOverlapped: 0
IsDontTouch: 0
HasImplIP: 0
IsGatedGlobalClock: 0

+ Individual pipeline summary: 
  * Pipeline-0: initiation interval (II) = 1, depth = 1


============================================================
+ Verbose Summary: Schedule
============================================================
* Number of FSM states : 2
* Pipeline : 1
  Pipeline-0 : II = 1, D = 1, States = { 2 }
* Dataflow Pipeline: 0

* FSM state transitions: 
1 --> 2 
2 --> 2 

* FSM state operations: 

State 1 <SV = 0> <Delay = 1.58>
ST_1 : Operation 3 [1/1] (0.00ns)   --->   "%specinterface_ln0 = specinterface void @_ssdm_op_SpecInterface, i48 %din, void @empty, i32 1, i32 1, void @empty_0, i32 0, i32 0, void @empty_1, void @empty_1, void @empty_1, i32 0, i32 0, i32 0, i32 0, void @empty_1, void @empty_1"   --->   Operation 3 'specinterface' 'specinterface_ln0' <Predicate = true> <Delay = 0.00>
ST_1 : Operation 4 [1/1] (1.58ns)   --->   "%br_ln79 = br void" [./xfft2real.h:79]   --->   Operation 4 'br' 'br_ln79' <Predicate = true> <Delay = 1.58>

State 2 <SV = 1> <Delay = 1.82>
ST_2 : Operation 5 [1/1] (0.00ns)   --->   "%i_221 = phi i9 0, void %newFuncRoot, i9 %i, void %arrayidx.i.1.0.0.04628.exit, i9 0, void %.exitStub"   --->   Operation 5 'phi' 'i_221' <Predicate = true> <Delay = 0.00>
ST_2 : Operation 6 [1/1] (0.00ns)   --->   "%empty = speclooptripcount i32 @_ssdm_op_SpecLoopTripCount, i64 512, i64 512, i64 512"   --->   Operation 6 'speclooptripcount' 'empty' <Predicate = true> <Delay = 0.00>
ST_2 : Operation 7 [1/1] (0.00ns)   --->   "%specpipeline_ln0 = specpipeline void @_ssdm_op_SpecPipeline, i32 4294967295, i32 0, i32 0, i32 0, void @empty_1" [C:/Xilinx/Vitis_HLS/2021.2/common/technology/autopilot/hls_stream_39.h:0]   --->   Operation 7 'specpipeline' 'specpipeline_ln0' <Predicate = true> <Delay = 0.00>
ST_2 : Operation 8 [1/1] (0.00ns)   --->   "%specloopname_ln0 = specloopname void @_ssdm_op_SpecLoopName, void @empty_7" [C:/Xilinx/Vitis_HLS/2021.2/common/technology/autopilot/hls_stream_39.h:0]   --->   Operation 8 'specloopname' 'specloopname_ln0' <Predicate = true> <Delay = 0.00>
ST_2 : Operation 9 [1/1] (0.00ns)   --->   "%din_read = read i48 @_ssdm_op_Read.axis.volatile.i48P128A, i48 %din" [C:/Xilinx/Vitis_HLS/2021.2/common/technology/autopilot/hls_stream_39.h:144]   --->   Operation 9 'read' 'din_read' <Predicate = true> <Delay = 0.00> <CoreInst = "axis">   --->   Core 115 'axis' <Latency = 0> <II = 1> <Delay = 1.00> <Adapter> <Opcode : >
ST_2 : Operation 10 [1/1] (0.00ns)   --->   "%tmp_data_M_real_V = trunc i48 %din_read" [C:/Xilinx/Vitis_HLS/2021.2/common/technology/autopilot/hls_stream_39.h:144]   --->   Operation 10 'trunc' 'tmp_data_M_real_V' <Predicate = true> <Delay = 0.00>
ST_2 : Operation 11 [1/1] (0.00ns)   --->   "%tmp_data_M_imag_V = partselect i16 @_ssdm_op_PartSelect.i16.i48.i32.i32, i48 %din_read, i32 16, i32 31" [C:/Xilinx/Vitis_HLS/2021.2/common/technology/autopilot/hls_stream_39.h:144]   --->   Operation 11 'partselect' 'tmp_data_M_imag_V' <Predicate = true> <Delay = 0.00>
ST_2 : Operation 12 [1/1] (0.00ns)   --->   "%trunc_ln = partselect i8 @_ssdm_op_PartSelect.i8.i9.i32.i32, i9 %i_221, i32 8, i32 1"   --->   Operation 12 'partselect' 'trunc_ln' <Predicate = true> <Delay = 0.00>
ST_2 : Operation 13 [1/1] (0.00ns)   --->   "%zext_ln85 = zext i8 %trunc_ln" [./xfft2real.h:85]   --->   Operation 13 'zext' 'zext_ln85' <Predicate = true> <Delay = 0.00>
ST_2 : Operation 14 [1/1] (0.00ns)   --->   "%trunc_ln85 = trunc i9 %i_221" [./xfft2real.h:85]   --->   Operation 14 'trunc' 'trunc_ln85' <Predicate = true> <Delay = 0.00>
ST_2 : Operation 15 [1/1] (0.00ns)   --->   "%descramble_buf_M_real_V_addr = getelementptr i16 %descramble_buf_M_real_V, i64 0, i64 %zext_ln85" [./xfft2real.h:85]   --->   Operation 15 'getelementptr' 'descramble_buf_M_real_V_addr' <Predicate = true> <Delay = 0.00>
ST_2 : Operation 16 [1/1] (0.00ns)   --->   "%descramble_buf_M_real_V_1_addr = getelementptr i16 %descramble_buf_M_real_V_1, i64 0, i64 %zext_ln85" [./xfft2real.h:85]   --->   Operation 16 'getelementptr' 'descramble_buf_M_real_V_1_addr' <Predicate = true> <Delay = 0.00>
ST_2 : Operation 17 [1/1] (0.00ns)   --->   "%descramble_buf_M_imag_V_addr = getelementptr i16 %descramble_buf_M_imag_V, i64 0, i64 %zext_ln85" [./xfft2real.h:85]   --->   Operation 17 'getelementptr' 'descramble_buf_M_imag_V_addr' <Predicate = true> <Delay = 0.00>
ST_2 : Operation 18 [1/1] (1.82ns)   --->   "%i = add i9 %i_221, i9 1" [./xfft2real.h:79]   --->   Operation 18 'add' 'i' <Predicate = true> <Delay = 1.82> <CoreInst = "Adder">   --->   Core 1 'Adder' <Latency = 0> <II = 1> <Delay = 1.82> <FuncUnit> <Opcode : 'add' 'sub'> <InPorts = 2> <OutPorts = 1>
ST_2 : Operation 19 [1/1] (0.00ns)   --->   "%br_ln85 = br i1 %trunc_ln85, void %arrayidx.i.1.0.0.04628.case.0, void %arrayidx.i.1.0.0.04628.case.1" [./xfft2real.h:85]   --->   Operation 19 'br' 'br_ln85' <Predicate = true> <Delay = 0.00>
ST_2 : Operation 20 [1/1] (1.68ns)   --->   "%store_ln85 = store i16 %tmp_data_M_real_V, i8 %descramble_buf_M_real_V_addr" [./xfft2real.h:85]   --->   Operation 20 'store' 'store_ln85' <Predicate = (!trunc_ln85)> <Delay = 1.68> <CoreInst = "RAM">   --->   Core 82 'RAM' <Latency = 2> <II = 1> <Delay = 1.68> <Storage> <Opcode : 'load' 'store'> <Ports = 2> <Width = 16> <Depth = 256> <RAM>
ST_2 : Operation 21 [1/1] (1.68ns)   --->   "%store_ln85 = store i16 %tmp_data_M_imag_V, i8 %descramble_buf_M_imag_V_addr" [./xfft2real.h:85]   --->   Operation 21 'store' 'store_ln85' <Predicate = (!trunc_ln85)> <Delay = 1.68> <CoreInst = "RAM">   --->   Core 82 'RAM' <Latency = 2> <II = 1> <Delay = 1.68> <Storage> <Opcode : 'load' 'store'> <Ports = 2> <Width = 16> <Depth = 256> <RAM>
ST_2 : Operation 22 [1/1] (0.00ns)   --->   "%br_ln85 = br void %arrayidx.i.1.0.0.04628.exit" [./xfft2real.h:85]   --->   Operation 22 'br' 'br_ln85' <Predicate = (!trunc_ln85)> <Delay = 0.00>
ST_2 : Operation 23 [1/1] (1.68ns)   --->   "%store_ln85 = store i16 %tmp_data_M_real_V, i8 %descramble_buf_M_real_V_1_addr" [./xfft2real.h:85]   --->   Operation 23 'store' 'store_ln85' <Predicate = (trunc_ln85)> <Delay = 1.68> <CoreInst = "RAM">   --->   Core 82 'RAM' <Latency = 2> <II = 1> <Delay = 1.68> <Storage> <Opcode : 'load' 'store'> <Ports = 2> <Width = 16> <Depth = 256> <RAM>
ST_2 : Operation 24 [1/1] (0.00ns)   --->   "%descramble_buf_M_imag_V_1_addr = getelementptr i16 %descramble_buf_M_imag_V_1, i64 0, i64 %zext_ln85" [./xfft2real.h:85]   --->   Operation 24 'getelementptr' 'descramble_buf_M_imag_V_1_addr' <Predicate = (trunc_ln85)> <Delay = 0.00>
ST_2 : Operation 25 [1/1] (1.68ns)   --->   "%store_ln85 = store i16 %tmp_data_M_imag_V, i8 %descramble_buf_M_imag_V_1_addr" [./xfft2real.h:85]   --->   Operation 25 'store' 'store_ln85' <Predicate = (trunc_ln85)> <Delay = 1.68> <CoreInst = "RAM">   --->   Core 82 'RAM' <Latency = 2> <II = 1> <Delay = 1.68> <Storage> <Opcode : 'load' 'store'> <Ports = 2> <Width = 16> <Depth = 256> <RAM>
ST_2 : Operation 26 [1/1] (0.00ns)   --->   "%br_ln85 = br void %arrayidx.i.1.0.0.04628.exit" [./xfft2real.h:85]   --->   Operation 26 'br' 'br_ln85' <Predicate = (trunc_ln85)> <Delay = 0.00>
ST_2 : Operation 27 [1/1] (1.66ns)   --->   "%icmp_ln79 = icmp_eq  i9 %i_221, i9 511" [./xfft2real.h:79]   --->   Operation 27 'icmp' 'icmp_ln79' <Predicate = true> <Delay = 1.66> <CoreInst = "Cmp">   --->   Core 9 'Cmp' <Latency = 0> <II = 1> <Delay = 1.66> <FuncUnit> <Opcode : 'icmp'> <InPorts = 2> <OutPorts = 1>
ST_2 : Operation 28 [1/1] (0.00ns)   --->   "%br_ln79 = br i1 %icmp_ln79, void, void %.exitStub" [./xfft2real.h:79]   --->   Operation 28 'br' 'br_ln79' <Predicate = true> <Delay = 0.00>
ST_2 : Operation 29 [1/1] (0.00ns)   --->   "%return_ln0 = return void @_ssdm_op_Return"   --->   Operation 29 'return' 'return_ln0' <Predicate = (icmp_ln79)> <Delay = 0.00>
ST_2 : Operation 30 [1/1] (0.00ns)   --->   "%br_ln0 = br void"   --->   Operation 30 'br' 'br_ln0' <Predicate = (icmp_ln79)> <Delay = 0.00>


============================================================
+ Verbose Summary: Timing violations
============================================================
Target clock period: 4ns, clock uncertainty: 1.08ns.

 <State 1>: 1.59ns
The critical path consists of the following:
	multiplexor before 'phi' operation ('i') with incoming values : ('i', ./xfft2real.h:79) [9]  (1.59 ns)

 <State 2>: 1.82ns
The critical path consists of the following:
	'phi' operation ('i') with incoming values : ('i', ./xfft2real.h:79) [9]  (0 ns)
	'add' operation ('i', ./xfft2real.h:79) [22]  (1.82 ns)


============================================================
+ Verbose Summary: Binding
============================================================
N/A
* FSMD analyzer results:
  - Output states:
 - Input state : 
  - Chain level:
	State 1
	State 2


============================================================
+ Verbose Summary: Datapath Resource usage 
============================================================
N/A
