

================================================================
== Vitis HLS Report for 'Loop_realfft_be_stream_output_proc4'
================================================================
* Date:           Sat Mar 26 21:16:48 2022

* Version:        2021.2 (Build 3367213 on Tue Oct 19 02:48:09 MDT 2021)
* Project:        be_vhls_prj
* Solution:       IPXACTExport (Vivado IP Flow Target)
* Product family: zynq
* Target device:  xc7z020-clg484-1


================================================================
== Performance Estimates
================================================================
+ Timing: 
    * Summary: 
    +--------+---------+----------+------------+
    |  Clock |  Target | Estimated| Uncertainty|
    +--------+---------+----------+------------+
    |ap_clk  |  4.00 ns|  1.823 ns|     1.08 ns|
    +--------+---------+----------+------------+

+ Latency: 
    * Summary: 
    +---------+---------+----------+----------+-----+-----+------------------------------------------+
    |  Latency (cycles) |  Latency (absolute) |  Interval |                 Pipeline                 |
    |   min   |   max   |    min   |    max   | min | max |                   Type                   |
    +---------+---------+----------+----------+-----+-----+------------------------------------------+
    |      514|      515|  2.056 us|  2.060 us|  512|  512|  loop rewind stp(delay=0 clock cycles(s))|
    +---------+---------+----------+----------+-----+-----+------------------------------------------+

    + Detail: 
        * Instance: 
        N/A

        * Loop: 
        +----------------------------+---------+---------+----------+-----------+-----------+------+----------+
        |                            |  Latency (cycles) | Iteration|  Initiation Interval  | Trip |          |
        |          Loop Name         |   min   |   max   |  Latency |  achieved |   target  | Count| Pipelined|
        +----------------------------+---------+---------+----------+-----------+-----------+------+----------+
        |- realfft_be_stream_output  |      514|      514|         4|          1|          1|   512|       yes|
        +----------------------------+---------+---------+----------+-----------+-----------+------+----------+



================================================================
== Utilization Estimates
================================================================
* Summary: 
+-----------------+---------+-----+--------+-------+-----+
|       Name      | BRAM_18K| DSP |   FF   |  LUT  | URAM|
+-----------------+---------+-----+--------+-------+-----+
|DSP              |        -|    -|       -|      -|    -|
|Expression       |        -|    -|       0|     37|    -|
|FIFO             |        -|    -|       -|      -|    -|
|Instance         |        -|    -|       -|      -|    -|
|Memory           |        -|    -|       -|      -|    -|
|Multiplexer      |        -|    -|       -|    105|    -|
|Register         |        -|    -|     218|     64|    -|
+-----------------+---------+-----+--------+-------+-----+
|Total            |        0|    0|     218|    206|    0|
+-----------------+---------+-----+--------+-------+-----+
|Available        |      280|  220|  106400|  53200|    0|
+-----------------+---------+-----+--------+-------+-----+
|Utilization (%)  |        0|    0|      ~0|     ~0|    0|
+-----------------+---------+-----+--------+-------+-----+

+ Detail: 
    * Instance: 
    N/A

    * DSP: 
    N/A

    * Memory: 
    N/A

    * FIFO: 
    N/A

    * Expression: 
    +----------------------------------+----------+----+---+----+------------+------------+
    |           Variable Name          | Operation| DSP| FF| LUT| Bitwidth P0| Bitwidth P1|
    +----------------------------------+----------+----+---+----+------------+------------+
    |i_fu_98_p2                        |         +|   0|  0|  14|           9|           1|
    |ap_condition_91                   |       and|   0|  0|   2|           1|           1|
    |dout_val_last_V_fu_104_p2         |      icmp|   0|  0|  11|           9|           2|
    |ap_block_pp0_stage0_01001         |        or|   0|  0|   2|           1|           1|
    |ap_block_state1                   |        or|   0|  0|   2|           1|           1|
    |ap_block_state3_pp0_stage0_iter1  |        or|   0|  0|   2|           1|           1|
    |ap_block_state5_pp0_stage0_iter3  |        or|   0|  0|   2|           1|           1|
    |ap_enable_pp0                     |       xor|   0|  0|   2|           1|           2|
    +----------------------------------+----------+----+---+----+------------+------------+
    |Total                             |          |   0|  0|  37|          24|          10|
    +----------------------------------+----------+----+---+----+------------+------------+

    * Multiplexer: 
    +---------------------------------------------+----+-----------+-----+-----------+
    |                     Name                    | LUT| Input Size| Bits| Total Bits|
    +---------------------------------------------+----+-----------+-----+-----------+
    |ap_NS_fsm                                    |  14|          3|    1|          3|
    |ap_done                                      |   9|          2|    1|          2|
    |ap_enable_reg_pp0_iter1                      |   9|          2|    1|          2|
    |ap_enable_reg_pp0_iter3                      |   9|          2|    1|          2|
    |ap_phi_mux_dout_val_i_0_0_0_in_phi_fu_84_p4  |  14|          3|   32|         96|
    |ap_phi_mux_i1_phi_fu_71_p6                   |  14|          3|    9|         27|
    |dout_TDATA_blk_n                             |   9|          2|    1|          2|
    |i1_reg_67                                    |   9|          2|    9|         18|
    |real_spectrum_hi_i_blk_n                     |   9|          2|    1|          2|
    |real_spectrum_lo_i_blk_n                     |   9|          2|    1|          2|
    +---------------------------------------------+----+-----------+-----+-----------+
    |Total                                        | 105|         23|   57|        156|
    +---------------------------------------------+----+-----------+-----+-----------+

    * Register: 
    +---------------------------------+----+----+-----+-----------+
    |               Name              | FF | LUT| Bits| Const Bits|
    +---------------------------------+----+----+-----+-----------+
    |ap_CS_fsm                        |   2|   0|    2|          0|
    |ap_done_reg                      |   1|   0|    1|          0|
    |ap_enable_reg_pp0_iter1          |   1|   0|    1|          0|
    |ap_enable_reg_pp0_iter2          |   1|   0|    1|          0|
    |ap_enable_reg_pp0_iter3          |   1|   0|    1|          0|
    |dout_val_last_V_reg_133          |   1|   0|    1|          0|
    |i1_reg_67                        |   9|   0|    9|          0|
    |i_reg_128                        |   9|   0|    9|          0|
    |real_spectrum_hi_i_read_reg_143  |  32|   0|   32|          0|
    |real_spectrum_lo_i_read_reg_138  |  32|   0|   32|          0|
    |tmp_1_reg_124                    |   1|   0|    1|          0|
    |dout_val_last_V_reg_133          |  64|  32|    1|          0|
    |tmp_1_reg_124                    |  64|  32|    1|          0|
    +---------------------------------+----+----+-----+-----------+
    |Total                            | 218|  64|   92|          0|
    +---------------------------------+----+----+-----+-----------+



================================================================
== Interface
================================================================
* Summary: 
+----------------------------+-----+-----+------------+-------------------------------------+--------------+
|          RTL Ports         | Dir | Bits|  Protocol  |            Source Object            |    C Type    |
+----------------------------+-----+-----+------------+-------------------------------------+--------------+
|ap_clk                      |   in|    1|  ap_ctrl_hs|  Loop_realfft_be_stream_output_proc4|  return value|
|ap_rst                      |   in|    1|  ap_ctrl_hs|  Loop_realfft_be_stream_output_proc4|  return value|
|ap_start                    |   in|    1|  ap_ctrl_hs|  Loop_realfft_be_stream_output_proc4|  return value|
|ap_done                     |  out|    1|  ap_ctrl_hs|  Loop_realfft_be_stream_output_proc4|  return value|
|ap_continue                 |   in|    1|  ap_ctrl_hs|  Loop_realfft_be_stream_output_proc4|  return value|
|ap_idle                     |  out|    1|  ap_ctrl_hs|  Loop_realfft_be_stream_output_proc4|  return value|
|ap_ready                    |  out|    1|  ap_ctrl_hs|  Loop_realfft_be_stream_output_proc4|  return value|
|real_spectrum_lo_i_dout     |   in|   32|     ap_fifo|                   real_spectrum_lo_i|       pointer|
|real_spectrum_lo_i_empty_n  |   in|    1|     ap_fifo|                   real_spectrum_lo_i|       pointer|
|real_spectrum_lo_i_read     |  out|    1|     ap_fifo|                   real_spectrum_lo_i|       pointer|
|real_spectrum_hi_i_dout     |   in|   32|     ap_fifo|                   real_spectrum_hi_i|       pointer|
|real_spectrum_hi_i_empty_n  |   in|    1|     ap_fifo|                   real_spectrum_hi_i|       pointer|
|real_spectrum_hi_i_read     |  out|    1|     ap_fifo|                   real_spectrum_hi_i|       pointer|
|dout_TREADY                 |   in|    1|        axis|                                 dout|       pointer|
|dout_TDATA                  |  out|   48|        axis|                                 dout|       pointer|
|dout_TVALID                 |  out|    1|        axis|                                 dout|       pointer|
+----------------------------+-----+-----+------------+-------------------------------------+--------------+

============================================================
+ Verbose Summary: Synthesis Manager
============================================================
InlineROM: 1
ExposeGlobal: 0
============================================================
+ Verbose Summary: CDFG Model
============================================================
IsTopModel: 0
ResetActiveHigh: 1
IsCombinational: 2
IsDatapathOnly: 0
HasWiredReturn: 1
HasMFsm: 2
HasVarLatency: 1
IsPipeline: 0
IsRtlPipelined: 0
IsInstanceOverlapped: 0
IsDontTouch: 0
HasImplIP: 0
IsGatedGlobalClock: 0

+ Individual pipeline summary: 
  * Pipeline-0: initiation interval (II) = 1, depth = 4


============================================================
+ Verbose Summary: Schedule
============================================================
* Number of FSM states : 5
* Pipeline : 1
  Pipeline-0 : II = 1, D = 4, States = { 2 3 4 5 }
* Dataflow Pipeline: 0

* FSM state transitions: 
1 --> 2 
2 --> 3 
3 --> 4 
4 --> 5 
5 --> 2 

* FSM state operations: 

State 1 <SV = 0> <Delay = 1.58>
ST_1 : Operation 6 [1/1] (0.00ns)   --->   "%specinterface_ln0 = specinterface void @_ssdm_op_SpecInterface, i32 %real_spectrum_hi_i, void @empty_2, i32 0, i32 0, void @empty_1, i32 0, i32 0, void @empty_1, void @empty_1, void @empty_1, i32 0, i32 0, i32 0, i32 0, void @empty_1, void @empty_1"   --->   Operation 6 'specinterface' 'specinterface_ln0' <Predicate = true> <Delay = 0.00>
ST_1 : Operation 7 [1/1] (0.00ns)   --->   "%specinterface_ln0 = specinterface void @_ssdm_op_SpecInterface, i32 %real_spectrum_lo_i, void @empty_2, i32 0, i32 0, void @empty_1, i32 0, i32 0, void @empty_1, void @empty_1, void @empty_1, i32 0, i32 0, i32 0, i32 0, void @empty_1, void @empty_1"   --->   Operation 7 'specinterface' 'specinterface_ln0' <Predicate = true> <Delay = 0.00>
ST_1 : Operation 8 [1/1] (0.00ns)   --->   "%specinterface_ln0 = specinterface void @_ssdm_op_SpecInterface, i48 %dout, void @empty, i32 1, i32 1, void @empty_0, i32 0, i32 0, void @empty_1, void @empty_1, void @empty_1, i32 0, i32 0, i32 0, i32 0, void @empty_1, void @empty_1"   --->   Operation 8 'specinterface' 'specinterface_ln0' <Predicate = true> <Delay = 0.00>
ST_1 : Operation 9 [1/1] (1.58ns)   --->   "%br_ln121 = br void" [./xfft2real.h:121]   --->   Operation 9 'br' 'br_ln121' <Predicate = true> <Delay = 1.58>

State 2 <SV = 1> <Delay = 1.82>
ST_2 : Operation 10 [1/1] (0.00ns)   --->   "%i1 = phi i9 0, void %newFuncRoot, i9 %i, void %.preheader, i9 0, void %_Z9xfft2realI8ap_fixedILi16ELi1EL9ap_q_mode5EL9ap_o_mode3ELi0EES3_Li10ELb1EEvRN3hls6streamI11xfft_axis_tIT_ELi0EEERNS5_IS6_IT0_ELi0EEE.exit.exitStub"   --->   Operation 10 'phi' 'i1' <Predicate = true> <Delay = 0.00>
ST_2 : Operation 11 [1/1] (0.00ns)   --->   "%empty = speclooptripcount i32 @_ssdm_op_SpecLoopTripCount, i64 512, i64 512, i64 512"   --->   Operation 11 'speclooptripcount' 'empty' <Predicate = true> <Delay = 0.00>
ST_2 : Operation 12 [1/1] (0.00ns)   --->   "%specpipeline_ln124 = specpipeline void @_ssdm_op_SpecPipeline, i32 4294967295, i32 0, i32 0, i32 0, void @empty_1" [./xfft2real.h:124]   --->   Operation 12 'specpipeline' 'specpipeline_ln124' <Predicate = true> <Delay = 0.00>
ST_2 : Operation 13 [1/1] (0.00ns)   --->   "%specloopname_ln124 = specloopname void @_ssdm_op_SpecLoopName, void @empty_4" [./xfft2real.h:124]   --->   Operation 13 'specloopname' 'specloopname_ln124' <Predicate = true> <Delay = 0.00>
ST_2 : Operation 14 [1/1] (0.00ns)   --->   "%tmp_1 = bitselect i1 @_ssdm_op_BitSelect.i1.i9.i32, i9 %i1, i32 8" [./xfft2real.h:124]   --->   Operation 14 'bitselect' 'tmp_1' <Predicate = true> <Delay = 0.00>
ST_2 : Operation 15 [1/1] (1.82ns)   --->   "%i = add i9 %i1, i9 1" [./xfft2real.h:121]   --->   Operation 15 'add' 'i' <Predicate = true> <Delay = 1.82> <CoreInst = "Adder">   --->   Core 1 'Adder' <Latency = 0> <II = 1> <Delay = 1.82> <FuncUnit> <Opcode : 'add' 'sub'> <InPorts = 2> <OutPorts = 1>
ST_2 : Operation 16 [1/1] (0.00ns)   --->   "%br_ln124 = br i1 %tmp_1, void, void" [./xfft2real.h:124]   --->   Operation 16 'br' 'br_ln124' <Predicate = true> <Delay = 0.00>
ST_2 : Operation 17 [1/1] (1.66ns)   --->   "%dout_val_last_V = icmp_eq  i9 %i1, i9 511" [./xfft2real.h:128]   --->   Operation 17 'icmp' 'dout_val_last_V' <Predicate = true> <Delay = 1.66> <CoreInst = "Cmp">   --->   Core 9 'Cmp' <Latency = 0> <II = 1> <Delay = 1.66> <FuncUnit> <Opcode : 'icmp'> <InPorts = 2> <OutPorts = 1>
ST_2 : Operation 18 [1/1] (0.00ns)   --->   "%br_ln121 = br i1 %dout_val_last_V, void, void %_Z9xfft2realI8ap_fixedILi16ELi1EL9ap_q_mode5EL9ap_o_mode3ELi0EES3_Li10ELb1EEvRN3hls6streamI11xfft_axis_tIT_ELi0EEERNS5_IS6_IT0_ELi0EEE.exit.exitStub" [./xfft2real.h:121]   --->   Operation 18 'br' 'br_ln121' <Predicate = true> <Delay = 0.00>
ST_2 : Operation 19 [1/1] (0.00ns)   --->   "%br_ln0 = br void"   --->   Operation 19 'br' 'br_ln0' <Predicate = (dout_val_last_V)> <Delay = 0.00>

State 3 <SV = 2> <Delay = 1.46>
ST_3 : Operation 20 [1/1] (1.46ns)   --->   "%real_spectrum_lo_i_read = read i32 @_ssdm_op_Read.ap_fifo.volatile.i32P0A, i32 %real_spectrum_lo_i" [C:/Xilinx/Vitis_HLS/2021.2/common/technology/autopilot/hls_stream_39.h:144]   --->   Operation 20 'read' 'real_spectrum_lo_i_read' <Predicate = (!tmp_1)> <Delay = 1.46> <CoreInst = "FIFO_SRL">   --->   Core 81 'FIFO_SRL' <Latency = 0> <II = 1> <Delay = 3.54> <Storage> <Opcode : 'read' 'write' 'nbread' 'nbwrite'> <Ports = 0> <Width = 32> <Depth = 8> <FIFO>
ST_3 : Operation 21 [1/1] (1.46ns)   --->   "%real_spectrum_hi_i_read = read i32 @_ssdm_op_Read.ap_fifo.volatile.i32P0A, i32 %real_spectrum_hi_i" [C:/Xilinx/Vitis_HLS/2021.2/common/technology/autopilot/hls_stream_39.h:144]   --->   Operation 21 'read' 'real_spectrum_hi_i_read' <Predicate = (tmp_1)> <Delay = 1.46> <CoreInst = "FIFO_SRL">   --->   Core 81 'FIFO_SRL' <Latency = 0> <II = 1> <Delay = 3.54> <Storage> <Opcode : 'read' 'write' 'nbread' 'nbwrite'> <Ports = 0> <Width = 32> <Depth = 8> <FIFO>

State 4 <SV = 3> <Delay = 1.58>
ST_4 : Operation 22 [1/1] (1.58ns)   --->   "%br_ln125 = br void %.preheader" [./xfft2real.h:125]   --->   Operation 22 'br' 'br_ln125' <Predicate = (!tmp_1)> <Delay = 1.58>
ST_4 : Operation 23 [1/1] (1.58ns)   --->   "%br_ln0 = br void %.preheader"   --->   Operation 23 'br' 'br_ln0' <Predicate = (tmp_1)> <Delay = 1.58>
ST_4 : Operation 24 [1/1] (0.00ns)   --->   "%dout_val_i_0_0_0_in = phi i32 %real_spectrum_lo_i_read, void, i32 %real_spectrum_hi_i_read, void" [C:/Xilinx/Vitis_HLS/2021.2/common/technology/autopilot/hls_stream_39.h:144]   --->   Operation 24 'phi' 'dout_val_i_0_0_0_in' <Predicate = true> <Delay = 0.00>
ST_4 : Operation 25 [1/1] (0.00ns)   --->   "%tmp = bitconcatenate i33 @_ssdm_op_BitConcatenate.i33.i1.i32, i1 %dout_val_last_V, i32 %dout_val_i_0_0_0_in" [C:/Xilinx/Vitis_HLS/2021.2/common/technology/autopilot/hls_stream_39.h:173]   --->   Operation 25 'bitconcatenate' 'tmp' <Predicate = true> <Delay = 0.00>
ST_4 : Operation 26 [1/1] (0.00ns)   --->   "%zext_ln173 = zext i33 %tmp" [C:/Xilinx/Vitis_HLS/2021.2/common/technology/autopilot/hls_stream_39.h:173]   --->   Operation 26 'zext' 'zext_ln173' <Predicate = true> <Delay = 0.00>
ST_4 : Operation 27 [2/2] (0.00ns)   --->   "%write_ln173 = write void @_ssdm_op_Write.axis.volatile.i48P128A, i48 %dout, i48 %zext_ln173" [C:/Xilinx/Vitis_HLS/2021.2/common/technology/autopilot/hls_stream_39.h:173]   --->   Operation 27 'write' 'write_ln173' <Predicate = true> <Delay = 0.00> <CoreInst = "axis">   --->   Core 115 'axis' <Latency = 0> <II = 1> <Delay = 1.00> <Adapter> <Opcode : >

State 5 <SV = 4> <Delay = 0.00>
ST_5 : Operation 28 [1/2] (0.00ns)   --->   "%write_ln173 = write void @_ssdm_op_Write.axis.volatile.i48P128A, i48 %dout, i48 %zext_ln173" [C:/Xilinx/Vitis_HLS/2021.2/common/technology/autopilot/hls_stream_39.h:173]   --->   Operation 28 'write' 'write_ln173' <Predicate = true> <Delay = 0.00> <CoreInst = "axis">   --->   Core 115 'axis' <Latency = 0> <II = 1> <Delay = 1.00> <Adapter> <Opcode : >
ST_5 : Operation 29 [1/1] (0.00ns)   --->   "%return_ln0 = return void @_ssdm_op_Return"   --->   Operation 29 'return' 'return_ln0' <Predicate = (dout_val_last_V)> <Delay = 0.00>


============================================================
+ Verbose Summary: Binding
============================================================
STG Binding: 
---------------- STG Properties BEGIN ----------------
- Is combinational: 0
- Is one-state seq: 0
- Is datapath-only: 0
- Is pipelined: 0
- Is top level: 0
Port [ Return ] is wired: 1; IO mode=ap_ctrl_hs:ce=0
Port [ dout]:  wired=1; compound=1; hidden=0; nouse=0; global=0; static=0; extern=0; dir=1; type=0; pingpong=0; private_global=0; IO mode=axis:ce=0
Port [ real_spectrum_lo_i]:  wired=1; compound=1; hidden=0; nouse=0; global=0; static=0; extern=0; dir=0; type=3; pingpong=0; private_global=0; IO mode=ap_fifo:ce=0
Port [ real_spectrum_hi_i]:  wired=1; compound=1; hidden=0; nouse=0; global=0; static=0; extern=0; dir=0; type=3; pingpong=0; private_global=0; IO mode=ap_fifo:ce=0
---------------- STG Properties END ------------------

---------------- Datapath Model BEGIN ----------------

<LifeTime>
<method=bitvector/>
specinterface_ln0       (specinterface    ) [ 000000]
specinterface_ln0       (specinterface    ) [ 000000]
specinterface_ln0       (specinterface    ) [ 000000]
br_ln121                (br               ) [ 011111]
i1                      (phi              ) [ 001111]
empty                   (speclooptripcount) [ 000000]
specpipeline_ln124      (specpipeline     ) [ 000000]
specloopname_ln124      (specloopname     ) [ 000000]
tmp_1                   (bitselect        ) [ 001111]
i                       (add              ) [ 011111]
br_ln124                (br               ) [ 000000]
dout_val_last_V         (icmp             ) [ 001111]
br_ln121                (br               ) [ 011111]
br_ln0                  (br               ) [ 011111]
real_spectrum_lo_i_read (read             ) [ 001010]
real_spectrum_hi_i_read (read             ) [ 001010]
br_ln125                (br               ) [ 000000]
br_ln0                  (br               ) [ 000000]
dout_val_i_0_0_0_in     (phi              ) [ 001010]
tmp                     (bitconcatenate   ) [ 000000]
zext_ln173              (zext             ) [ 001001]
write_ln173             (write            ) [ 000000]
return_ln0              (return           ) [ 000000]
</LifeTime>

<model>

<comp_list>
<comp id="0" class="1000" name="dout">
<pin_list>
<pin id="1" dir="1" index="0" bw="1" slack="0"/>
</pin_list>
<bind>
<StgValue><ssdm name="dout"/></StgValue>
</bind>
</comp>

<comp id="2" class="1000" name="real_spectrum_lo_i">
<pin_list>
<pin id="3" dir="1" index="0" bw="1" slack="0"/>
</pin_list>
<bind>
<StgValue><ssdm name="real_spectrum_lo_i"/></StgValue>
</bind>
</comp>

<comp id="4" class="1000" name="real_spectrum_hi_i">
<pin_list>
<pin id="5" dir="1" index="0" bw="1" slack="0"/>
</pin_list>
<bind>
<StgValue><ssdm name="real_spectrum_hi_i"/></StgValue>
</bind>
</comp>

<comp id="6" class="1001" name="const_6">
<pin_list>
<pin id="7" dir="1" index="0" bw="1" slack="2147483647"/>
</pin_list>
<bind>
<StgValue><ssdm name="_ssdm_op_SpecInterface"/></StgValue>
</bind>
</comp>

<comp id="8" class="1001" name="const_8">
<pin_list>
<pin id="9" dir="1" index="0" bw="1" slack="2147483647"/>
</pin_list>
<bind>
<StgValue><ssdm name="empty_2"/></StgValue>
</bind>
</comp>

<comp id="10" class="1001" name="const_10">
<pin_list>
<pin id="11" dir="1" index="0" bw="1" slack="2147483647"/>
</pin_list>
<bind>
<StgValue><ssdm name=""/></StgValue>
</bind>
</comp>

<comp id="12" class="1001" name="const_12">
<pin_list>
<pin id="13" dir="1" index="0" bw="1" slack="2147483647"/>
</pin_list>
<bind>
<StgValue><ssdm name="empty_1"/></StgValue>
</bind>
</comp>

<comp id="14" class="1001" name="const_14">
<pin_list>
<pin id="15" dir="1" index="0" bw="1" slack="2147483647"/>
</pin_list>
<bind>
<StgValue><ssdm name="empty"/></StgValue>
</bind>
</comp>

<comp id="16" class="1001" name="const_16">
<pin_list>
<pin id="17" dir="1" index="0" bw="1" slack="2147483647"/>
</pin_list>
<bind>
<StgValue><ssdm name=""/></StgValue>
</bind>
</comp>

<comp id="18" class="1001" name="const_18">
<pin_list>
<pin id="19" dir="1" index="0" bw="1" slack="2147483647"/>
</pin_list>
<bind>
<StgValue><ssdm name="empty_0"/></StgValue>
</bind>
</comp>

<comp id="20" class="1001" name="const_20">
<pin_list>
<pin id="21" dir="1" index="0" bw="1" slack="0"/>
</pin_list>
<bind>
<StgValue><ssdm name=""/></StgValue>
</bind>
</comp>

<comp id="22" class="1001" name="const_22">
<pin_list>
<pin id="23" dir="1" index="0" bw="1" slack="2147483647"/>
</pin_list>
<bind>
<StgValue><ssdm name="_ssdm_op_SpecLoopTripCount"/></StgValue>
</bind>
</comp>

<comp id="24" class="1001" name="const_24">
<pin_list>
<pin id="25" dir="1" index="0" bw="1" slack="2147483647"/>
</pin_list>
<bind>
<StgValue><ssdm name=""/></StgValue>
</bind>
</comp>

<comp id="26" class="1001" name="const_26">
<pin_list>
<pin id="27" dir="1" index="0" bw="1" slack="2147483647"/>
</pin_list>
<bind>
<StgValue><ssdm name="_ssdm_op_SpecPipeline"/></StgValue>
</bind>
</comp>

<comp id="28" class="1001" name="const_28">
<pin_list>
<pin id="29" dir="1" index="0" bw="1" slack="2147483647"/>
</pin_list>
<bind>
<StgValue><ssdm name=""/></StgValue>
</bind>
</comp>

<comp id="30" class="1001" name="const_30">
<pin_list>
<pin id="31" dir="1" index="0" bw="1" slack="2147483647"/>
</pin_list>
<bind>
<StgValue><ssdm name="_ssdm_op_SpecLoopName"/></StgValue>
</bind>
</comp>

<comp id="32" class="1001" name="const_32">
<pin_list>
<pin id="33" dir="1" index="0" bw="1" slack="2147483647"/>
</pin_list>
<bind>
<StgValue><ssdm name="empty_4"/></StgValue>
</bind>
</comp>

<comp id="34" class="1001" name="const_34">
<pin_list>
<pin id="35" dir="1" index="0" bw="1" slack="0"/>
</pin_list>
<bind>
<StgValue><ssdm name="_ssdm_op_BitSelect.i1.i9.i32"/></StgValue>
</bind>
</comp>

<comp id="36" class="1001" name="const_36">
<pin_list>
<pin id="37" dir="1" index="0" bw="1" slack="0"/>
</pin_list>
<bind>
<StgValue><ssdm name=""/></StgValue>
</bind>
</comp>

<comp id="38" class="1001" name="const_38">
<pin_list>
<pin id="39" dir="1" index="0" bw="1" slack="0"/>
</pin_list>
<bind>
<StgValue><ssdm name=""/></StgValue>
</bind>
</comp>

<comp id="40" class="1001" name="const_40">
<pin_list>
<pin id="41" dir="1" index="0" bw="1" slack="0"/>
</pin_list>
<bind>
<StgValue><ssdm name=""/></StgValue>
</bind>
</comp>

<comp id="42" class="1001" name="const_42">
<pin_list>
<pin id="43" dir="1" index="0" bw="1" slack="0"/>
</pin_list>
<bind>
<StgValue><ssdm name="_ssdm_op_Read.ap_fifo.volatile.i32P0A"/></StgValue>
</bind>
</comp>

<comp id="44" class="1001" name="const_44">
<pin_list>
<pin id="45" dir="1" index="0" bw="1" slack="0"/>
</pin_list>
<bind>
<StgValue><ssdm name="_ssdm_op_BitConcatenate.i33.i1.i32"/></StgValue>
</bind>
</comp>

<comp id="46" class="1001" name="const_46">
<pin_list>
<pin id="47" dir="1" index="0" bw="1" slack="0"/>
</pin_list>
<bind>
<StgValue><ssdm name="_ssdm_op_Write.axis.volatile.i48P128A"/></StgValue>
</bind>
</comp>

<comp id="48" class="1004" name="real_spectrum_lo_i_read_read_fu_48">
<pin_list>
<pin id="49" dir="0" index="0" bw="32" slack="0"/>
<pin id="50" dir="0" index="1" bw="32" slack="0"/>
<pin id="51" dir="1" index="2" bw="32" slack="1"/>
</pin_list>
<bind>
<opcode="read(1150) " fcode="read"/>
<opset="real_spectrum_lo_i_read/3 "/>
</bind>
</comp>

<comp id="54" class="1004" name="real_spectrum_hi_i_read_read_fu_54">
<pin_list>
<pin id="55" dir="0" index="0" bw="32" slack="0"/>
<pin id="56" dir="0" index="1" bw="32" slack="0"/>
<pin id="57" dir="1" index="2" bw="32" slack="1"/>
</pin_list>
<bind>
<opcode="read(1150) " fcode="read"/>
<opset="real_spectrum_hi_i_read/3 "/>
</bind>
</comp>

<comp id="60" class="1004" name="grp_write_fu_60">
<pin_list>
<pin id="61" dir="0" index="0" bw="0" slack="0"/>
<pin id="62" dir="0" index="1" bw="48" slack="0"/>
<pin id="63" dir="0" index="2" bw="33" slack="0"/>
<pin id="64" dir="1" index="3" bw="0" slack="2147483647"/>
</pin_list>
<bind>
<opcode="write(1151) " fcode="write"/>
<opset="write_ln173/4 "/>
</bind>
</comp>

<comp id="67" class="1005" name="i1_reg_67">
<pin_list>
<pin id="68" dir="0" index="0" bw="9" slack="1"/>
<pin id="69" dir="1" index="1" bw="9" slack="1"/>
</pin_list>
<bind>
<opset="i1 (phireg) "/>
</bind>
</comp>

<comp id="71" class="1004" name="i1_phi_fu_71">
<pin_list>
<pin id="72" dir="0" index="0" bw="1" slack="1"/>
<pin id="73" dir="0" index="1" bw="0" slack="2147483647"/>
<pin id="74" dir="0" index="2" bw="9" slack="0"/>
<pin id="75" dir="0" index="3" bw="0" slack="2147483647"/>
<pin id="76" dir="0" index="4" bw="1" slack="0"/>
<pin id="77" dir="0" index="5" bw="0" slack="2147483647"/>
<pin id="78" dir="1" index="6" bw="9" slack="0"/>
</pin_list>
<bind>
<opcode="phi(47) " fcode="phi"/>
<opset="i1/2 "/>
</bind>
</comp>

<comp id="81" class="1005" name="dout_val_i_0_0_0_in_reg_81">
<pin_list>
<pin id="82" dir="0" index="0" bw="32" slack="2147483647"/>
<pin id="83" dir="1" index="1" bw="32" slack="2147483647"/>
</pin_list>
<bind>
<opset="dout_val_i_0_0_0_in (phireg) "/>
</bind>
</comp>

<comp id="84" class="1004" name="dout_val_i_0_0_0_in_phi_fu_84">
<pin_list>
<pin id="85" dir="0" index="0" bw="32" slack="1"/>
<pin id="86" dir="0" index="1" bw="0" slack="2147483647"/>
<pin id="87" dir="0" index="2" bw="32" slack="1"/>
<pin id="88" dir="0" index="3" bw="0" slack="2147483647"/>
<pin id="89" dir="1" index="4" bw="32" slack="0"/>
</pin_list>
<bind>
<opcode="phi(47) " fcode="phi"/>
<opset="dout_val_i_0_0_0_in/4 "/>
</bind>
</comp>

<comp id="90" class="1004" name="tmp_1_fu_90">
<pin_list>
<pin id="91" dir="0" index="0" bw="1" slack="0"/>
<pin id="92" dir="0" index="1" bw="9" slack="0"/>
<pin id="93" dir="0" index="2" bw="5" slack="0"/>
<pin id="94" dir="1" index="3" bw="1" slack="1"/>
</pin_list>
<bind>
<opcode="bitselect(1000) " fcode="bitselect"/>
<opset="tmp_1/2 "/>
</bind>
</comp>

<comp id="98" class="1004" name="i_fu_98">
<pin_list>
<pin id="99" dir="0" index="0" bw="9" slack="0"/>
<pin id="100" dir="0" index="1" bw="1" slack="0"/>
<pin id="101" dir="1" index="2" bw="9" slack="0"/>
</pin_list>
<bind>
<opcode="add(8) " fcode="add"/>
<opset="i/2 "/>
</bind>
</comp>

<comp id="104" class="1004" name="dout_val_last_V_fu_104">
<pin_list>
<pin id="105" dir="0" index="0" bw="9" slack="0"/>
<pin id="106" dir="0" index="1" bw="9" slack="0"/>
<pin id="107" dir="1" index="2" bw="1" slack="1"/>
</pin_list>
<bind>
<opcode="icmp(45) " fcode="icmp"/>
<opset="dout_val_last_V/2 "/>
</bind>
</comp>

<comp id="110" class="1004" name="tmp_fu_110">
<pin_list>
<pin id="111" dir="0" index="0" bw="33" slack="0"/>
<pin id="112" dir="0" index="1" bw="1" slack="2"/>
<pin id="113" dir="0" index="2" bw="32" slack="0"/>
<pin id="114" dir="1" index="3" bw="33" slack="0"/>
</pin_list>
<bind>
<opcode="bitconcatenate(1004) " fcode="bitconcatenate"/>
<opset="tmp/4 "/>
</bind>
</comp>

<comp id="117" class="1004" name="zext_ln173_fu_117">
<pin_list>
<pin id="118" dir="0" index="0" bw="33" slack="0"/>
<pin id="119" dir="1" index="1" bw="48" slack="0"/>
</pin_list>
<bind>
<opcode="zext(34) " fcode="zext"/>
<opset="zext_ln173/4 "/>
</bind>
</comp>

<comp id="122" class="1004" name="return_ln0_fu_122">
<pin_list>
<pin id="123" dir="1" index="0" bw="0" slack="2147483647"/>
</pin_list>
<bind>
<opcode="return(1203) " fcode="return"/>
<opset="return_ln0/5 "/>
</bind>
</comp>

<comp id="124" class="1005" name="tmp_1_reg_124">
<pin_list>
<pin id="125" dir="0" index="0" bw="1" slack="1"/>
<pin id="126" dir="1" index="1" bw="1" slack="2147483647"/>
</pin_list>
<bind>
<opset="tmp_1 "/>
</bind>
</comp>

<comp id="128" class="1005" name="i_reg_128">
<pin_list>
<pin id="129" dir="0" index="0" bw="9" slack="0"/>
<pin id="130" dir="1" index="1" bw="9" slack="0"/>
</pin_list>
<bind>
<opset="i "/>
</bind>
</comp>

<comp id="133" class="1005" name="dout_val_last_V_reg_133">
<pin_list>
<pin id="134" dir="0" index="0" bw="1" slack="1"/>
<pin id="135" dir="1" index="1" bw="1" slack="2"/>
</pin_list>
<bind>
<opset="dout_val_last_V "/>
</bind>
</comp>

<comp id="138" class="1005" name="real_spectrum_lo_i_read_reg_138">
<pin_list>
<pin id="139" dir="0" index="0" bw="32" slack="1"/>
<pin id="140" dir="1" index="1" bw="32" slack="1"/>
</pin_list>
<bind>
<opset="real_spectrum_lo_i_read "/>
</bind>
</comp>

<comp id="143" class="1005" name="real_spectrum_hi_i_read_reg_143">
<pin_list>
<pin id="144" dir="0" index="0" bw="32" slack="1"/>
<pin id="145" dir="1" index="1" bw="32" slack="1"/>
</pin_list>
<bind>
<opset="real_spectrum_hi_i_read "/>
</bind>
</comp>

<comp id="148" class="1005" name="zext_ln173_reg_148">
<pin_list>
<pin id="149" dir="0" index="0" bw="48" slack="1"/>
<pin id="150" dir="1" index="1" bw="48" slack="1"/>
</pin_list>
<bind>
<opset="zext_ln173 "/>
</bind>
</comp>

</comp_list>

<net_list>
<net id="52"><net_src comp="42" pin="0"/><net_sink comp="48" pin=0"/></net>

<net id="53"><net_src comp="2" pin="0"/><net_sink comp="48" pin=1"/></net>

<net id="58"><net_src comp="42" pin="0"/><net_sink comp="54" pin=0"/></net>

<net id="59"><net_src comp="4" pin="0"/><net_sink comp="54" pin=1"/></net>

<net id="65"><net_src comp="46" pin="0"/><net_sink comp="60" pin=0"/></net>

<net id="66"><net_src comp="0" pin="0"/><net_sink comp="60" pin=1"/></net>

<net id="70"><net_src comp="20" pin="0"/><net_sink comp="67" pin=0"/></net>

<net id="79"><net_src comp="67" pin="1"/><net_sink comp="71" pin=0"/></net>

<net id="80"><net_src comp="20" pin="0"/><net_sink comp="71" pin=4"/></net>

<net id="95"><net_src comp="34" pin="0"/><net_sink comp="90" pin=0"/></net>

<net id="96"><net_src comp="71" pin="6"/><net_sink comp="90" pin=1"/></net>

<net id="97"><net_src comp="36" pin="0"/><net_sink comp="90" pin=2"/></net>

<net id="102"><net_src comp="71" pin="6"/><net_sink comp="98" pin=0"/></net>

<net id="103"><net_src comp="38" pin="0"/><net_sink comp="98" pin=1"/></net>

<net id="108"><net_src comp="71" pin="6"/><net_sink comp="104" pin=0"/></net>

<net id="109"><net_src comp="40" pin="0"/><net_sink comp="104" pin=1"/></net>

<net id="115"><net_src comp="44" pin="0"/><net_sink comp="110" pin=0"/></net>

<net id="116"><net_src comp="84" pin="4"/><net_sink comp="110" pin=2"/></net>

<net id="120"><net_src comp="110" pin="3"/><net_sink comp="117" pin=0"/></net>

<net id="121"><net_src comp="117" pin="1"/><net_sink comp="60" pin=2"/></net>

<net id="127"><net_src comp="90" pin="3"/><net_sink comp="124" pin=0"/></net>

<net id="131"><net_src comp="98" pin="2"/><net_sink comp="128" pin=0"/></net>

<net id="132"><net_src comp="128" pin="1"/><net_sink comp="71" pin=2"/></net>

<net id="136"><net_src comp="104" pin="2"/><net_sink comp="133" pin=0"/></net>

<net id="137"><net_src comp="133" pin="1"/><net_sink comp="110" pin=1"/></net>

<net id="141"><net_src comp="48" pin="2"/><net_sink comp="138" pin=0"/></net>

<net id="142"><net_src comp="138" pin="1"/><net_sink comp="84" pin=0"/></net>

<net id="146"><net_src comp="54" pin="2"/><net_sink comp="143" pin=0"/></net>

<net id="147"><net_src comp="143" pin="1"/><net_sink comp="84" pin=2"/></net>

<net id="151"><net_src comp="117" pin="1"/><net_sink comp="148" pin=0"/></net>

<net id="152"><net_src comp="148" pin="1"/><net_sink comp="60" pin=2"/></net>

</net_list>

</model> 
---------------- Datapath Model END ------------------

* FSMD analyzer results:
  - Output states:
	Port: dout | {5 }
 - Input state : 
	Port: Loop_realfft_be_stream_output_proc4 : dout | {}
	Port: Loop_realfft_be_stream_output_proc4 : real_spectrum_lo_i | {3 }
	Port: Loop_realfft_be_stream_output_proc4 : real_spectrum_hi_i | {3 }
  - Chain level:
	State 1
	State 2
		tmp_1 : 1
		i : 1
		br_ln124 : 2
		dout_val_last_V : 1
		br_ln121 : 2
	State 3
	State 4
		dout_val_i_0_0_0_in : 1
		tmp : 2
		zext_ln173 : 3
		write_ln173 : 4
	State 5


============================================================
+ Verbose Summary: Datapath Resource usage 
============================================================

* Functional unit list:
|----------|------------------------------------|---------|---------|
| Operation|           Functional Unit          |    FF   |   LUT   |
|----------|------------------------------------|---------|---------|
|    add   |               i_fu_98              |    0    |    14   |
|----------|------------------------------------|---------|---------|
|   icmp   |       dout_val_last_V_fu_104       |    0    |    11   |
|----------|------------------------------------|---------|---------|
|   read   | real_spectrum_lo_i_read_read_fu_48 |    0    |    0    |
|          | real_spectrum_hi_i_read_read_fu_54 |    0    |    0    |
|----------|------------------------------------|---------|---------|
|   write  |           grp_write_fu_60          |    0    |    0    |
|----------|------------------------------------|---------|---------|
| bitselect|             tmp_1_fu_90            |    0    |    0    |
|----------|------------------------------------|---------|---------|
|bitconcatenate|             tmp_fu_110             |    0    |    0    |
|----------|------------------------------------|---------|---------|
|   zext   |          zext_ln173_fu_117         |    0    |    0    |
|----------|------------------------------------|---------|---------|
|  return  |          return_ln0_fu_122         |    0    |    0    |
|----------|------------------------------------|---------|---------|
|   Total  |                                    |    0    |    25   |
|----------|------------------------------------|---------|---------|

Memories:
N/A

* Register list:
+-------------------------------+--------+
|                               |   FF   |
+-------------------------------+--------+
|   dout_val_i_0_0_0_in_reg_81  |   32   |
|    dout_val_last_V_reg_133    |    1   |
|           i1_reg_67           |    9   |
|           i_reg_128           |    9   |
|real_spectrum_hi_i_read_reg_143|   32   |
|real_spectrum_lo_i_read_reg_138|   32   |
|         tmp_1_reg_124         |    1   |
|       zext_ln173_reg_148      |   48   |
+-------------------------------+--------+
|             Total             |   164  |
+-------------------------------+--------+

* Multiplexer (MUX) list: 
|-----------------|------|------|------|--------||---------||---------|
|       Comp      |  Pin | Size |  BW  | S x BW ||  Delay  ||   LUT   |
|-----------------|------|------|------|--------||---------||---------|
| grp_write_fu_60 |  p2  |   2  |  33  |   66   ||    9    |
|-----------------|------|------|------|--------||---------||---------|
|      Total      |      |      |      |   66   ||  1.588  ||    9    |
|-----------------|------|------|------|--------||---------||---------|



* Summary:
+-----------+--------+--------+--------+
|           |  Delay |   FF   |   LUT  |
+-----------+--------+--------+--------+
|  Function |    -   |    0   |   25   |
|   Memory  |    -   |    -   |    -   |
|Multiplexer|    1   |    -   |    9   |
|  Register |    -   |   164  |    -   |
+-----------+--------+--------+--------+
|   Total   |    1   |   164  |   34   |
+-----------+--------+--------+--------+
