

================================================================
== Vitis HLS Report for 'Loop_realfft_be_stream_output_proc4'
================================================================
* Date:           Sat Mar 26 21:16:45 2022

* Version:        2021.2 (Build 3367213 on Tue Oct 19 02:48:09 MDT 2021)
* Project:        be_vhls_prj
* Solution:       IPXACTExport (Vivado IP Flow Target)
* Product family: zynq
* Target device:  xc7z020-clg484-1


================================================================
== Performance Estimates
================================================================
+ Timing: 
    * Summary: 
    +--------+---------+----------+------------+
    |  Clock |  Target | Estimated| Uncertainty|
    +--------+---------+----------+------------+
    |ap_clk  |  4.00 ns|  1.823 ns|     1.08 ns|
    +--------+---------+----------+------------+

+ Latency: 
    * Summary: 
    +---------+---------+----------+----------+-----+-----+------------------------------------------+
    |  Latency (cycles) |  Latency (absolute) |  Interval |                 Pipeline                 |
    |   min   |   max   |    min   |    max   | min | max |                   Type                   |
    +---------+---------+----------+----------+-----+-----+------------------------------------------+
    |      514|      515|  2.056 us|  2.060 us|  512|  512|  loop rewind stp(delay=0 clock cycles(s))|
    +---------+---------+----------+----------+-----+-----+------------------------------------------+

    + Detail: 
        * Instance: 
        N/A

        * Loop: 
        +----------------------------+---------+---------+----------+-----------+-----------+------+----------+
        |                            |  Latency (cycles) | Iteration|  Initiation Interval  | Trip |          |
        |          Loop Name         |   min   |   max   |  Latency |  achieved |   target  | Count| Pipelined|
        +----------------------------+---------+---------+----------+-----------+-----------+------+----------+
        |- realfft_be_stream_output  |      514|      514|         4|          1|          1|   512|       yes|
        +----------------------------+---------+---------+----------+-----------+-----------+------+----------+

============================================================
+ Verbose Summary: Synthesis Manager
============================================================
InlineROM: 1
ExposeGlobal: 0
============================================================
+ Verbose Summary: CDFG Model
============================================================
IsTopModel: 0
ResetActiveHigh: 1
IsCombinational: 2
IsDatapathOnly: 0
HasWiredReturn: 1
HasMFsm: 2
HasVarLatency: 1
IsPipeline: 0
IsRtlPipelined: 0
IsInstanceOverlapped: 0
IsDontTouch: 0
HasImplIP: 0
IsGatedGlobalClock: 0

+ Individual pipeline summary: 
  * Pipeline-0: initiation interval (II) = 1, depth = 4


============================================================
+ Verbose Summary: Schedule
============================================================
* Number of FSM states : 5
* Pipeline : 1
  Pipeline-0 : II = 1, D = 4, States = { 2 3 4 5 }
* Dataflow Pipeline: 0

* FSM state transitions: 
1 --> 2 
2 --> 3 
3 --> 4 
4 --> 5 
5 --> 2 

* FSM state operations: 

State 1 <SV = 0> <Delay = 1.58>
ST_1 : Operation 6 [1/1] (0.00ns)   --->   "%specinterface_ln0 = specinterface void @_ssdm_op_SpecInterface, i32 %real_spectrum_hi_i, void @empty_2, i32 0, i32 0, void @empty_1, i32 0, i32 0, void @empty_1, void @empty_1, void @empty_1, i32 0, i32 0, i32 0, i32 0, void @empty_1, void @empty_1"   --->   Operation 6 'specinterface' 'specinterface_ln0' <Predicate = true> <Delay = 0.00>
ST_1 : Operation 7 [1/1] (0.00ns)   --->   "%specinterface_ln0 = specinterface void @_ssdm_op_SpecInterface, i32 %real_spectrum_lo_i, void @empty_2, i32 0, i32 0, void @empty_1, i32 0, i32 0, void @empty_1, void @empty_1, void @empty_1, i32 0, i32 0, i32 0, i32 0, void @empty_1, void @empty_1"   --->   Operation 7 'specinterface' 'specinterface_ln0' <Predicate = true> <Delay = 0.00>
ST_1 : Operation 8 [1/1] (0.00ns)   --->   "%specinterface_ln0 = specinterface void @_ssdm_op_SpecInterface, i48 %dout, void @empty, i32 1, i32 1, void @empty_0, i32 0, i32 0, void @empty_1, void @empty_1, void @empty_1, i32 0, i32 0, i32 0, i32 0, void @empty_1, void @empty_1"   --->   Operation 8 'specinterface' 'specinterface_ln0' <Predicate = true> <Delay = 0.00>
ST_1 : Operation 9 [1/1] (1.58ns)   --->   "%br_ln121 = br void" [./xfft2real.h:121]   --->   Operation 9 'br' 'br_ln121' <Predicate = true> <Delay = 1.58>

State 2 <SV = 1> <Delay = 1.82>
ST_2 : Operation 10 [1/1] (0.00ns)   --->   "%i1 = phi i9 0, void %newFuncRoot, i9 %i, void %.preheader, i9 0, void %_Z9xfft2realI8ap_fixedILi16ELi1EL9ap_q_mode5EL9ap_o_mode3ELi0EES3_Li10ELb1EEvRN3hls6streamI11xfft_axis_tIT_ELi0EEERNS5_IS6_IT0_ELi0EEE.exit.exitStub"   --->   Operation 10 'phi' 'i1' <Predicate = true> <Delay = 0.00>
ST_2 : Operation 11 [1/1] (0.00ns)   --->   "%empty = speclooptripcount i32 @_ssdm_op_SpecLoopTripCount, i64 512, i64 512, i64 512"   --->   Operation 11 'speclooptripcount' 'empty' <Predicate = true> <Delay = 0.00>
ST_2 : Operation 12 [1/1] (0.00ns)   --->   "%specpipeline_ln124 = specpipeline void @_ssdm_op_SpecPipeline, i32 4294967295, i32 0, i32 0, i32 0, void @empty_1" [./xfft2real.h:124]   --->   Operation 12 'specpipeline' 'specpipeline_ln124' <Predicate = true> <Delay = 0.00>
ST_2 : Operation 13 [1/1] (0.00ns)   --->   "%specloopname_ln124 = specloopname void @_ssdm_op_SpecLoopName, void @empty_4" [./xfft2real.h:124]   --->   Operation 13 'specloopname' 'specloopname_ln124' <Predicate = true> <Delay = 0.00>
ST_2 : Operation 14 [1/1] (0.00ns)   --->   "%tmp_1 = bitselect i1 @_ssdm_op_BitSelect.i1.i9.i32, i9 %i1, i32 8" [./xfft2real.h:124]   --->   Operation 14 'bitselect' 'tmp_1' <Predicate = true> <Delay = 0.00>
ST_2 : Operation 15 [1/1] (1.82ns)   --->   "%i = add i9 %i1, i9 1" [./xfft2real.h:121]   --->   Operation 15 'add' 'i' <Predicate = true> <Delay = 1.82> <CoreInst = "Adder">   --->   Core 1 'Adder' <Latency = 0> <II = 1> <Delay = 1.82> <FuncUnit> <Opcode : 'add' 'sub'> <InPorts = 2> <OutPorts = 1>
ST_2 : Operation 16 [1/1] (0.00ns)   --->   "%br_ln124 = br i1 %tmp_1, void, void" [./xfft2real.h:124]   --->   Operation 16 'br' 'br_ln124' <Predicate = true> <Delay = 0.00>
ST_2 : Operation 17 [1/1] (1.66ns)   --->   "%dout_val_last_V = icmp_eq  i9 %i1, i9 511" [./xfft2real.h:128]   --->   Operation 17 'icmp' 'dout_val_last_V' <Predicate = true> <Delay = 1.66> <CoreInst = "Cmp">   --->   Core 9 'Cmp' <Latency = 0> <II = 1> <Delay = 1.66> <FuncUnit> <Opcode : 'icmp'> <InPorts = 2> <OutPorts = 1>
ST_2 : Operation 18 [1/1] (0.00ns)   --->   "%br_ln121 = br i1 %dout_val_last_V, void, void %_Z9xfft2realI8ap_fixedILi16ELi1EL9ap_q_mode5EL9ap_o_mode3ELi0EES3_Li10ELb1EEvRN3hls6streamI11xfft_axis_tIT_ELi0EEERNS5_IS6_IT0_ELi0EEE.exit.exitStub" [./xfft2real.h:121]   --->   Operation 18 'br' 'br_ln121' <Predicate = true> <Delay = 0.00>
ST_2 : Operation 19 [1/1] (0.00ns)   --->   "%br_ln0 = br void"   --->   Operation 19 'br' 'br_ln0' <Predicate = (dout_val_last_V)> <Delay = 0.00>

State 3 <SV = 2> <Delay = 1.46>
ST_3 : Operation 20 [1/1] (1.46ns)   --->   "%real_spectrum_lo_i_read = read i32 @_ssdm_op_Read.ap_fifo.volatile.i32P0A, i32 %real_spectrum_lo_i" [C:/Xilinx/Vitis_HLS/2021.2/common/technology/autopilot/hls_stream_39.h:144]   --->   Operation 20 'read' 'real_spectrum_lo_i_read' <Predicate = (!tmp_1)> <Delay = 1.46> <CoreInst = "FIFO_SRL">   --->   Core 81 'FIFO_SRL' <Latency = 0> <II = 1> <Delay = 3.54> <Storage> <Opcode : 'read' 'write' 'nbread' 'nbwrite'> <Ports = 0> <Width = 32> <Depth = 8> <FIFO>
ST_3 : Operation 21 [1/1] (1.46ns)   --->   "%real_spectrum_hi_i_read = read i32 @_ssdm_op_Read.ap_fifo.volatile.i32P0A, i32 %real_spectrum_hi_i" [C:/Xilinx/Vitis_HLS/2021.2/common/technology/autopilot/hls_stream_39.h:144]   --->   Operation 21 'read' 'real_spectrum_hi_i_read' <Predicate = (tmp_1)> <Delay = 1.46> <CoreInst = "FIFO_SRL">   --->   Core 81 'FIFO_SRL' <Latency = 0> <II = 1> <Delay = 3.54> <Storage> <Opcode : 'read' 'write' 'nbread' 'nbwrite'> <Ports = 0> <Width = 32> <Depth = 8> <FIFO>

State 4 <SV = 3> <Delay = 1.58>
ST_4 : Operation 22 [1/1] (1.58ns)   --->   "%br_ln125 = br void %.preheader" [./xfft2real.h:125]   --->   Operation 22 'br' 'br_ln125' <Predicate = (!tmp_1)> <Delay = 1.58>
ST_4 : Operation 23 [1/1] (1.58ns)   --->   "%br_ln0 = br void %.preheader"   --->   Operation 23 'br' 'br_ln0' <Predicate = (tmp_1)> <Delay = 1.58>
ST_4 : Operation 24 [1/1] (0.00ns)   --->   "%dout_val_i_0_0_0_in = phi i32 %real_spectrum_lo_i_read, void, i32 %real_spectrum_hi_i_read, void" [C:/Xilinx/Vitis_HLS/2021.2/common/technology/autopilot/hls_stream_39.h:144]   --->   Operation 24 'phi' 'dout_val_i_0_0_0_in' <Predicate = true> <Delay = 0.00>
ST_4 : Operation 25 [1/1] (0.00ns)   --->   "%tmp = bitconcatenate i33 @_ssdm_op_BitConcatenate.i33.i1.i32, i1 %dout_val_last_V, i32 %dout_val_i_0_0_0_in" [C:/Xilinx/Vitis_HLS/2021.2/common/technology/autopilot/hls_stream_39.h:173]   --->   Operation 25 'bitconcatenate' 'tmp' <Predicate = true> <Delay = 0.00>
ST_4 : Operation 26 [1/1] (0.00ns)   --->   "%zext_ln173 = zext i33 %tmp" [C:/Xilinx/Vitis_HLS/2021.2/common/technology/autopilot/hls_stream_39.h:173]   --->   Operation 26 'zext' 'zext_ln173' <Predicate = true> <Delay = 0.00>
ST_4 : Operation 27 [2/2] (0.00ns)   --->   "%write_ln173 = write void @_ssdm_op_Write.axis.volatile.i48P128A, i48 %dout, i48 %zext_ln173" [C:/Xilinx/Vitis_HLS/2021.2/common/technology/autopilot/hls_stream_39.h:173]   --->   Operation 27 'write' 'write_ln173' <Predicate = true> <Delay = 0.00> <CoreInst = "axis">   --->   Core 115 'axis' <Latency = 0> <II = 1> <Delay = 1.00> <Adapter> <Opcode : >

State 5 <SV = 4> <Delay = 0.00>
ST_5 : Operation 28 [1/2] (0.00ns)   --->   "%write_ln173 = write void @_ssdm_op_Write.axis.volatile.i48P128A, i48 %dout, i48 %zext_ln173" [C:/Xilinx/Vitis_HLS/2021.2/common/technology/autopilot/hls_stream_39.h:173]   --->   Operation 28 'write' 'write_ln173' <Predicate = true> <Delay = 0.00> <CoreInst = "axis">   --->   Core 115 'axis' <Latency = 0> <II = 1> <Delay = 1.00> <Adapter> <Opcode : >
ST_5 : Operation 29 [1/1] (0.00ns)   --->   "%return_ln0 = return void @_ssdm_op_Return"   --->   Operation 29 'return' 'return_ln0' <Predicate = (dout_val_last_V)> <Delay = 0.00>


============================================================
+ Verbose Summary: Timing violations
============================================================
Target clock period: 4ns, clock uncertainty: 1.08ns.

 <State 1>: 1.59ns
The critical path consists of the following:
	multiplexor before 'phi' operation ('i') with incoming values : ('i', ./xfft2real.h:121) [9]  (1.59 ns)

 <State 2>: 1.82ns
The critical path consists of the following:
	'phi' operation ('i') with incoming values : ('i', ./xfft2real.h:121) [9]  (0 ns)
	'add' operation ('i', ./xfft2real.h:121) [14]  (1.82 ns)

 <State 3>: 1.46ns
The critical path consists of the following:
	fifo read operation ('real_spectrum_hi_i_read', C:/Xilinx/Vitis_HLS/2021.2/common/technology/autopilot/hls_stream_39.h:144) on port 'real_spectrum_hi_i' (C:/Xilinx/Vitis_HLS/2021.2/common/technology/autopilot/hls_stream_39.h:144) [20]  (1.46 ns)

 <State 4>: 1.59ns
The critical path consists of the following:
	multiplexor before 'phi' operation ('dout_val_i_0_0_0_in', C:/Xilinx/Vitis_HLS/2021.2/common/technology/autopilot/hls_stream_39.h:144) with incoming values : ('real_spectrum_lo_i_read', C:/Xilinx/Vitis_HLS/2021.2/common/technology/autopilot/hls_stream_39.h:144) ('real_spectrum_hi_i_read', C:/Xilinx/Vitis_HLS/2021.2/common/technology/autopilot/hls_stream_39.h:144) [23]  (1.59 ns)
	'phi' operation ('dout_val_i_0_0_0_in', C:/Xilinx/Vitis_HLS/2021.2/common/technology/autopilot/hls_stream_39.h:144) with incoming values : ('real_spectrum_lo_i_read', C:/Xilinx/Vitis_HLS/2021.2/common/technology/autopilot/hls_stream_39.h:144) ('real_spectrum_hi_i_read', C:/Xilinx/Vitis_HLS/2021.2/common/technology/autopilot/hls_stream_39.h:144) [23]  (0 ns)

 <State 5>: 0ns
The critical path consists of the following:


============================================================
+ Verbose Summary: Binding
============================================================
N/A
* FSMD analyzer results:
  - Output states:
 - Input state : 
  - Chain level:
	State 1
	State 2
	State 3
	State 4
	State 5


============================================================
+ Verbose Summary: Datapath Resource usage 
============================================================
N/A
