

================================================================
== Vitis HLS Report for 'perfixsum_Pipeline_VITIS_LOOP_20_3'
================================================================
* Date:           Sun Mar 27 23:12:50 2022

* Version:        2021.2 (Build 3367213 on Tue Oct 19 02:48:09 MDT 2021)
* Project:        hls_Perfixsum
* Solution:       solution1 (Vivado IP Flow Target)
* Product family: zynq
* Target device:  xc7z020-clg400-1


================================================================
== Performance Estimates
================================================================
+ Timing: 
    * Summary: 
    +--------+----------+----------+------------+
    |  Clock |  Target  | Estimated| Uncertainty|
    +--------+----------+----------+------------+
    |ap_clk  |  10.00 ns|  7.300 ns|     2.70 ns|
    +--------+----------+----------+------------+

+ Latency: 
    * Summary: 
    +---------+---------+----------+----------+-----+-----+---------+
    |  Latency (cycles) |  Latency (absolute) |  Interval | Pipeline|
    |   min   |   max   |    min   |    max   | min | max |   Type  |
    +---------+---------+----------+----------+-----+-----+---------+
    |      130|      130|  1.300 us|  1.300 us|  130|  130|       no|
    +---------+---------+----------+----------+-----+-----+---------+

    + Detail: 
        * Instance: 
        N/A

        * Loop: 
        +-------------------+---------+---------+----------+-----------+-----------+------+----------+
        |                   |  Latency (cycles) | Iteration|  Initiation Interval  | Trip |          |
        |     Loop Name     |   min   |   max   |  Latency |  achieved |   target  | Count| Pipelined|
        +-------------------+---------+---------+----------+-----------+-----------+------+----------+
        |- VITIS_LOOP_20_3  |      128|      128|         3|          1|          1|   127|       yes|
        +-------------------+---------+---------+----------+-----------+-----------+------+----------+



================================================================
== Utilization Estimates
================================================================
* Summary: 
+-----------------+---------+-----+--------+-------+-----+
|       Name      | BRAM_18K| DSP |   FF   |  LUT  | URAM|
+-----------------+---------+-----+--------+-------+-----+
|DSP              |        -|    -|       -|      -|    -|
|Expression       |        -|    -|       0|     62|    -|
|FIFO             |        -|    -|       -|      -|    -|
|Instance         |        -|    -|       -|      -|    -|
|Memory           |        -|    -|       -|      -|    -|
|Multiplexer      |        -|    -|       -|     45|    -|
|Register         |        -|    -|      47|      -|    -|
+-----------------+---------+-----+--------+-------+-----+
|Total            |        0|    0|      47|    107|    0|
+-----------------+---------+-----+--------+-------+-----+
|Available        |      280|  220|  106400|  53200|    0|
+-----------------+---------+-----+--------+-------+-----+
|Utilization (%)  |        0|    0|      ~0|     ~0|    0|
+-----------------+---------+-----+--------+-------+-----+

+ Detail: 
    * Instance: 
    N/A

    * DSP: 
    N/A

    * Memory: 
    N/A

    * FIFO: 
    N/A

    * Expression: 
    +---------------------------+----------+----+---+----+------------+------------+
    |       Variable Name       | Operation| DSP| FF| LUT| Bitwidth P0| Bitwidth P1|
    +---------------------------+----------+----+---+----+------------+------------+
    |add_ln20_fu_140_p2         |         +|   0|  0|  15|           8|           1|
    |ap_block_pp0_stage0_11001  |       and|   0|  0|   2|           1|           1|
    |icmp_ln20_fu_114_p2        |      icmp|   0|  0|  11|           8|           9|
    |select_ln21_fu_156_p3      |    select|   0|  0|  32|           1|          32|
    |ap_enable_pp0              |       xor|   0|  0|   2|           1|           2|
    +---------------------------+----------+----+---+----+------------+------------+
    |Total                      |          |   0|  0|  62|          19|          45|
    +---------------------------+----------+----+---+----+------------+------------+

    * Multiplexer: 
    +-------------------------+----+-----------+-----+-----------+
    |           Name          | LUT| Input Size| Bits| Total Bits|
    +-------------------------+----+-----------+-----+-----------+
    |ap_done_int              |   9|          2|    1|          2|
    |ap_enable_reg_pp0_iter2  |   9|          2|    1|          2|
    |ap_sig_allocacmp_i_1     |   9|          2|    8|         16|
    |gmem_blk_n_W             |   9|          2|    1|          2|
    |i_fu_58                  |   9|          2|    8|         16|
    +-------------------------+----+-----------+-----+-----------+
    |Total                    |  45|         10|   19|         38|
    +-------------------------+----+-----------+-----+-----------+

    * Register: 
    +----------------------------------+----+----+-----+-----------+
    |               Name               | FF | LUT| Bits| Const Bits|
    +----------------------------------+----+----+-----+-----------+
    |ap_CS_fsm                         |   1|   0|    1|          0|
    |ap_done_reg                       |   1|   0|    1|          0|
    |ap_enable_reg_pp0_iter1           |   1|   0|    1|          0|
    |ap_enable_reg_pp0_iter2           |   1|   0|    1|          0|
    |ap_loop_exit_ready_pp0_iter1_reg  |   1|   0|    1|          0|
    |i_fu_58                           |   8|   0|    8|          0|
    |icmp_ln20_reg_175                 |   1|   0|    1|          0|
    |select_ln21_reg_199               |  32|   0|   32|          0|
    |trunc_ln21_reg_179                |   1|   0|    1|          0|
    +----------------------------------+----+----+-----+-----------+
    |Total                             |  47|   0|   47|          0|
    +----------------------------------+----+----+-----+-----------+



================================================================
== Interface
================================================================
* Summary: 
+----------------------+-----+-----+------------+------------------------------------+--------------+
|       RTL Ports      | Dir | Bits|  Protocol  |            Source Object           |    C Type    |
+----------------------+-----+-----+------------+------------------------------------+--------------+
|ap_clk                |   in|    1|  ap_ctrl_hs|  perfixsum_Pipeline_VITIS_LOOP_20_3|  return value|
|ap_rst                |   in|    1|  ap_ctrl_hs|  perfixsum_Pipeline_VITIS_LOOP_20_3|  return value|
|ap_start              |   in|    1|  ap_ctrl_hs|  perfixsum_Pipeline_VITIS_LOOP_20_3|  return value|
|ap_done               |  out|    1|  ap_ctrl_hs|  perfixsum_Pipeline_VITIS_LOOP_20_3|  return value|
|ap_idle               |  out|    1|  ap_ctrl_hs|  perfixsum_Pipeline_VITIS_LOOP_20_3|  return value|
|ap_ready              |  out|    1|  ap_ctrl_hs|  perfixsum_Pipeline_VITIS_LOOP_20_3|  return value|
|m_axi_gmem_AWVALID    |  out|    1|       m_axi|                                gmem|       pointer|
|m_axi_gmem_AWREADY    |   in|    1|       m_axi|                                gmem|       pointer|
|m_axi_gmem_AWADDR     |  out|   64|       m_axi|                                gmem|       pointer|
|m_axi_gmem_AWID       |  out|    1|       m_axi|                                gmem|       pointer|
|m_axi_gmem_AWLEN      |  out|   32|       m_axi|                                gmem|       pointer|
|m_axi_gmem_AWSIZE     |  out|    3|       m_axi|                                gmem|       pointer|
|m_axi_gmem_AWBURST    |  out|    2|       m_axi|                                gmem|       pointer|
|m_axi_gmem_AWLOCK     |  out|    2|       m_axi|                                gmem|       pointer|
|m_axi_gmem_AWCACHE    |  out|    4|       m_axi|                                gmem|       pointer|
|m_axi_gmem_AWPROT     |  out|    3|       m_axi|                                gmem|       pointer|
|m_axi_gmem_AWQOS      |  out|    4|       m_axi|                                gmem|       pointer|
|m_axi_gmem_AWREGION   |  out|    4|       m_axi|                                gmem|       pointer|
|m_axi_gmem_AWUSER     |  out|    1|       m_axi|                                gmem|       pointer|
|m_axi_gmem_WVALID     |  out|    1|       m_axi|                                gmem|       pointer|
|m_axi_gmem_WREADY     |   in|    1|       m_axi|                                gmem|       pointer|
|m_axi_gmem_WDATA      |  out|   32|       m_axi|                                gmem|       pointer|
|m_axi_gmem_WSTRB      |  out|    4|       m_axi|                                gmem|       pointer|
|m_axi_gmem_WLAST      |  out|    1|       m_axi|                                gmem|       pointer|
|m_axi_gmem_WID        |  out|    1|       m_axi|                                gmem|       pointer|
|m_axi_gmem_WUSER      |  out|    1|       m_axi|                                gmem|       pointer|
|m_axi_gmem_ARVALID    |  out|    1|       m_axi|                                gmem|       pointer|
|m_axi_gmem_ARREADY    |   in|    1|       m_axi|                                gmem|       pointer|
|m_axi_gmem_ARADDR     |  out|   64|       m_axi|                                gmem|       pointer|
|m_axi_gmem_ARID       |  out|    1|       m_axi|                                gmem|       pointer|
|m_axi_gmem_ARLEN      |  out|   32|       m_axi|                                gmem|       pointer|
|m_axi_gmem_ARSIZE     |  out|    3|       m_axi|                                gmem|       pointer|
|m_axi_gmem_ARBURST    |  out|    2|       m_axi|                                gmem|       pointer|
|m_axi_gmem_ARLOCK     |  out|    2|       m_axi|                                gmem|       pointer|
|m_axi_gmem_ARCACHE    |  out|    4|       m_axi|                                gmem|       pointer|
|m_axi_gmem_ARPROT     |  out|    3|       m_axi|                                gmem|       pointer|
|m_axi_gmem_ARQOS      |  out|    4|       m_axi|                                gmem|       pointer|
|m_axi_gmem_ARREGION   |  out|    4|       m_axi|                                gmem|       pointer|
|m_axi_gmem_ARUSER     |  out|    1|       m_axi|                                gmem|       pointer|
|m_axi_gmem_RVALID     |   in|    1|       m_axi|                                gmem|       pointer|
|m_axi_gmem_RREADY     |  out|    1|       m_axi|                                gmem|       pointer|
|m_axi_gmem_RDATA      |   in|   32|       m_axi|                                gmem|       pointer|
|m_axi_gmem_RLAST      |   in|    1|       m_axi|                                gmem|       pointer|
|m_axi_gmem_RID        |   in|    1|       m_axi|                                gmem|       pointer|
|m_axi_gmem_RFIFONUM   |   in|    9|       m_axi|                                gmem|       pointer|
|m_axi_gmem_RUSER      |   in|    1|       m_axi|                                gmem|       pointer|
|m_axi_gmem_RRESP      |   in|    2|       m_axi|                                gmem|       pointer|
|m_axi_gmem_BVALID     |   in|    1|       m_axi|                                gmem|       pointer|
|m_axi_gmem_BREADY     |  out|    1|       m_axi|                                gmem|       pointer|
|m_axi_gmem_BRESP      |   in|    2|       m_axi|                                gmem|       pointer|
|m_axi_gmem_BID        |   in|    1|       m_axi|                                gmem|       pointer|
|m_axi_gmem_BUSER      |   in|    1|       m_axi|                                gmem|       pointer|
|sext_ln20             |   in|   62|     ap_none|                           sext_ln20|        scalar|
|local_out_0_address0  |  out|    6|   ap_memory|                         local_out_0|         array|
|local_out_0_ce0       |  out|    1|   ap_memory|                         local_out_0|         array|
|local_out_0_q0        |   in|   32|   ap_memory|                         local_out_0|         array|
|local_out_1_address0  |  out|    6|   ap_memory|                         local_out_1|         array|
|local_out_1_ce0       |  out|    1|   ap_memory|                         local_out_1|         array|
|local_out_1_q0        |   in|   32|   ap_memory|                         local_out_1|         array|
+----------------------+-----+-----+------------+------------------------------------+--------------+

