

================================================================
== Vitis HLS Report for 'Loop_real2xfft_output_proc3'
================================================================
* Date:           Sat Mar 26 21:15:22 2022

* Version:        2021.2 (Build 3367213 on Tue Oct 19 02:48:09 MDT 2021)
* Project:        fe_vhls_prj
* Solution:       IPXACTExport (Vivado IP Flow Target)
* Product family: zynq
* Target device:  xc7z020-clg484-1


================================================================
== Performance Estimates
================================================================
+ Timing: 
    * Summary: 
    +--------+---------+----------+------------+
    |  Clock |  Target | Estimated| Uncertainty|
    +--------+---------+----------+------------+
    |ap_clk  |  4.00 ns|  1.770 ns|     1.08 ns|
    +--------+---------+----------+------------+

+ Latency: 
    * Summary: 
    +---------+---------+----------+----------+-----+-----+------------------------------------------+
    |  Latency (cycles) |  Latency (absolute) |  Interval |                 Pipeline                 |
    |   min   |   max   |    min   |    max   | min | max |                   Type                   |
    +---------+---------+----------+----------+-----+-----+------------------------------------------+
    |      514|      515|  2.056 us|  2.060 us|  512|  512|  loop rewind stp(delay=1 clock cycles(s))|
    +---------+---------+----------+----------+-----+-----+------------------------------------------+

    + Detail: 
        * Instance: 
        N/A

        * Loop: 
        +--------------------+---------+---------+----------+-----------+-----------+------+----------+
        |                    |  Latency (cycles) | Iteration|  Initiation Interval  | Trip |          |
        |      Loop Name     |   min   |   max   |  Latency |  achieved |   target  | Count| Pipelined|
        +--------------------+---------+---------+----------+-----------+-----------+------+----------+
        |- real2xfft_output  |      514|      514|         4|          1|          1|   512|       yes|
        +--------------------+---------+---------+----------+-----------+-----------+------+----------+

============================================================
+ Verbose Summary: Synthesis Manager
============================================================
InlineROM: 1
ExposeGlobal: 0
============================================================
+ Verbose Summary: CDFG Model
============================================================
IsTopModel: 0
ResetActiveHigh: 1
IsCombinational: 2
IsDatapathOnly: 0
HasWiredReturn: 1
HasMFsm: 2
HasVarLatency: 1
IsPipeline: 0
IsRtlPipelined: 0
IsInstanceOverlapped: 0
IsDontTouch: 0
HasImplIP: 0
IsGatedGlobalClock: 0

+ Individual pipeline summary: 
  * Pipeline-0: initiation interval (II) = 1, depth = 4


============================================================
+ Verbose Summary: Schedule
============================================================
* Number of FSM states : 5
* Pipeline : 1
  Pipeline-0 : II = 1, D = 4, States = { 2 3 4 5 }
* Dataflow Pipeline: 0

* FSM state transitions: 
1 --> 2 
2 --> 3 
3 --> 4 
4 --> 5 
5 --> 2 

* FSM state operations: 

State 1 <SV = 0> <Delay = 1.58>
ST_1 : Operation 6 [1/1] (0.00ns)   --->   "%specinterface_ln0 = specinterface void @_ssdm_op_SpecInterface, i48 %dout, void @empty, i32 1, i32 1, void @empty_0, i32 0, i32 0, void @empty_1, void @empty_1, void @empty_1, i32 0, i32 0, i32 0, i32 0, void @empty_1, void @empty_1"   --->   Operation 6 'specinterface' 'specinterface_ln0' <Predicate = true> <Delay = 0.00>
ST_1 : Operation 7 [1/1] (1.58ns)   --->   "%br_ln76 = br void" [real2xfft.cpp:76]   --->   Operation 7 'br' 'br_ln76' <Predicate = true> <Delay = 1.58>

State 2 <SV = 1> <Delay = 1.77>
ST_2 : Operation 8 [1/1] (0.00ns)   --->   "%i9 = phi i10 0, void %newFuncRoot, i10 %trunc_ln76, void, i10 0, void %.split81.exitStub" [real2xfft.cpp:76]   --->   Operation 8 'phi' 'i9' <Predicate = true> <Delay = 0.00>
ST_2 : Operation 9 [1/1] (0.00ns)   --->   "%i9_cast = zext i10 %i9" [real2xfft.cpp:76]   --->   Operation 9 'zext' 'i9_cast' <Predicate = true> <Delay = 0.00>
ST_2 : Operation 10 [1/1] (0.00ns)   --->   "%lshr_ln = partselect i9 @_ssdm_op_PartSelect.i9.i10.i32.i32, i10 %i9, i32 1, i32 9" [real2xfft.cpp:78]   --->   Operation 10 'partselect' 'lshr_ln' <Predicate = true> <Delay = 0.00>
ST_2 : Operation 11 [1/1] (0.00ns)   --->   "%zext_ln78 = zext i9 %lshr_ln" [real2xfft.cpp:78]   --->   Operation 11 'zext' 'zext_ln78' <Predicate = true> <Delay = 0.00>
ST_2 : Operation 12 [1/1] (0.00ns)   --->   "%windowed_V_addr = getelementptr i16 %windowed_V, i64 0, i64 %zext_ln78" [real2xfft.cpp:78]   --->   Operation 12 'getelementptr' 'windowed_V_addr' <Predicate = true> <Delay = 0.00>
ST_2 : Operation 13 [3/3] (1.68ns)   --->   "%cdata_M_real_V = load i9 %windowed_V_addr"   --->   Operation 13 'load' 'cdata_M_real_V' <Predicate = true> <Delay = 1.68> <CoreInst = "RAM">   --->   Core 82 'RAM' <Latency = 2> <II = 1> <Delay = 1.68> <Storage> <Opcode : 'load' 'store'> <Ports = 2> <Width = 16> <Depth = 512> <RAM>
ST_2 : Operation 14 [1/1] (0.00ns)   --->   "%windowed_V_1_addr = getelementptr i16 %windowed_V_1, i64 0, i64 %zext_ln78" [real2xfft.cpp:78]   --->   Operation 14 'getelementptr' 'windowed_V_1_addr' <Predicate = true> <Delay = 0.00>
ST_2 : Operation 15 [3/3] (1.68ns)   --->   "%cdata_M_imag_V = load i9 %windowed_V_1_addr"   --->   Operation 15 'load' 'cdata_M_imag_V' <Predicate = true> <Delay = 1.68> <CoreInst = "RAM">   --->   Core 82 'RAM' <Latency = 2> <II = 1> <Delay = 1.68> <Storage> <Opcode : 'load' 'store'> <Ports = 2> <Width = 16> <Depth = 512> <RAM>
ST_2 : Operation 16 [1/1] (1.77ns)   --->   "%fft_axis_d_last_V = icmp_eq  i10 %i9, i10 1022" [real2xfft.cpp:81]   --->   Operation 16 'icmp' 'fft_axis_d_last_V' <Predicate = true> <Delay = 1.77> <CoreInst = "Cmp">   --->   Core 9 'Cmp' <Latency = 0> <II = 1> <Delay = 1.77> <FuncUnit> <Opcode : 'icmp'> <InPorts = 2> <OutPorts = 1>
ST_2 : Operation 17 [1/1] (1.73ns)   --->   "%i = add i11 %i9_cast, i11 2" [real2xfft.cpp:76]   --->   Operation 17 'add' 'i' <Predicate = true> <Delay = 1.73> <CoreInst = "Adder">   --->   Core 1 'Adder' <Latency = 0> <II = 1> <Delay = 1.73> <FuncUnit> <Opcode : 'add' 'sub'> <InPorts = 2> <OutPorts = 1>
ST_2 : Operation 18 [1/1] (0.00ns)   --->   "%trunc_ln76 = trunc i11 %i" [real2xfft.cpp:76]   --->   Operation 18 'trunc' 'trunc_ln76' <Predicate = true> <Delay = 0.00>
ST_2 : Operation 19 [1/1] (0.00ns)   --->   "%tmp_2 = bitselect i1 @_ssdm_op_BitSelect.i1.i11.i32, i11 %i, i32 10" [real2xfft.cpp:76]   --->   Operation 19 'bitselect' 'tmp_2' <Predicate = true> <Delay = 0.00>
ST_2 : Operation 20 [1/1] (0.00ns)   --->   "%br_ln76 = br i1 %tmp_2, void, void %.split81.exitStub" [real2xfft.cpp:76]   --->   Operation 20 'br' 'br_ln76' <Predicate = true> <Delay = 0.00>
ST_2 : Operation 21 [1/1] (0.00ns)   --->   "%br_ln0 = br void"   --->   Operation 21 'br' 'br_ln0' <Predicate = (tmp_2)> <Delay = 0.00>

State 3 <SV = 2> <Delay = 1.68>
ST_3 : Operation 22 [2/3] (1.68ns)   --->   "%cdata_M_real_V = load i9 %windowed_V_addr"   --->   Operation 22 'load' 'cdata_M_real_V' <Predicate = true> <Delay = 1.68> <CoreInst = "RAM">   --->   Core 82 'RAM' <Latency = 2> <II = 1> <Delay = 1.68> <Storage> <Opcode : 'load' 'store'> <Ports = 2> <Width = 16> <Depth = 512> <RAM>
ST_3 : Operation 23 [2/3] (1.68ns)   --->   "%cdata_M_imag_V = load i9 %windowed_V_1_addr"   --->   Operation 23 'load' 'cdata_M_imag_V' <Predicate = true> <Delay = 1.68> <CoreInst = "RAM">   --->   Core 82 'RAM' <Latency = 2> <II = 1> <Delay = 1.68> <Storage> <Opcode : 'load' 'store'> <Ports = 2> <Width = 16> <Depth = 512> <RAM>

State 4 <SV = 3> <Delay = 1.68>
ST_4 : Operation 24 [1/3] (1.68ns)   --->   "%cdata_M_real_V = load i9 %windowed_V_addr"   --->   Operation 24 'load' 'cdata_M_real_V' <Predicate = true> <Delay = 1.68> <CoreInst = "RAM">   --->   Core 82 'RAM' <Latency = 2> <II = 1> <Delay = 1.68> <Storage> <Opcode : 'load' 'store'> <Ports = 2> <Width = 16> <Depth = 512> <RAM>
ST_4 : Operation 25 [1/3] (1.68ns)   --->   "%cdata_M_imag_V = load i9 %windowed_V_1_addr"   --->   Operation 25 'load' 'cdata_M_imag_V' <Predicate = true> <Delay = 1.68> <CoreInst = "RAM">   --->   Core 82 'RAM' <Latency = 2> <II = 1> <Delay = 1.68> <Storage> <Opcode : 'load' 'store'> <Ports = 2> <Width = 16> <Depth = 512> <RAM>
ST_4 : Operation 26 [1/1] (0.00ns)   --->   "%tmp = bitconcatenate i33 @_ssdm_op_BitConcatenate.i33.i1.i16.i16, i1 %fft_axis_d_last_V, i16 %cdata_M_imag_V, i16 %cdata_M_real_V" [C:/Xilinx/Vitis_HLS/2021.2/common/technology/autopilot/hls_stream_39.h:173]   --->   Operation 26 'bitconcatenate' 'tmp' <Predicate = true> <Delay = 0.00>
ST_4 : Operation 27 [1/1] (0.00ns)   --->   "%zext_ln173 = zext i33 %tmp" [C:/Xilinx/Vitis_HLS/2021.2/common/technology/autopilot/hls_stream_39.h:173]   --->   Operation 27 'zext' 'zext_ln173' <Predicate = true> <Delay = 0.00>
ST_4 : Operation 28 [2/2] (0.00ns)   --->   "%write_ln173 = write void @_ssdm_op_Write.axis.volatile.i48P128A, i48 %dout, i48 %zext_ln173" [C:/Xilinx/Vitis_HLS/2021.2/common/technology/autopilot/hls_stream_39.h:173]   --->   Operation 28 'write' 'write_ln173' <Predicate = true> <Delay = 0.00> <CoreInst = "axis">   --->   Core 115 'axis' <Latency = 0> <II = 1> <Delay = 1.00> <Adapter> <Opcode : >

State 5 <SV = 4> <Delay = 0.00>
ST_5 : Operation 29 [1/1] (0.00ns)   --->   "%empty = speclooptripcount i32 @_ssdm_op_SpecLoopTripCount, i64 512, i64 512, i64 512"   --->   Operation 29 'speclooptripcount' 'empty' <Predicate = true> <Delay = 0.00>
ST_5 : Operation 30 [1/1] (0.00ns)   --->   "%specpipeline_ln78 = specpipeline void @_ssdm_op_SpecPipeline, i32 4294967295, i32 0, i32 0, i32 0, void @empty_1" [real2xfft.cpp:78]   --->   Operation 30 'specpipeline' 'specpipeline_ln78' <Predicate = true> <Delay = 0.00>
ST_5 : Operation 31 [1/1] (0.00ns)   --->   "%specloopname_ln78 = specloopname void @_ssdm_op_SpecLoopName, void @empty_4" [real2xfft.cpp:78]   --->   Operation 31 'specloopname' 'specloopname_ln78' <Predicate = true> <Delay = 0.00>
ST_5 : Operation 32 [1/2] (0.00ns)   --->   "%write_ln173 = write void @_ssdm_op_Write.axis.volatile.i48P128A, i48 %dout, i48 %zext_ln173" [C:/Xilinx/Vitis_HLS/2021.2/common/technology/autopilot/hls_stream_39.h:173]   --->   Operation 32 'write' 'write_ln173' <Predicate = true> <Delay = 0.00> <CoreInst = "axis">   --->   Core 115 'axis' <Latency = 0> <II = 1> <Delay = 1.00> <Adapter> <Opcode : >
ST_5 : Operation 33 [1/1] (0.00ns)   --->   "%return_ln0 = return void @_ssdm_op_Return"   --->   Operation 33 'return' 'return_ln0' <Predicate = (tmp_2)> <Delay = 0.00>


============================================================
+ Verbose Summary: Timing violations
============================================================
Target clock period: 4ns, clock uncertainty: 1.08ns.

 <State 1>: 1.59ns
The critical path consists of the following:
	multiplexor before 'phi' operation ('i9', real2xfft.cpp:76) with incoming values : ('trunc_ln76', real2xfft.cpp:76) [7]  (1.59 ns)

 <State 2>: 1.77ns
The critical path consists of the following:
	'phi' operation ('i9', real2xfft.cpp:76) with incoming values : ('trunc_ln76', real2xfft.cpp:76) [7]  (0 ns)
	'icmp' operation ('fft_axis_d.last.V', real2xfft.cpp:81) [18]  (1.77 ns)

 <State 3>: 1.68ns
The critical path consists of the following:
	'load' operation ('cdata._M_real.V') on array 'windowed_V' [15]  (1.68 ns)

 <State 4>: 1.68ns
The critical path consists of the following:
	'load' operation ('cdata._M_real.V') on array 'windowed_V' [15]  (1.68 ns)

 <State 5>: 0ns
The critical path consists of the following:


============================================================
+ Verbose Summary: Binding
============================================================
N/A
* FSMD analyzer results:
  - Output states:
 - Input state : 
  - Chain level:
	State 1
	State 2
	State 3
	State 4
	State 5


============================================================
+ Verbose Summary: Datapath Resource usage 
============================================================
N/A
