

================================================================
== Vitis HLS Report for 'window_fn_ap_fixed_16_1_5_3_0_ap_fixed_16_1_5_3_0_ap_fixed_16_1_5_0_0_1024_2_2_s'
================================================================
* Date:           Sat Mar 26 21:15:22 2022

* Version:        2021.2 (Build 3367213 on Tue Oct 19 02:48:09 MDT 2021)
* Project:        fe_vhls_prj
* Solution:       IPXACTExport (Vivado IP Flow Target)
* Product family: zynq
* Target device:  xc7z020-clg484-1


================================================================
== Performance Estimates
================================================================
+ Timing: 
    * Summary: 
    +--------+---------+----------+------------+
    |  Clock |  Target | Estimated| Uncertainty|
    +--------+---------+----------+------------+
    |ap_clk  |  4.00 ns|  2.150 ns|     1.08 ns|
    +--------+---------+----------+------------+

+ Latency: 
    * Summary: 
    +---------+---------+----------+----------+-----+-----+------------------------------------------+
    |  Latency (cycles) |  Latency (absolute) |  Interval |                 Pipeline                 |
    |   min   |   max   |    min   |    max   | min | max |                   Type                   |
    +---------+---------+----------+----------+-----+-----+------------------------------------------+
    |      518|      519|  2.072 us|  2.076 us|  512|  512|  loop rewind stp(delay=1 clock cycles(s))|
    +---------+---------+----------+----------+-----+-----+------------------------------------------+

    + Detail: 
        * Instance: 
        N/A

        * Loop: 
        +----------------+---------+---------+----------+-----------+-----------+------+----------+
        |                |  Latency (cycles) | Iteration|  Initiation Interval  | Trip |          |
        |    Loop Name   |   min   |   max   |  Latency |  achieved |   target  | Count| Pipelined|
        +----------------+---------+---------+----------+-----------+-----------+------+----------+
        |- apply_win_fn  |      518|      518|         8|          1|          1|   512|       yes|
        +----------------+---------+---------+----------+-----------+-----------+------+----------+

============================================================
+ Verbose Summary: Synthesis Manager
============================================================
InlineROM: 1
ExposeGlobal: 0
============================================================
+ Verbose Summary: CDFG Model
============================================================
IsTopModel: 0
ResetActiveHigh: 1
IsCombinational: 2
IsDatapathOnly: 0
HasWiredReturn: 1
HasMFsm: 2
HasVarLatency: 1
IsPipeline: 0
IsRtlPipelined: 0
IsInstanceOverlapped: 0
IsDontTouch: 0
HasImplIP: 0
IsGatedGlobalClock: 0

+ Individual pipeline summary: 
  * Pipeline-0: initiation interval (II) = 1, depth = 8


============================================================
+ Verbose Summary: Schedule
============================================================
* Number of FSM states : 9
* Pipeline : 1
  Pipeline-0 : II = 1, D = 8, States = { 2 3 4 5 6 7 8 9 }
* Dataflow Pipeline: 0

* FSM state transitions: 
1 --> 2 
2 --> 3 
3 --> 4 
4 --> 5 
5 --> 6 
6 --> 7 
7 --> 8 
8 --> 9 
9 --> 2 

* FSM state operations: 

State 1 <SV = 0> <Delay = 1.58>
ST_1 : Operation 10 [1/1] (1.58ns)   --->   "%br_ln55 = br void %arrayidx5.0.0.012.case.0.split" [./window_fn.h:55]   --->   Operation 10 'br' 'br_ln55' <Predicate = true> <Delay = 1.58>

State 2 <SV = 1> <Delay = 1.73>
ST_2 : Operation 11 [1/1] (0.00ns)   --->   "%i33 = phi i10 0, void, i10 %trunc_ln55, void %arrayidx5.0.0.012.case.0.split, i10 0, void" [./window_fn.h:55]   --->   Operation 11 'phi' 'i33' <Predicate = true> <Delay = 0.00>
ST_2 : Operation 12 [1/1] (0.00ns)   --->   "%i33_cast = zext i10 %i33" [./window_fn.h:55]   --->   Operation 12 'zext' 'i33_cast' <Predicate = true> <Delay = 0.00>
ST_2 : Operation 13 [1/1] (0.00ns)   --->   "%lshr_ln = partselect i9 @_ssdm_op_PartSelect.i9.i10.i32.i32, i10 %i33, i32 1, i32 9"   --->   Operation 13 'partselect' 'lshr_ln' <Predicate = true> <Delay = 0.00>
ST_2 : Operation 14 [1/1] (0.00ns)   --->   "%zext_ln1169 = zext i9 %lshr_ln"   --->   Operation 14 'zext' 'zext_ln1169' <Predicate = true> <Delay = 0.00>
ST_2 : Operation 15 [1/1] (0.00ns)   --->   "%coeff_tab_0_addr = getelementptr i15 %coeff_tab_0, i64 0, i64 %zext_ln1169"   --->   Operation 15 'getelementptr' 'coeff_tab_0_addr' <Predicate = true> <Delay = 0.00>
ST_2 : Operation 16 [3/3] (1.68ns)   --->   "%r_V = load i9 %coeff_tab_0_addr"   --->   Operation 16 'load' 'r_V' <Predicate = true> <Delay = 1.68> <CoreInst = "ROM">   --->   Core 95 'ROM' <Latency = 2> <II = 1> <Delay = 1.68> <Storage> <Opcode : 'load'> <Ports = 0> <Width = 15> <Depth = 512> <ROM>
ST_2 : Operation 17 [1/1] (0.00ns)   --->   "%indata_0_addr = getelementptr i16 %indata_0, i64 0, i64 %zext_ln1169"   --->   Operation 17 'getelementptr' 'indata_0_addr' <Predicate = true> <Delay = 0.00>
ST_2 : Operation 18 [3/3] (1.68ns)   --->   "%indata_0_load = load i9 %indata_0_addr"   --->   Operation 18 'load' 'indata_0_load' <Predicate = true> <Delay = 1.68> <CoreInst = "RAM">   --->   Core 82 'RAM' <Latency = 2> <II = 1> <Delay = 1.68> <Storage> <Opcode : 'load' 'store'> <Ports = 2> <Width = 16> <Depth = 512> <RAM>
ST_2 : Operation 19 [1/1] (0.00ns)   --->   "%coeff_tab_1_addr = getelementptr i15 %coeff_tab_1, i64 0, i64 %zext_ln1169"   --->   Operation 19 'getelementptr' 'coeff_tab_1_addr' <Predicate = true> <Delay = 0.00>
ST_2 : Operation 20 [3/3] (1.68ns)   --->   "%r_V_2 = load i9 %coeff_tab_1_addr"   --->   Operation 20 'load' 'r_V_2' <Predicate = true> <Delay = 1.68> <CoreInst = "ROM">   --->   Core 95 'ROM' <Latency = 2> <II = 1> <Delay = 1.68> <Storage> <Opcode : 'load'> <Ports = 0> <Width = 15> <Depth = 512> <ROM>
ST_2 : Operation 21 [1/1] (0.00ns)   --->   "%indata_1_addr = getelementptr i16 %indata_1, i64 0, i64 %zext_ln1169"   --->   Operation 21 'getelementptr' 'indata_1_addr' <Predicate = true> <Delay = 0.00>
ST_2 : Operation 22 [3/3] (1.68ns)   --->   "%indata_1_load = load i9 %indata_1_addr"   --->   Operation 22 'load' 'indata_1_load' <Predicate = true> <Delay = 1.68> <CoreInst = "RAM">   --->   Core 82 'RAM' <Latency = 2> <II = 1> <Delay = 1.68> <Storage> <Opcode : 'load' 'store'> <Ports = 2> <Width = 16> <Depth = 512> <RAM>
ST_2 : Operation 23 [1/1] (1.73ns)   --->   "%i = add i11 %i33_cast, i11 2" [./window_fn.h:55]   --->   Operation 23 'add' 'i' <Predicate = true> <Delay = 1.73> <CoreInst = "Adder">   --->   Core 1 'Adder' <Latency = 0> <II = 1> <Delay = 1.73> <FuncUnit> <Opcode : 'add' 'sub'> <InPorts = 2> <OutPorts = 1>
ST_2 : Operation 24 [1/1] (0.00ns)   --->   "%trunc_ln55 = trunc i11 %i" [./window_fn.h:55]   --->   Operation 24 'trunc' 'trunc_ln55' <Predicate = true> <Delay = 0.00>
ST_2 : Operation 25 [1/1] (0.00ns)   --->   "%tmp = bitselect i1 @_ssdm_op_BitSelect.i1.i11.i32, i11 %i, i32 10" [./window_fn.h:55]   --->   Operation 25 'bitselect' 'tmp' <Predicate = true> <Delay = 0.00>
ST_2 : Operation 26 [1/1] (0.00ns)   --->   "%br_ln55 = br i1 %tmp, void %arrayidx5.0.0.012.case.0.split, void" [./window_fn.h:55]   --->   Operation 26 'br' 'br_ln55' <Predicate = true> <Delay = 0.00>
ST_2 : Operation 27 [1/1] (0.00ns)   --->   "%br_ln60 = br void %arrayidx5.0.0.012.case.0.split" [./window_fn.h:60]   --->   Operation 27 'br' 'br_ln60' <Predicate = (tmp)> <Delay = 0.00>

State 3 <SV = 2> <Delay = 1.68>
ST_3 : Operation 28 [2/3] (1.68ns)   --->   "%r_V = load i9 %coeff_tab_0_addr"   --->   Operation 28 'load' 'r_V' <Predicate = true> <Delay = 1.68> <CoreInst = "ROM">   --->   Core 95 'ROM' <Latency = 2> <II = 1> <Delay = 1.68> <Storage> <Opcode : 'load'> <Ports = 0> <Width = 15> <Depth = 512> <ROM>
ST_3 : Operation 29 [2/3] (1.68ns)   --->   "%indata_0_load = load i9 %indata_0_addr"   --->   Operation 29 'load' 'indata_0_load' <Predicate = true> <Delay = 1.68> <CoreInst = "RAM">   --->   Core 82 'RAM' <Latency = 2> <II = 1> <Delay = 1.68> <Storage> <Opcode : 'load' 'store'> <Ports = 2> <Width = 16> <Depth = 512> <RAM>
ST_3 : Operation 30 [2/3] (1.68ns)   --->   "%r_V_2 = load i9 %coeff_tab_1_addr"   --->   Operation 30 'load' 'r_V_2' <Predicate = true> <Delay = 1.68> <CoreInst = "ROM">   --->   Core 95 'ROM' <Latency = 2> <II = 1> <Delay = 1.68> <Storage> <Opcode : 'load'> <Ports = 0> <Width = 15> <Depth = 512> <ROM>
ST_3 : Operation 31 [2/3] (1.68ns)   --->   "%indata_1_load = load i9 %indata_1_addr"   --->   Operation 31 'load' 'indata_1_load' <Predicate = true> <Delay = 1.68> <CoreInst = "RAM">   --->   Core 82 'RAM' <Latency = 2> <II = 1> <Delay = 1.68> <Storage> <Opcode : 'load' 'store'> <Ports = 2> <Width = 16> <Depth = 512> <RAM>

State 4 <SV = 3> <Delay = 1.68>
ST_4 : Operation 32 [1/3] (1.68ns)   --->   "%r_V = load i9 %coeff_tab_0_addr"   --->   Operation 32 'load' 'r_V' <Predicate = true> <Delay = 1.68> <CoreInst = "ROM">   --->   Core 95 'ROM' <Latency = 2> <II = 1> <Delay = 1.68> <Storage> <Opcode : 'load'> <Ports = 0> <Width = 15> <Depth = 512> <ROM>
ST_4 : Operation 33 [1/3] (1.68ns)   --->   "%indata_0_load = load i9 %indata_0_addr"   --->   Operation 33 'load' 'indata_0_load' <Predicate = true> <Delay = 1.68> <CoreInst = "RAM">   --->   Core 82 'RAM' <Latency = 2> <II = 1> <Delay = 1.68> <Storage> <Opcode : 'load' 'store'> <Ports = 2> <Width = 16> <Depth = 512> <RAM>
ST_4 : Operation 34 [1/3] (1.68ns)   --->   "%r_V_2 = load i9 %coeff_tab_1_addr"   --->   Operation 34 'load' 'r_V_2' <Predicate = true> <Delay = 1.68> <CoreInst = "ROM">   --->   Core 95 'ROM' <Latency = 2> <II = 1> <Delay = 1.68> <Storage> <Opcode : 'load'> <Ports = 0> <Width = 15> <Depth = 512> <ROM>
ST_4 : Operation 35 [1/3] (1.68ns)   --->   "%indata_1_load = load i9 %indata_1_addr"   --->   Operation 35 'load' 'indata_1_load' <Predicate = true> <Delay = 1.68> <CoreInst = "RAM">   --->   Core 82 'RAM' <Latency = 2> <II = 1> <Delay = 1.68> <Storage> <Opcode : 'load' 'store'> <Ports = 2> <Width = 16> <Depth = 512> <RAM>

State 5 <SV = 4> <Delay = 2.15>
ST_5 : Operation 36 [1/1] (0.00ns)   --->   "%zext_ln1168 = zext i15 %r_V"   --->   Operation 36 'zext' 'zext_ln1168' <Predicate = true> <Delay = 0.00>
ST_5 : Operation 37 [1/1] (0.00ns)   --->   "%sext_ln1171 = sext i16 %indata_0_load"   --->   Operation 37 'sext' 'sext_ln1171' <Predicate = true> <Delay = 0.00>
ST_5 : Operation 38 [4/4] (2.15ns) (root node of the DSP)   --->   "%r_V_1 = mul i31 %sext_ln1171, i31 %zext_ln1168"   --->   Operation 38 'mul' 'r_V_1' <Predicate = true> <Delay = 2.15> <CoreInst = "DSP48">   --->   Core 119 'DSP48' <Latency = 3> <II = 1> <Delay = 2.15> <IPBlock> <Opcode : 'mul' 'add' 'sub' 'select'> <InPorts = 0> <OutPorts = 1> <Sync> <CReg>
ST_5 : Operation 39 [1/1] (0.00ns)   --->   "%zext_ln1168_1 = zext i15 %r_V_2"   --->   Operation 39 'zext' 'zext_ln1168_1' <Predicate = true> <Delay = 0.00>
ST_5 : Operation 40 [1/1] (0.00ns)   --->   "%sext_ln1171_1 = sext i16 %indata_1_load"   --->   Operation 40 'sext' 'sext_ln1171_1' <Predicate = true> <Delay = 0.00>
ST_5 : Operation 41 [4/4] (2.15ns) (root node of the DSP)   --->   "%r_V_3 = mul i31 %sext_ln1171_1, i31 %zext_ln1168_1"   --->   Operation 41 'mul' 'r_V_3' <Predicate = true> <Delay = 2.15> <CoreInst = "DSP48">   --->   Core 119 'DSP48' <Latency = 3> <II = 1> <Delay = 2.15> <IPBlock> <Opcode : 'mul' 'add' 'sub' 'select'> <InPorts = 0> <OutPorts = 1> <Sync> <CReg>

State 6 <SV = 5> <Delay = 2.15>
ST_6 : Operation 42 [3/4] (2.15ns) (root node of the DSP)   --->   "%r_V_1 = mul i31 %sext_ln1171, i31 %zext_ln1168"   --->   Operation 42 'mul' 'r_V_1' <Predicate = true> <Delay = 2.15> <CoreInst = "DSP48">   --->   Core 119 'DSP48' <Latency = 3> <II = 1> <Delay = 2.15> <IPBlock> <Opcode : 'mul' 'add' 'sub' 'select'> <InPorts = 0> <OutPorts = 1> <Sync> <CReg>
ST_6 : Operation 43 [3/4] (2.15ns) (root node of the DSP)   --->   "%r_V_3 = mul i31 %sext_ln1171_1, i31 %zext_ln1168_1"   --->   Operation 43 'mul' 'r_V_3' <Predicate = true> <Delay = 2.15> <CoreInst = "DSP48">   --->   Core 119 'DSP48' <Latency = 3> <II = 1> <Delay = 2.15> <IPBlock> <Opcode : 'mul' 'add' 'sub' 'select'> <InPorts = 0> <OutPorts = 1> <Sync> <CReg>

State 7 <SV = 6> <Delay = 2.15>
ST_7 : Operation 44 [2/4] (2.15ns) (root node of the DSP)   --->   "%r_V_1 = mul i31 %sext_ln1171, i31 %zext_ln1168"   --->   Operation 44 'mul' 'r_V_1' <Predicate = true> <Delay = 2.15> <CoreInst = "DSP48">   --->   Core 119 'DSP48' <Latency = 3> <II = 1> <Delay = 2.15> <IPBlock> <Opcode : 'mul' 'add' 'sub' 'select'> <InPorts = 0> <OutPorts = 1> <Sync> <CReg>
ST_7 : Operation 45 [2/4] (2.15ns) (root node of the DSP)   --->   "%r_V_3 = mul i31 %sext_ln1171_1, i31 %zext_ln1168_1"   --->   Operation 45 'mul' 'r_V_3' <Predicate = true> <Delay = 2.15> <CoreInst = "DSP48">   --->   Core 119 'DSP48' <Latency = 3> <II = 1> <Delay = 2.15> <IPBlock> <Opcode : 'mul' 'add' 'sub' 'select'> <InPorts = 0> <OutPorts = 1> <Sync> <CReg>

State 8 <SV = 7> <Delay = 0.00>
ST_8 : Operation 46 [1/4] (0.00ns) (root node of the DSP)   --->   "%r_V_1 = mul i31 %sext_ln1171, i31 %zext_ln1168"   --->   Operation 46 'mul' 'r_V_1' <Predicate = true> <Delay = 0.00> <CoreInst = "DSP48">   --->   Core 119 'DSP48' <Latency = 3> <II = 1> <Delay = 2.15> <IPBlock> <Opcode : 'mul' 'add' 'sub' 'select'> <InPorts = 0> <OutPorts = 1> <Sync> <CReg>
ST_8 : Operation 47 [1/1] (0.00ns)   --->   "%trunc_ln = partselect i16 @_ssdm_op_PartSelect.i16.i31.i32.i32, i31 %r_V_1, i32 15, i32 30"   --->   Operation 47 'partselect' 'trunc_ln' <Predicate = true> <Delay = 0.00>
ST_8 : Operation 48 [1/4] (0.00ns) (root node of the DSP)   --->   "%r_V_3 = mul i31 %sext_ln1171_1, i31 %zext_ln1168_1"   --->   Operation 48 'mul' 'r_V_3' <Predicate = true> <Delay = 0.00> <CoreInst = "DSP48">   --->   Core 119 'DSP48' <Latency = 3> <II = 1> <Delay = 2.15> <IPBlock> <Opcode : 'mul' 'add' 'sub' 'select'> <InPorts = 0> <OutPorts = 1> <Sync> <CReg>
ST_8 : Operation 49 [1/1] (0.00ns)   --->   "%trunc_ln717_1 = partselect i16 @_ssdm_op_PartSelect.i16.i31.i32.i32, i31 %r_V_3, i32 15, i32 30"   --->   Operation 49 'partselect' 'trunc_ln717_1' <Predicate = true> <Delay = 0.00>

State 9 <SV = 8> <Delay = 1.68>
ST_9 : Operation 50 [1/1] (0.00ns)   --->   "%empty = speclooptripcount i32 @_ssdm_op_SpecLoopTripCount, i64 512, i64 512, i64 512"   --->   Operation 50 'speclooptripcount' 'empty' <Predicate = true> <Delay = 0.00>
ST_9 : Operation 51 [1/1] (0.00ns)   --->   "%specpipeline_ln55 = specpipeline void @_ssdm_op_SpecPipeline, i32 4294967295, i32 0, i32 0, i32 0, void @empty_1" [./window_fn.h:55]   --->   Operation 51 'specpipeline' 'specpipeline_ln55' <Predicate = true> <Delay = 0.00>
ST_9 : Operation 52 [1/1] (0.00ns)   --->   "%specloopname_ln55 = specloopname void @_ssdm_op_SpecLoopName, void @empty_7" [./window_fn.h:55]   --->   Operation 52 'specloopname' 'specloopname_ln55' <Predicate = true> <Delay = 0.00>
ST_9 : Operation 53 [1/1] (0.00ns)   --->   "%outdata_0_addr = getelementptr i16 %outdata_0, i64 0, i64 %zext_ln1169" [./window_fn.h:58]   --->   Operation 53 'getelementptr' 'outdata_0_addr' <Predicate = true> <Delay = 0.00>
ST_9 : Operation 54 [1/1] (1.68ns)   --->   "%store_ln58 = store i16 %trunc_ln, i9 %outdata_0_addr" [./window_fn.h:58]   --->   Operation 54 'store' 'store_ln58' <Predicate = true> <Delay = 1.68> <CoreInst = "RAM">   --->   Core 82 'RAM' <Latency = 2> <II = 1> <Delay = 1.68> <Storage> <Opcode : 'load' 'store'> <Ports = 2> <Width = 16> <Depth = 512> <RAM>
ST_9 : Operation 55 [1/1] (0.00ns)   --->   "%outdata_1_addr = getelementptr i16 %outdata_1, i64 0, i64 %zext_ln1169" [./window_fn.h:58]   --->   Operation 55 'getelementptr' 'outdata_1_addr' <Predicate = true> <Delay = 0.00>
ST_9 : Operation 56 [1/1] (1.68ns)   --->   "%store_ln58 = store i16 %trunc_ln717_1, i9 %outdata_1_addr" [./window_fn.h:58]   --->   Operation 56 'store' 'store_ln58' <Predicate = true> <Delay = 1.68> <CoreInst = "RAM">   --->   Core 82 'RAM' <Latency = 2> <II = 1> <Delay = 1.68> <Storage> <Opcode : 'load' 'store'> <Ports = 2> <Width = 16> <Depth = 512> <RAM>
ST_9 : Operation 57 [1/1] (0.00ns)   --->   "%return_ln60 = return void @_ssdm_op_Return" [./window_fn.h:60]   --->   Operation 57 'return' 'return_ln60' <Predicate = (tmp)> <Delay = 0.00>


============================================================
+ Verbose Summary: Timing violations
============================================================
Target clock period: 4ns, clock uncertainty: 1.08ns.

 <State 1>: 1.59ns
The critical path consists of the following:
	multiplexor before 'phi' operation ('i33', ./window_fn.h:55) with incoming values : ('trunc_ln55', ./window_fn.h:55) [9]  (1.59 ns)

 <State 2>: 1.73ns
The critical path consists of the following:
	'phi' operation ('i33', ./window_fn.h:55) with incoming values : ('trunc_ln55', ./window_fn.h:55) [9]  (0 ns)
	'add' operation ('i', ./window_fn.h:55) [36]  (1.73 ns)

 <State 3>: 1.68ns
The critical path consists of the following:
	'load' operation ('r.V') on array 'coeff_tab_0' [17]  (1.68 ns)

 <State 4>: 1.68ns
The critical path consists of the following:
	'load' operation ('r.V') on array 'coeff_tab_0' [17]  (1.68 ns)

 <State 5>: 2.15ns
The critical path consists of the following:
	'mul' operation of DSP[22] ('r.V') [22]  (2.15 ns)

 <State 6>: 2.15ns
The critical path consists of the following:
	'mul' operation of DSP[22] ('r.V') [22]  (2.15 ns)

 <State 7>: 2.15ns
The critical path consists of the following:
	'mul' operation of DSP[22] ('r.V') [22]  (2.15 ns)

 <State 8>: 0ns
The critical path consists of the following:

 <State 9>: 1.68ns
The critical path consists of the following:
	'getelementptr' operation ('outdata_0_addr', ./window_fn.h:58) [24]  (0 ns)
	'store' operation ('store_ln58', ./window_fn.h:58) of variable 'trunc_ln' on array 'outdata_0' [25]  (1.68 ns)


============================================================
+ Verbose Summary: Binding
============================================================
N/A
* FSMD analyzer results:
  - Output states:
 - Input state : 
  - Chain level:
	State 1
	State 2
	State 3
	State 4
	State 5
	State 6
	State 7
	State 8
	State 9


============================================================
+ Verbose Summary: Datapath Resource usage 
============================================================
N/A
